{"/home/xkalp/Desktop/kalp's projects /learnDules/backend/src/app.js": {"path":"/home/xkalp/Desktop/kalp's projects /learnDules/backend/src/app.js","statementMap":{"0":{"start":{"line":6,"column":16},"end":{"line":6,"column":34}},"1":{"start":{"line":7,"column":13},"end":{"line":7,"column":28}},"2":{"start":{"line":8,"column":15},"end":{"line":8,"column":32}},"3":{"start":{"line":9,"column":15},"end":{"line":9,"column":32}},"4":{"start":{"line":10,"column":18},"end":{"line":10,"column":47}},"5":{"start":{"line":11,"column":19},"end":{"line":11,"column":49}},"6":{"start":{"line":13,"column":15},"end":{"line":13,"column":38}},"7":{"start":{"line":14,"column":28},"end":{"line":14,"column":50}},"8":{"start":{"line":15,"column":25},"end":{"line":15,"column":50}},"9":{"start":{"line":16,"column":17},"end":{"line":16,"column":45}},"10":{"start":{"line":17,"column":42},"end":{"line":17,"column":83}},"11":{"start":{"line":20,"column":19},"end":{"line":20,"column":50}},"12":{"start":{"line":21,"column":19},"end":{"line":21,"column":50}},"13":{"start":{"line":22,"column":20},"end":{"line":22,"column":53}},"14":{"start":{"line":23,"column":23},"end":{"line":23,"column":58}},"15":{"start":{"line":24,"column":26},"end":{"line":24,"column":65}},"16":{"start":{"line":25,"column":24},"end":{"line":25,"column":61}},"17":{"start":{"line":26,"column":22},"end":{"line":26,"column":57}},"18":{"start":{"line":27,"column":26},"end":{"line":27,"column":64}},"19":{"start":{"line":28,"column":27},"end":{"line":28,"column":66}},"20":{"start":{"line":29,"column":20},"end":{"line":29,"column":52}},"21":{"start":{"line":30,"column":29},"end":{"line":30,"column":70}},"22":{"start":{"line":31,"column":24},"end":{"line":31,"column":60}},"23":{"start":{"line":32,"column":19},"end":{"line":32,"column":50}},"24":{"start":{"line":33,"column":19},"end":{"line":33,"column":50}},"25":{"start":{"line":34,"column":19},"end":{"line":34,"column":50}},"26":{"start":{"line":35,"column":21},"end":{"line":35,"column":54}},"27":{"start":{"line":36,"column":19},"end":{"line":36,"column":50}},"28":{"start":{"line":37,"column":20},"end":{"line":37,"column":52}},"29":{"start":{"line":44,"column":14},"end":{"line":44,"column":23}},"30":{"start":{"line":46,"column":25},"end":{"line":49,"column":20}},"31":{"start":{"line":48,"column":21},"end":{"line":48,"column":34}},"32":{"start":{"line":50,"column":26},"end":{"line":50,"column":54}},"33":{"start":{"line":52,"column":4},"end":{"line":53,"column":37}},"34":{"start":{"line":56,"column":2},"end":{"line":56,"column":28}},"35":{"start":{"line":59,"column":28},"end":{"line":69,"column":4}},"36":{"start":{"line":70,"column":2},"end":{"line":70,"column":29}},"37":{"start":{"line":73,"column":2},"end":{"line":73,"column":33}},"38":{"start":{"line":76,"column":2},"end":{"line":86,"column":6}},"39":{"start":{"line":89,"column":2},"end":{"line":108,"column":6}},"40":{"start":{"line":92,"column":6},"end":{"line":92,"column":47}},"41":{"start":{"line":92,"column":19},"end":{"line":92,"column":47}},"42":{"start":{"line":95,"column":6},"end":{"line":97,"column":7}},"43":{"start":{"line":96,"column":8},"end":{"line":96,"column":36}},"44":{"start":{"line":99,"column":6},"end":{"line":101,"column":7}},"45":{"start":{"line":100,"column":8},"end":{"line":100,"column":36}},"46":{"start":{"line":103,"column":6},"end":{"line":103,"column":35}},"47":{"start":{"line":111,"column":22},"end":{"line":120,"column":4}},"48":{"start":{"line":121,"column":2},"end":{"line":121,"column":36}},"49":{"start":{"line":124,"column":18},"end":{"line":133,"column":4}},"50":{"start":{"line":134,"column":2},"end":{"line":134,"column":27}},"51":{"start":{"line":137,"column":2},"end":{"line":141,"column":3}},"52":{"start":{"line":138,"column":4},"end":{"line":138,"column":27}},"53":{"start":{"line":140,"column":4},"end":{"line":140,"column":32}},"54":{"start":{"line":144,"column":2},"end":{"line":144,"column":43}},"55":{"start":{"line":145,"column":2},"end":{"line":145,"column":65}},"56":{"start":{"line":148,"column":15},"end":{"line":148,"column":30}},"57":{"start":{"line":149,"column":2},"end":{"line":149,"column":74}},"58":{"start":{"line":152,"column":2},"end":{"line":152,"column":56}},"59":{"start":{"line":155,"column":2},"end":{"line":164,"column":5}},"60":{"start":{"line":156,"column":4},"end":{"line":163,"column":7}},"61":{"start":{"line":167,"column":2},"end":{"line":176,"column":5}},"62":{"start":{"line":168,"column":4},"end":{"line":170,"column":5}},"63":{"start":{"line":169,"column":6},"end":{"line":169,"column":76}},"64":{"start":{"line":171,"column":36},"end":{"line":171,"column":60}},"65":{"start":{"line":172,"column":15},"end":{"line":172,"column":42}},"66":{"start":{"line":174,"column":19},"end":{"line":174,"column":68}},"67":{"start":{"line":175,"column":4},"end":{"line":175,"column":107}},"68":{"start":{"line":179,"column":2},"end":{"line":207,"column":5}},"69":{"start":{"line":180,"column":4},"end":{"line":206,"column":7}},"70":{"start":{"line":210,"column":2},"end":{"line":210,"column":35}},"71":{"start":{"line":211,"column":2},"end":{"line":211,"column":36}},"72":{"start":{"line":212,"column":2},"end":{"line":212,"column":38}},"73":{"start":{"line":213,"column":2},"end":{"line":213,"column":44}},"74":{"start":{"line":214,"column":2},"end":{"line":214,"column":51}},"75":{"start":{"line":215,"column":2},"end":{"line":215,"column":46}},"76":{"start":{"line":216,"column":2},"end":{"line":216,"column":42}},"77":{"start":{"line":217,"column":2},"end":{"line":217,"column":49}},"78":{"start":{"line":218,"column":2},"end":{"line":218,"column":52}},"79":{"start":{"line":219,"column":2},"end":{"line":219,"column":37}},"80":{"start":{"line":220,"column":2},"end":{"line":220,"column":56}},"81":{"start":{"line":221,"column":2},"end":{"line":221,"column":44}},"82":{"start":{"line":222,"column":2},"end":{"line":222,"column":35}},"83":{"start":{"line":223,"column":2},"end":{"line":223,"column":36}},"84":{"start":{"line":224,"column":2},"end":{"line":224,"column":35}},"85":{"start":{"line":225,"column":2},"end":{"line":225,"column":40}},"86":{"start":{"line":226,"column":2},"end":{"line":226,"column":35}},"87":{"start":{"line":227,"column":2},"end":{"line":227,"column":37}},"88":{"start":{"line":231,"column":2},"end":{"line":231,"column":27}},"89":{"start":{"line":234,"column":2},"end":{"line":234,"column":24}},"90":{"start":{"line":236,"column":2},"end":{"line":236,"column":13}},"91":{"start":{"line":244,"column":2},"end":{"line":261,"column":3}},"92":{"start":{"line":245,"column":4},"end":{"line":245,"column":57}},"93":{"start":{"line":248,"column":4},"end":{"line":248,"column":28}},"94":{"start":{"line":251,"column":4},"end":{"line":251,"column":25}},"95":{"start":{"line":254,"column":16},"end":{"line":254,"column":27}},"96":{"start":{"line":256,"column":4},"end":{"line":256,"column":58}},"97":{"start":{"line":257,"column":4},"end":{"line":257,"column":15}},"98":{"start":{"line":259,"column":4},"end":{"line":259,"column":64}},"99":{"start":{"line":260,"column":4},"end":{"line":260,"column":20}},"100":{"start":{"line":264,"column":0},"end":{"line":267,"column":2}}},"fnMap":{"0":{"name":"createApp","decl":{"start":{"line":43,"column":9},"end":{"line":43,"column":18}},"loc":{"start":{"line":43,"column":21},"end":{"line":237,"column":1}},"line":43},"1":{"name":"(anonymous_1)","decl":{"start":{"line":48,"column":9},"end":{"line":48,"column":10}},"loc":{"start":{"line":48,"column":21},"end":{"line":48,"column":34}},"line":48},"2":{"name":"(anonymous_2)","decl":{"start":{"line":90,"column":12},"end":{"line":90,"column":13}},"loc":{"start":{"line":90,"column":40},"end":{"line":104,"column":5}},"line":90},"3":{"name":"(anonymous_3)","decl":{"start":{"line":155,"column":15},"end":{"line":155,"column":16}},"loc":{"start":{"line":155,"column":29},"end":{"line":164,"column":3}},"line":155},"4":{"name":"(anonymous_4)","decl":{"start":{"line":167,"column":29},"end":{"line":167,"column":30}},"loc":{"start":{"line":167,"column":49},"end":{"line":176,"column":3}},"line":167},"5":{"name":"(anonymous_5)","decl":{"start":{"line":179,"column":18},"end":{"line":179,"column":19}},"loc":{"start":{"line":179,"column":32},"end":{"line":207,"column":3}},"line":179},"6":{"name":"initializeApp","decl":{"start":{"line":243,"column":15},"end":{"line":243,"column":28}},"loc":{"start":{"line":243,"column":31},"end":{"line":262,"column":1}},"line":243}},"branchMap":{"0":{"loc":{"start":{"line":46,"column":26},"end":{"line":46,"column":50}},"type":"binary-expr","locations":[{"start":{"line":46,"column":26},"end":{"line":46,"column":44}},{"start":{"line":46,"column":48},"end":{"line":46,"column":50}}],"line":46},"1":{"loc":{"start":{"line":52,"column":4},"end":{"line":53,"column":37}},"type":"binary-expr","locations":[{"start":{"line":52,"column":4},"end":{"line":52,"column":53}},{"start":{"line":53,"column":4},"end":{"line":53,"column":37}}],"line":52},"2":{"loc":{"start":{"line":92,"column":6},"end":{"line":92,"column":47}},"type":"if","locations":[{"start":{"line":92,"column":6},"end":{"line":92,"column":47}},{"start":{},"end":{}}],"line":92},"3":{"loc":{"start":{"line":95,"column":6},"end":{"line":97,"column":7}},"type":"if","locations":[{"start":{"line":95,"column":6},"end":{"line":97,"column":7}},{"start":{},"end":{}}],"line":95},"4":{"loc":{"start":{"line":99,"column":6},"end":{"line":101,"column":7}},"type":"if","locations":[{"start":{"line":99,"column":6},"end":{"line":101,"column":7}},{"start":{},"end":{}}],"line":99},"5":{"loc":{"start":{"line":137,"column":2},"end":{"line":141,"column":3}},"type":"if","locations":[{"start":{"line":137,"column":2},"end":{"line":141,"column":3}},{"start":{"line":139,"column":9},"end":{"line":141,"column":3}}],"line":137},"6":{"loc":{"start":{"line":159,"column":15},"end":{"line":159,"column":57}},"type":"binary-expr","locations":[{"start":{"line":159,"column":15},"end":{"line":159,"column":46}},{"start":{"line":159,"column":50},"end":{"line":159,"column":57}}],"line":159},"7":{"loc":{"start":{"line":168,"column":4},"end":{"line":170,"column":5}},"type":"if","locations":[{"start":{"line":168,"column":4},"end":{"line":170,"column":5}},{"start":{},"end":{}}],"line":168},"8":{"loc":{"start":{"line":172,"column":15},"end":{"line":172,"column":42}},"type":"binary-expr","locations":[{"start":{"line":172,"column":15},"end":{"line":172,"column":37}},{"start":{"line":172,"column":41},"end":{"line":172,"column":42}}],"line":172},"9":{"loc":{"start":{"line":175,"column":63},"end":{"line":175,"column":100}},"type":"binary-expr","locations":[{"start":{"line":175,"column":63},"end":{"line":175,"column":73}},{"start":{"line":175,"column":77},"end":{"line":175,"column":100}}],"line":175}},"s":{"0":7,"1":7,"2":7,"3":7,"4":7,"5":7,"6":7,"7":7,"8":7,"9":7,"10":7,"11":7,"12":7,"13":7,"14":7,"15":7,"16":7,"17":7,"18":7,"19":7,"20":7,"21":7,"22":7,"23":7,"24":7,"25":7,"26":7,"27":7,"28":7,"29":7,"30":7,"31":14,"32":7,"33":7,"34":7,"35":7,"36":7,"37":7,"38":7,"39":7,"40":9,"41":9,"42":0,"43":0,"44":0,"45":0,"46":0,"47":7,"48":7,"49":7,"50":7,"51":7,"52":0,"53":7,"54":7,"55":7,"56":7,"57":7,"58":7,"59":7,"60":1,"61":7,"62":1,"63":1,"64":0,"65":0,"66":0,"67":0,"68":7,"69":1,"70":7,"71":7,"72":7,"73":7,"74":7,"75":7,"76":7,"77":7,"78":7,"79":7,"80":7,"81":7,"82":7,"83":7,"84":7,"85":7,"86":7,"87":7,"88":7,"89":7,"90":7,"91":0,"92":0,"93":0,"94":0,"95":0,"96":0,"97":0,"98":0,"99":0,"100":7},"f":{"0":7,"1":14,"2":9,"3":1,"4":1,"5":1,"6":0},"b":{"0":[7,0],"1":[7,0],"2":[9,0],"3":[0,0],"4":[0,0],"5":[0,7],"6":[1,0],"7":[1,0],"8":[0,0],"9":[0,0]},"_coverageSchema":"1a1c01bbd47fc00a2c39e90264f33305004495a9","hash":"c69266f111863c7c4575012de9294cd0b2b23eea"}
,"/home/xkalp/Desktop/kalp's projects /learnDules/backend/src/config/cloudinary.js": {"path":"/home/xkalp/Desktop/kalp's projects /learnDules/backend/src/config/cloudinary.js","statementMap":{"0":{"start":{"line":6,"column":19},"end":{"line":6,"column":43}},"1":{"start":{"line":7,"column":15},"end":{"line":7,"column":31}},"2":{"start":{"line":10,"column":0},"end":{"line":14,"column":3}},"3":{"start":{"line":24,"column":2},"end":{"line":46,"column":5}},"4":{"start":{"line":25,"column":25},"end":{"line":43,"column":5}},"5":{"start":{"line":37,"column":8},"end":{"line":41,"column":9}},"6":{"start":{"line":38,"column":10},"end":{"line":38,"column":24}},"7":{"start":{"line":40,"column":10},"end":{"line":40,"column":26}},"8":{"start":{"line":45,"column":4},"end":{"line":45,"column":33}},"9":{"start":{"line":55,"column":2},"end":{"line":60,"column":3}},"10":{"start":{"line":56,"column":4},"end":{"line":56,"column":55}},"11":{"start":{"line":58,"column":4},"end":{"line":58,"column":66}},"12":{"start":{"line":59,"column":4},"end":{"line":59,"column":16}},"13":{"start":{"line":69,"column":2},"end":{"line":71,"column":3}},"14":{"start":{"line":70,"column":4},"end":{"line":70,"column":16}},"15":{"start":{"line":73,"column":2},"end":{"line":87,"column":3}},"16":{"start":{"line":74,"column":21},"end":{"line":74,"column":35}},"17":{"start":{"line":75,"column":24},"end":{"line":75,"column":69}},"18":{"start":{"line":75,"column":51},"end":{"line":75,"column":68}},"19":{"start":{"line":76,"column":4},"end":{"line":76,"column":40}},"20":{"start":{"line":76,"column":28},"end":{"line":76,"column":40}},"21":{"start":{"line":79,"column":22},"end":{"line":79,"column":53}},"22":{"start":{"line":80,"column":21},"end":{"line":80,"column":40}},"23":{"start":{"line":83,"column":4},"end":{"line":83,"column":45}},"24":{"start":{"line":85,"column":4},"end":{"line":85,"column":56}},"25":{"start":{"line":86,"column":4},"end":{"line":86,"column":16}},"26":{"start":{"line":90,"column":0},"end":{"line":95,"column":2}}},"fnMap":{"0":{"name":"uploadImage","decl":{"start":{"line":23,"column":15},"end":{"line":23,"column":26}},"loc":{"start":{"line":23,"column":76},"end":{"line":47,"column":1}},"line":23},"1":{"name":"(anonymous_1)","decl":{"start":{"line":24,"column":21},"end":{"line":24,"column":22}},"loc":{"start":{"line":24,"column":42},"end":{"line":46,"column":3}},"line":24},"2":{"name":"(anonymous_2)","decl":{"start":{"line":36,"column":6},"end":{"line":36,"column":7}},"loc":{"start":{"line":36,"column":25},"end":{"line":42,"column":7}},"line":36},"3":{"name":"deleteImage","decl":{"start":{"line":54,"column":15},"end":{"line":54,"column":26}},"loc":{"start":{"line":54,"column":37},"end":{"line":61,"column":1}},"line":54},"4":{"name":"extractPublicId","decl":{"start":{"line":68,"column":9},"end":{"line":68,"column":24}},"loc":{"start":{"line":68,"column":30},"end":{"line":88,"column":1}},"line":68},"5":{"name":"(anonymous_5)","decl":{"start":{"line":75,"column":43},"end":{"line":75,"column":44}},"loc":{"start":{"line":75,"column":51},"end":{"line":75,"column":68}},"line":75}},"branchMap":{"0":{"loc":{"start":{"line":23,"column":39},"end":{"line":23,"column":57}},"type":"default-arg","locations":[{"start":{"line":23,"column":48},"end":{"line":23,"column":57}}],"line":23},"1":{"loc":{"start":{"line":23,"column":59},"end":{"line":23,"column":74}},"type":"default-arg","locations":[{"start":{"line":23,"column":70},"end":{"line":23,"column":74}}],"line":23},"2":{"loc":{"start":{"line":37,"column":8},"end":{"line":41,"column":9}},"type":"if","locations":[{"start":{"line":37,"column":8},"end":{"line":41,"column":9}},{"start":{"line":39,"column":15},"end":{"line":41,"column":9}}],"line":37},"3":{"loc":{"start":{"line":69,"column":2},"end":{"line":71,"column":3}},"type":"if","locations":[{"start":{"line":69,"column":2},"end":{"line":71,"column":3}},{"start":{},"end":{}}],"line":69},"4":{"loc":{"start":{"line":69,"column":6},"end":{"line":69,"column":45}},"type":"binary-expr","locations":[{"start":{"line":69,"column":6},"end":{"line":69,"column":10}},{"start":{"line":69,"column":14},"end":{"line":69,"column":45}}],"line":69},"5":{"loc":{"start":{"line":76,"column":4},"end":{"line":76,"column":40}},"type":"if","locations":[{"start":{"line":76,"column":4},"end":{"line":76,"column":40}},{"start":{},"end":{}}],"line":76}},"s":{"0":7,"1":7,"2":7,"3":0,"4":0,"5":0,"6":0,"7":0,"8":0,"9":0,"10":0,"11":0,"12":0,"13":0,"14":0,"15":0,"16":0,"17":0,"18":0,"19":0,"20":0,"21":0,"22":0,"23":0,"24":0,"25":0,"26":7},"f":{"0":0,"1":0,"2":0,"3":0,"4":0,"5":0},"b":{"0":[0],"1":[0],"2":[0,0],"3":[0,0],"4":[0,0],"5":[0,0]},"_coverageSchema":"1a1c01bbd47fc00a2c39e90264f33305004495a9","hash":"ed26dce29a2f0cec1c6f04ce79bb3bf17ec95fa5"}
,"/home/xkalp/Desktop/kalp's projects /learnDules/backend/src/config/db.js": {"path":"/home/xkalp/Desktop/kalp's projects /learnDules/backend/src/config/db.js","statementMap":{"0":{"start":{"line":6,"column":25},"end":{"line":6,"column":50}},"1":{"start":{"line":7,"column":15},"end":{"line":7,"column":31}},"2":{"start":{"line":10,"column":15},"end":{"line":13,"column":2}},"3":{"start":{"line":20,"column":2},"end":{"line":30,"column":3}},"4":{"start":{"line":21,"column":4},"end":{"line":21,"column":28}},"5":{"start":{"line":22,"column":4},"end":{"line":22,"column":53}},"6":{"start":{"line":25,"column":4},"end":{"line":25,"column":37}},"7":{"start":{"line":26,"column":4},"end":{"line":26,"column":53}},"8":{"start":{"line":28,"column":4},"end":{"line":28,"column":58}},"9":{"start":{"line":29,"column":4},"end":{"line":29,"column":20}},"10":{"start":{"line":38,"column":2},"end":{"line":43,"column":3}},"11":{"start":{"line":39,"column":4},"end":{"line":39,"column":31}},"12":{"start":{"line":40,"column":4},"end":{"line":40,"column":56}},"13":{"start":{"line":42,"column":4},"end":{"line":42,"column":61}},"14":{"start":{"line":49,"column":0},"end":{"line":51,"column":3}},"15":{"start":{"line":50,"column":2},"end":{"line":50,"column":42}},"16":{"start":{"line":54,"column":0},"end":{"line":56,"column":3}},"17":{"start":{"line":55,"column":2},"end":{"line":55,"column":29}},"18":{"start":{"line":58,"column":0},"end":{"line":62,"column":3}},"19":{"start":{"line":59,"column":2},"end":{"line":59,"column":64}},"20":{"start":{"line":60,"column":2},"end":{"line":60,"column":29}},"21":{"start":{"line":61,"column":2},"end":{"line":61,"column":18}},"22":{"start":{"line":64,"column":0},"end":{"line":68,"column":3}},"23":{"start":{"line":65,"column":2},"end":{"line":65,"column":65}},"24":{"start":{"line":66,"column":2},"end":{"line":66,"column":29}},"25":{"start":{"line":67,"column":2},"end":{"line":67,"column":18}},"26":{"start":{"line":70,"column":0},"end":{"line":74,"column":2}}},"fnMap":{"0":{"name":"connectDatabase","decl":{"start":{"line":19,"column":15},"end":{"line":19,"column":30}},"loc":{"start":{"line":19,"column":33},"end":{"line":31,"column":1}},"line":19},"1":{"name":"disconnectDatabase","decl":{"start":{"line":37,"column":15},"end":{"line":37,"column":33}},"loc":{"start":{"line":37,"column":36},"end":{"line":44,"column":1}},"line":37},"2":{"name":"(anonymous_2)","decl":{"start":{"line":49,"column":20},"end":{"line":49,"column":21}},"loc":{"start":{"line":49,"column":31},"end":{"line":51,"column":1}},"line":49},"3":{"name":"(anonymous_3)","decl":{"start":{"line":54,"column":25},"end":{"line":54,"column":26}},"loc":{"start":{"line":54,"column":37},"end":{"line":56,"column":1}},"line":54},"4":{"name":"(anonymous_4)","decl":{"start":{"line":58,"column":21},"end":{"line":58,"column":22}},"loc":{"start":{"line":58,"column":33},"end":{"line":62,"column":1}},"line":58},"5":{"name":"(anonymous_5)","decl":{"start":{"line":64,"column":22},"end":{"line":64,"column":23}},"loc":{"start":{"line":64,"column":34},"end":{"line":68,"column":1}},"line":64}},"branchMap":{"0":{"loc":{"start":{"line":11,"column":7},"end":{"line":11,"column":89}},"type":"cond-expr","locations":[{"start":{"line":11,"column":43},"end":{"line":11,"column":77}},{"start":{"line":11,"column":80},"end":{"line":11,"column":89}}],"line":11}},"s":{"0":9,"1":9,"2":9,"3":0,"4":0,"5":0,"6":0,"7":0,"8":0,"9":0,"10":0,"11":0,"12":0,"13":0,"14":9,"15":0,"16":9,"17":0,"18":9,"19":0,"20":0,"21":0,"22":9,"23":0,"24":0,"25":0,"26":9},"f":{"0":0,"1":0,"2":0,"3":0,"4":0,"5":0},"b":{"0":[0,9]},"_coverageSchema":"1a1c01bbd47fc00a2c39e90264f33305004495a9","hash":"e6d99177d7b4771af9e45c7ad84d671841e19677"}
,"/home/xkalp/Desktop/kalp's projects /learnDules/backend/src/config/env.js": {"path":"/home/xkalp/Desktop/kalp's projects /learnDules/backend/src/config/env.js","statementMap":{"0":{"start":{"line":6,"column":15},"end":{"line":6,"column":32}},"1":{"start":{"line":11,"column":0},"end":{"line":11,"column":16}},"2":{"start":{"line":15,"column":16},"end":{"line":15,"column":33}},"3":{"start":{"line":16,"column":2},"end":{"line":18,"column":3}},"4":{"start":{"line":17,"column":4},"end":{"line":17,"column":72}},"5":{"start":{"line":19,"column":2},"end":{"line":19,"column":15}},"6":{"start":{"line":24,"column":16},"end":{"line":24,"column":33}},"7":{"start":{"line":25,"column":2},"end":{"line":25,"column":46}},"8":{"start":{"line":28,"column":15},"end":{"line":86,"column":1}},"9":{"start":{"line":89,"column":0},"end":{"line":95,"column":1}},"10":{"start":{"line":90,"column":2},"end":{"line":90,"column":39}},"11":{"start":{"line":91,"column":2},"end":{"line":91,"column":48}},"12":{"start":{"line":92,"column":2},"end":{"line":92,"column":40}},"13":{"start":{"line":93,"column":2},"end":{"line":93,"column":76}},"14":{"start":{"line":94,"column":2},"end":{"line":94,"column":72}},"15":{"start":{"line":97,"column":0},"end":{"line":97,"column":24}}},"fnMap":{"0":{"name":"requireEnv","decl":{"start":{"line":14,"column":9},"end":{"line":14,"column":19}},"loc":{"start":{"line":14,"column":26},"end":{"line":20,"column":1}},"line":14},"1":{"name":"optionalNumber","decl":{"start":{"line":23,"column":9},"end":{"line":23,"column":23}},"loc":{"start":{"line":23,"column":44},"end":{"line":26,"column":1}},"line":23}},"branchMap":{"0":{"loc":{"start":{"line":16,"column":2},"end":{"line":18,"column":3}},"type":"if","locations":[{"start":{"line":16,"column":2},"end":{"line":18,"column":3}},{"start":{},"end":{}}],"line":16},"1":{"loc":{"start":{"line":25,"column":9},"end":{"line":25,"column":45}},"type":"cond-expr","locations":[{"start":{"line":25,"column":17},"end":{"line":25,"column":30}},{"start":{"line":25,"column":33},"end":{"line":25,"column":45}}],"line":25},"2":{"loc":{"start":{"line":32,"column":12},"end":{"line":32,"column":49}},"type":"binary-expr","locations":[{"start":{"line":32,"column":12},"end":{"line":32,"column":32}},{"start":{"line":32,"column":36},"end":{"line":32,"column":49}}],"line":32},"3":{"loc":{"start":{"line":33,"column":8},"end":{"line":33,"column":40}},"type":"binary-expr","locations":[{"start":{"line":33,"column":8},"end":{"line":33,"column":32}},{"start":{"line":33,"column":36},"end":{"line":33,"column":40}}],"line":33},"4":{"loc":{"start":{"line":46,"column":14},"end":{"line":46,"column":45}},"type":"binary-expr","locations":[{"start":{"line":46,"column":14},"end":{"line":46,"column":36}},{"start":{"line":46,"column":40},"end":{"line":46,"column":45}}],"line":46},"5":{"loc":{"start":{"line":47,"column":22},"end":{"line":47,"column":60}},"type":"binary-expr","locations":[{"start":{"line":47,"column":22},"end":{"line":47,"column":52}},{"start":{"line":47,"column":56},"end":{"line":47,"column":60}}],"line":47},"6":{"loc":{"start":{"line":52,"column":14},"end":{"line":52,"column":44}},"type":"binary-expr","locations":[{"start":{"line":52,"column":14},"end":{"line":52,"column":36}},{"start":{"line":52,"column":40},"end":{"line":52,"column":44}}],"line":52},"7":{"loc":{"start":{"line":53,"column":14},"end":{"line":53,"column":76}},"type":"cond-expr","locations":[{"start":{"line":53,"column":39},"end":{"line":53,"column":69}},{"start":{"line":53,"column":72},"end":{"line":53,"column":76}}],"line":53},"8":{"loc":{"start":{"line":54,"column":18},"end":{"line":54,"column":52}},"type":"binary-expr","locations":[{"start":{"line":54,"column":18},"end":{"line":54,"column":44}},{"start":{"line":54,"column":48},"end":{"line":54,"column":52}}],"line":54},"9":{"loc":{"start":{"line":55,"column":12},"end":{"line":55,"column":67}},"type":"cond-expr","locations":[{"start":{"line":55,"column":35},"end":{"line":55,"column":63}},{"start":{"line":55,"column":66},"end":{"line":55,"column":67}}],"line":55},"10":{"loc":{"start":{"line":60,"column":15},"end":{"line":60,"column":45}},"type":"binary-expr","locations":[{"start":{"line":60,"column":15},"end":{"line":60,"column":38}},{"start":{"line":60,"column":42},"end":{"line":60,"column":45}}],"line":60},"11":{"loc":{"start":{"line":77,"column":19},"end":{"line":77,"column":54}},"type":"binary-expr","locations":[{"start":{"line":77,"column":19},"end":{"line":77,"column":46}},{"start":{"line":77,"column":50},"end":{"line":77,"column":54}}],"line":77},"12":{"loc":{"start":{"line":78,"column":28},"end":{"line":78,"column":84}},"type":"binary-expr","locations":[{"start":{"line":78,"column":28},"end":{"line":78,"column":64}},{"start":{"line":78,"column":68},"end":{"line":78,"column":84}}],"line":78},"13":{"loc":{"start":{"line":83,"column":25},"end":{"line":83,"column":66}},"type":"binary-expr","locations":[{"start":{"line":83,"column":25},"end":{"line":83,"column":58}},{"start":{"line":83,"column":62},"end":{"line":83,"column":66}}],"line":83},"14":{"loc":{"start":{"line":84,"column":22},"end":{"line":84,"column":60}},"type":"binary-expr","locations":[{"start":{"line":84,"column":22},"end":{"line":84,"column":52}},{"start":{"line":84,"column":56},"end":{"line":84,"column":60}}],"line":84},"15":{"loc":{"start":{"line":85,"column":25},"end":{"line":85,"column":66}},"type":"binary-expr","locations":[{"start":{"line":85,"column":25},"end":{"line":85,"column":58}},{"start":{"line":85,"column":62},"end":{"line":85,"column":66}}],"line":85},"16":{"loc":{"start":{"line":89,"column":0},"end":{"line":95,"column":1}},"type":"if","locations":[{"start":{"line":89,"column":0},"end":{"line":95,"column":1}},{"start":{},"end":{}}],"line":89},"17":{"loc":{"start":{"line":93,"column":33},"end":{"line":93,"column":72}},"type":"cond-expr","locations":[{"start":{"line":93,"column":55},"end":{"line":93,"column":60}},{"start":{"line":93,"column":63},"end":{"line":93,"column":72}}],"line":93},"18":{"loc":{"start":{"line":94,"column":26},"end":{"line":94,"column":68}},"type":"cond-expr","locations":[{"start":{"line":94,"column":46},"end":{"line":94,"column":55}},{"start":{"line":94,"column":58},"end":{"line":94,"column":68}}],"line":94}},"s":{"0":9,"1":9,"2":36,"3":36,"4":0,"5":36,"6":27,"7":27,"8":9,"9":9,"10":9,"11":9,"12":9,"13":9,"14":9,"15":9},"f":{"0":36,"1":27},"b":{"0":[0,36],"1":[0,27],"2":[9,0],"3":[9,0],"4":[9,0],"5":[9,0],"6":[9,0],"7":[9,0],"8":[9,9],"9":[9,0],"10":[9,0],"11":[9,0],"12":[9,0],"13":[9,9],"14":[9,9],"15":[9,9],"16":[9,0],"17":[9,0],"18":[9,0]},"_coverageSchema":"1a1c01bbd47fc00a2c39e90264f33305004495a9","hash":"4e8e6875f13a8fab935283f021bcd438b48f64ed"}
,"/home/xkalp/Desktop/kalp's projects /learnDules/backend/src/config/passport.js": {"path":"/home/xkalp/Desktop/kalp's projects /learnDules/backend/src/config/passport.js","statementMap":{"0":{"start":{"line":1,"column":17},"end":{"line":1,"column":36}},"1":{"start":{"line":2,"column":19},"end":{"line":2,"column":34}},"2":{"start":{"line":3,"column":15},"end":{"line":3,"column":31}},"3":{"start":{"line":5,"column":0},"end":{"line":7,"column":3}},"4":{"start":{"line":6,"column":2},"end":{"line":6,"column":22}},"5":{"start":{"line":9,"column":0},"end":{"line":16,"column":3}},"6":{"start":{"line":10,"column":2},"end":{"line":15,"column":3}},"7":{"start":{"line":11,"column":17},"end":{"line":11,"column":64}},"8":{"start":{"line":12,"column":4},"end":{"line":12,"column":21}},"9":{"start":{"line":14,"column":4},"end":{"line":14,"column":22}},"10":{"start":{"line":22,"column":0},"end":{"line":22,"column":26}}},"fnMap":{"0":{"name":"(anonymous_0)","decl":{"start":{"line":5,"column":23},"end":{"line":5,"column":24}},"loc":{"start":{"line":5,"column":39},"end":{"line":7,"column":1}},"line":5},"1":{"name":"(anonymous_1)","decl":{"start":{"line":9,"column":25},"end":{"line":9,"column":26}},"loc":{"start":{"line":9,"column":45},"end":{"line":16,"column":1}},"line":9}},"branchMap":{},"s":{"0":7,"1":7,"2":7,"3":7,"4":0,"5":7,"6":0,"7":0,"8":0,"9":0,"10":7},"f":{"0":0,"1":0},"b":{},"_coverageSchema":"1a1c01bbd47fc00a2c39e90264f33305004495a9","hash":"4a2ee639cb2e58df6493c398e17168ef1875710f"}
,"/home/xkalp/Desktop/kalp's projects /learnDules/backend/src/config/redis.js": {"path":"/home/xkalp/Desktop/kalp's projects /learnDules/backend/src/config/redis.js","statementMap":{"0":{"start":{"line":6,"column":14},"end":{"line":6,"column":32}},"1":{"start":{"line":7,"column":15},"end":{"line":7,"column":31}},"2":{"start":{"line":10,"column":18},"end":{"line":10,"column":22}},"3":{"start":{"line":17,"column":2},"end":{"line":59,"column":3}},"4":{"start":{"line":18,"column":4},"end":{"line":55,"column":5}},"5":{"start":{"line":19,"column":26},"end":{"line":29,"column":7}},"6":{"start":{"line":25,"column":24},"end":{"line":25,"column":50}},"7":{"start":{"line":26,"column":10},"end":{"line":26,"column":23}},"8":{"start":{"line":31,"column":6},"end":{"line":31,"column":43}},"9":{"start":{"line":34,"column":6},"end":{"line":36,"column":9}},"10":{"start":{"line":35,"column":8},"end":{"line":35,"column":54}},"11":{"start":{"line":38,"column":6},"end":{"line":40,"column":9}},"12":{"start":{"line":39,"column":8},"end":{"line":39,"column":59}},"13":{"start":{"line":42,"column":6},"end":{"line":44,"column":9}},"14":{"start":{"line":43,"column":8},"end":{"line":43,"column":64}},"15":{"start":{"line":46,"column":6},"end":{"line":48,"column":9}},"16":{"start":{"line":47,"column":8},"end":{"line":47,"column":51}},"17":{"start":{"line":50,"column":6},"end":{"line":52,"column":9}},"18":{"start":{"line":51,"column":8},"end":{"line":51,"column":51}},"19":{"start":{"line":54,"column":6},"end":{"line":54,"column":75}},"20":{"start":{"line":57,"column":4},"end":{"line":57,"column":55}},"21":{"start":{"line":67,"column":2},"end":{"line":74,"column":3}},"22":{"start":{"line":68,"column":4},"end":{"line":71,"column":5}},"23":{"start":{"line":69,"column":6},"end":{"line":69,"column":31}},"24":{"start":{"line":70,"column":6},"end":{"line":70,"column":55}},"25":{"start":{"line":73,"column":4},"end":{"line":73,"column":58}},"26":{"start":{"line":82,"column":2},"end":{"line":82,"column":21}},"27":{"start":{"line":93,"column":2},"end":{"line":102,"column":3}},"28":{"start":{"line":94,"column":4},"end":{"line":97,"column":5}},"29":{"start":{"line":95,"column":6},"end":{"line":95,"column":63}},"30":{"start":{"line":96,"column":6},"end":{"line":96,"column":18}},"31":{"start":{"line":98,"column":4},"end":{"line":98,"column":17}},"32":{"start":{"line":100,"column":4},"end":{"line":100,"column":45}},"33":{"start":{"line":101,"column":4},"end":{"line":101,"column":17}},"34":{"start":{"line":111,"column":2},"end":{"line":120,"column":3}},"35":{"start":{"line":112,"column":4},"end":{"line":115,"column":5}},"36":{"start":{"line":113,"column":20},"end":{"line":113,"column":46}},"37":{"start":{"line":114,"column":6},"end":{"line":114,"column":46}},"38":{"start":{"line":116,"column":4},"end":{"line":116,"column":16}},"39":{"start":{"line":118,"column":4},"end":{"line":118,"column":45}},"40":{"start":{"line":119,"column":4},"end":{"line":119,"column":16}},"41":{"start":{"line":129,"column":2},"end":{"line":138,"column":3}},"42":{"start":{"line":130,"column":4},"end":{"line":133,"column":5}},"43":{"start":{"line":131,"column":6},"end":{"line":131,"column":33}},"44":{"start":{"line":132,"column":6},"end":{"line":132,"column":18}},"45":{"start":{"line":134,"column":4},"end":{"line":134,"column":17}},"46":{"start":{"line":136,"column":4},"end":{"line":136,"column":48}},"47":{"start":{"line":137,"column":4},"end":{"line":137,"column":17}},"48":{"start":{"line":147,"column":2},"end":{"line":159,"column":3}},"49":{"start":{"line":148,"column":4},"end":{"line":154,"column":5}},"50":{"start":{"line":149,"column":19},"end":{"line":149,"column":50}},"51":{"start":{"line":150,"column":6},"end":{"line":152,"column":7}},"52":{"start":{"line":151,"column":8},"end":{"line":151,"column":39}},"53":{"start":{"line":153,"column":6},"end":{"line":153,"column":18}},"54":{"start":{"line":155,"column":4},"end":{"line":155,"column":17}},"55":{"start":{"line":157,"column":4},"end":{"line":157,"column":56}},"56":{"start":{"line":158,"column":4},"end":{"line":158,"column":17}},"57":{"start":{"line":168,"column":2},"end":{"line":177,"column":3}},"58":{"start":{"line":169,"column":4},"end":{"line":172,"column":5}},"59":{"start":{"line":170,"column":21},"end":{"line":170,"column":50}},"60":{"start":{"line":171,"column":6},"end":{"line":171,"column":26}},"61":{"start":{"line":173,"column":4},"end":{"line":173,"column":17}},"62":{"start":{"line":175,"column":4},"end":{"line":175,"column":48}},"63":{"start":{"line":176,"column":4},"end":{"line":176,"column":17}},"64":{"start":{"line":180,"column":0},"end":{"line":189,"column":2}}},"fnMap":{"0":{"name":"connectRedis","decl":{"start":{"line":16,"column":15},"end":{"line":16,"column":27}},"loc":{"start":{"line":16,"column":30},"end":{"line":60,"column":1}},"line":16},"1":{"name":"(anonymous_1)","decl":{"start":{"line":24,"column":23},"end":{"line":24,"column":24}},"loc":{"start":{"line":24,"column":34},"end":{"line":27,"column":9}},"line":24},"2":{"name":"(anonymous_2)","decl":{"start":{"line":34,"column":32},"end":{"line":34,"column":33}},"loc":{"start":{"line":34,"column":38},"end":{"line":36,"column":7}},"line":34},"3":{"name":"(anonymous_3)","decl":{"start":{"line":38,"column":30},"end":{"line":38,"column":31}},"loc":{"start":{"line":38,"column":36},"end":{"line":40,"column":7}},"line":38},"4":{"name":"(anonymous_4)","decl":{"start":{"line":42,"column":30},"end":{"line":42,"column":31}},"loc":{"start":{"line":42,"column":39},"end":{"line":44,"column":7}},"line":42},"5":{"name":"(anonymous_5)","decl":{"start":{"line":46,"column":30},"end":{"line":46,"column":31}},"loc":{"start":{"line":46,"column":36},"end":{"line":48,"column":7}},"line":46},"6":{"name":"(anonymous_6)","decl":{"start":{"line":50,"column":37},"end":{"line":50,"column":38}},"loc":{"start":{"line":50,"column":43},"end":{"line":52,"column":7}},"line":50},"7":{"name":"disconnectRedis","decl":{"start":{"line":66,"column":15},"end":{"line":66,"column":30}},"loc":{"start":{"line":66,"column":33},"end":{"line":75,"column":1}},"line":66},"8":{"name":"getRedisClient","decl":{"start":{"line":81,"column":9},"end":{"line":81,"column":23}},"loc":{"start":{"line":81,"column":26},"end":{"line":83,"column":1}},"line":81},"9":{"name":"setCache","decl":{"start":{"line":92,"column":15},"end":{"line":92,"column":23}},"loc":{"start":{"line":92,"column":47},"end":{"line":103,"column":1}},"line":92},"10":{"name":"getCache","decl":{"start":{"line":110,"column":15},"end":{"line":110,"column":23}},"loc":{"start":{"line":110,"column":29},"end":{"line":121,"column":1}},"line":110},"11":{"name":"deleteCache","decl":{"start":{"line":128,"column":15},"end":{"line":128,"column":26}},"loc":{"start":{"line":128,"column":32},"end":{"line":139,"column":1}},"line":128},"12":{"name":"deleteCachePattern","decl":{"start":{"line":146,"column":15},"end":{"line":146,"column":33}},"loc":{"start":{"line":146,"column":43},"end":{"line":160,"column":1}},"line":146},"13":{"name":"existsCache","decl":{"start":{"line":167,"column":15},"end":{"line":167,"column":26}},"loc":{"start":{"line":167,"column":32},"end":{"line":178,"column":1}},"line":167}},"branchMap":{"0":{"loc":{"start":{"line":18,"column":4},"end":{"line":55,"column":5}},"type":"if","locations":[{"start":{"line":18,"column":4},"end":{"line":55,"column":5}},{"start":{"line":53,"column":11},"end":{"line":55,"column":5}}],"line":18},"1":{"loc":{"start":{"line":18,"column":8},"end":{"line":18,"column":50}},"type":"binary-expr","locations":[{"start":{"line":18,"column":8},"end":{"line":18,"column":24}},{"start":{"line":18,"column":28},"end":{"line":18,"column":50}}],"line":18},"2":{"loc":{"start":{"line":20,"column":14},"end":{"line":20,"column":51}},"type":"binary-expr","locations":[{"start":{"line":20,"column":14},"end":{"line":20,"column":36}},{"start":{"line":20,"column":40},"end":{"line":20,"column":51}}],"line":20},"3":{"loc":{"start":{"line":21,"column":23},"end":{"line":21,"column":55}},"type":"binary-expr","locations":[{"start":{"line":21,"column":23},"end":{"line":21,"column":45}},{"start":{"line":21,"column":49},"end":{"line":21,"column":55}}],"line":21},"4":{"loc":{"start":{"line":22,"column":18},"end":{"line":22,"column":57}},"type":"binary-expr","locations":[{"start":{"line":22,"column":18},"end":{"line":22,"column":44}},{"start":{"line":22,"column":48},"end":{"line":22,"column":57}}],"line":22},"5":{"loc":{"start":{"line":23,"column":21},"end":{"line":23,"column":48}},"type":"binary-expr","locations":[{"start":{"line":23,"column":21},"end":{"line":23,"column":41}},{"start":{"line":23,"column":45},"end":{"line":23,"column":48}}],"line":23},"6":{"loc":{"start":{"line":68,"column":4},"end":{"line":71,"column":5}},"type":"if","locations":[{"start":{"line":68,"column":4},"end":{"line":71,"column":5}},{"start":{},"end":{}}],"line":68},"7":{"loc":{"start":{"line":92,"column":36},"end":{"line":92,"column":45}},"type":"default-arg","locations":[{"start":{"line":92,"column":42},"end":{"line":92,"column":45}}],"line":92},"8":{"loc":{"start":{"line":94,"column":4},"end":{"line":97,"column":5}},"type":"if","locations":[{"start":{"line":94,"column":4},"end":{"line":97,"column":5}},{"start":{},"end":{}}],"line":94},"9":{"loc":{"start":{"line":94,"column":8},"end":{"line":94,"column":53}},"type":"binary-expr","locations":[{"start":{"line":94,"column":8},"end":{"line":94,"column":19}},{"start":{"line":94,"column":23},"end":{"line":94,"column":53}}],"line":94},"10":{"loc":{"start":{"line":112,"column":4},"end":{"line":115,"column":5}},"type":"if","locations":[{"start":{"line":112,"column":4},"end":{"line":115,"column":5}},{"start":{},"end":{}}],"line":112},"11":{"loc":{"start":{"line":112,"column":8},"end":{"line":112,"column":53}},"type":"binary-expr","locations":[{"start":{"line":112,"column":8},"end":{"line":112,"column":19}},{"start":{"line":112,"column":23},"end":{"line":112,"column":53}}],"line":112},"12":{"loc":{"start":{"line":114,"column":13},"end":{"line":114,"column":45}},"type":"cond-expr","locations":[{"start":{"line":114,"column":21},"end":{"line":114,"column":38}},{"start":{"line":114,"column":41},"end":{"line":114,"column":45}}],"line":114},"13":{"loc":{"start":{"line":130,"column":4},"end":{"line":133,"column":5}},"type":"if","locations":[{"start":{"line":130,"column":4},"end":{"line":133,"column":5}},{"start":{},"end":{}}],"line":130},"14":{"loc":{"start":{"line":130,"column":8},"end":{"line":130,"column":53}},"type":"binary-expr","locations":[{"start":{"line":130,"column":8},"end":{"line":130,"column":19}},{"start":{"line":130,"column":23},"end":{"line":130,"column":53}}],"line":130},"15":{"loc":{"start":{"line":148,"column":4},"end":{"line":154,"column":5}},"type":"if","locations":[{"start":{"line":148,"column":4},"end":{"line":154,"column":5}},{"start":{},"end":{}}],"line":148},"16":{"loc":{"start":{"line":148,"column":8},"end":{"line":148,"column":53}},"type":"binary-expr","locations":[{"start":{"line":148,"column":8},"end":{"line":148,"column":19}},{"start":{"line":148,"column":23},"end":{"line":148,"column":53}}],"line":148},"17":{"loc":{"start":{"line":150,"column":6},"end":{"line":152,"column":7}},"type":"if","locations":[{"start":{"line":150,"column":6},"end":{"line":152,"column":7}},{"start":{},"end":{}}],"line":150},"18":{"loc":{"start":{"line":169,"column":4},"end":{"line":172,"column":5}},"type":"if","locations":[{"start":{"line":169,"column":4},"end":{"line":172,"column":5}},{"start":{},"end":{}}],"line":169},"19":{"loc":{"start":{"line":169,"column":8},"end":{"line":169,"column":53}},"type":"binary-expr","locations":[{"start":{"line":169,"column":8},"end":{"line":169,"column":19}},{"start":{"line":169,"column":23},"end":{"line":169,"column":53}}],"line":169}},"s":{"0":7,"1":7,"2":7,"3":0,"4":0,"5":0,"6":0,"7":0,"8":0,"9":0,"10":0,"11":0,"12":0,"13":0,"14":0,"15":0,"16":0,"17":0,"18":0,"19":0,"20":0,"21":0,"22":0,"23":0,"24":0,"25":0,"26":0,"27":0,"28":0,"29":0,"30":0,"31":0,"32":0,"33":0,"34":0,"35":0,"36":0,"37":0,"38":0,"39":0,"40":0,"41":0,"42":0,"43":0,"44":0,"45":0,"46":0,"47":0,"48":0,"49":0,"50":0,"51":0,"52":0,"53":0,"54":0,"55":0,"56":0,"57":0,"58":0,"59":0,"60":0,"61":0,"62":0,"63":0,"64":7},"f":{"0":0,"1":0,"2":0,"3":0,"4":0,"5":0,"6":0,"7":0,"8":0,"9":0,"10":0,"11":0,"12":0,"13":0},"b":{"0":[0,0],"1":[0,0],"2":[0,0],"3":[0,0],"4":[0,0],"5":[0,0],"6":[0,0],"7":[0],"8":[0,0],"9":[0,0],"10":[0,0],"11":[0,0],"12":[0,0],"13":[0,0],"14":[0,0],"15":[0,0],"16":[0,0],"17":[0,0],"18":[0,0],"19":[0,0]},"_coverageSchema":"1a1c01bbd47fc00a2c39e90264f33305004495a9","hash":"4bbcdb056e2ec7f055ab370cd7a024b2ba8452ef"}
,"/home/xkalp/Desktop/kalp's projects /learnDules/backend/src/controllers/auth.controller.js": {"path":"/home/xkalp/Desktop/kalp's projects /learnDules/backend/src/controllers/auth.controller.js","statementMap":{"0":{"start":{"line":1,"column":20},"end":{"line":1,"column":55}},"1":{"start":{"line":2,"column":25},"end":{"line":2,"column":67}},"2":{"start":{"line":4,"column":15},"end":{"line":15,"column":2}},"3":{"start":{"line":5,"column":27},"end":{"line":5,"column":63}},"4":{"start":{"line":6,"column":2},"end":{"line":14,"column":5}},"5":{"start":{"line":17,"column":14},"end":{"line":28,"column":2}},"6":{"start":{"line":18,"column":27},"end":{"line":18,"column":60}},"7":{"start":{"line":19,"column":2},"end":{"line":27,"column":5}},"8":{"start":{"line":30,"column":20},"end":{"line":45,"column":2}},"9":{"start":{"line":31,"column":26},"end":{"line":31,"column":34}},"10":{"start":{"line":32,"column":2},"end":{"line":34,"column":3}},"11":{"start":{"line":33,"column":4},"end":{"line":33,"column":96}},"12":{"start":{"line":35,"column":27},"end":{"line":35,"column":73}},"13":{"start":{"line":36,"column":2},"end":{"line":44,"column":5}},"14":{"start":{"line":47,"column":21},"end":{"line":55,"column":2}},"15":{"start":{"line":48,"column":27},"end":{"line":48,"column":35}},"16":{"start":{"line":49,"column":17},"end":{"line":49,"column":62}},"17":{"start":{"line":50,"column":2},"end":{"line":54,"column":5}},"18":{"start":{"line":57,"column":15},"end":{"line":66,"column":2}},"19":{"start":{"line":58,"column":27},"end":{"line":58,"column":35}},"20":{"start":{"line":59,"column":2},"end":{"line":61,"column":3}},"21":{"start":{"line":60,"column":4},"end":{"line":60,"column":43}},"22":{"start":{"line":62,"column":2},"end":{"line":65,"column":5}},"23":{"start":{"line":68,"column":23},"end":{"line":74,"column":2}},"24":{"start":{"line":69,"column":2},"end":{"line":69,"column":57}},"25":{"start":{"line":70,"column":2},"end":{"line":73,"column":5}},"26":{"start":{"line":76,"column":23},"end":{"line":79,"column":2}},"27":{"start":{"line":77,"column":17},"end":{"line":77,"column":65}},"28":{"start":{"line":78,"column":2},"end":{"line":78,"column":19}},"29":{"start":{"line":81,"column":22},"end":{"line":85,"column":2}},"30":{"start":{"line":82,"column":33},"end":{"line":82,"column":41}},"31":{"start":{"line":83,"column":17},"end":{"line":83,"column":68}},"32":{"start":{"line":84,"column":2},"end":{"line":84,"column":19}},"33":{"start":{"line":87,"column":14},"end":{"line":93,"column":1}},"34":{"start":{"line":88,"column":2},"end":{"line":92,"column":5}},"35":{"start":{"line":95,"column":0},"end":{"line":105,"column":2}}},"fnMap":{"0":{"name":"(anonymous_0)","decl":{"start":{"line":4,"column":28},"end":{"line":4,"column":29}},"loc":{"start":{"line":4,"column":48},"end":{"line":15,"column":1}},"line":4},"1":{"name":"(anonymous_1)","decl":{"start":{"line":17,"column":27},"end":{"line":17,"column":28}},"loc":{"start":{"line":17,"column":47},"end":{"line":28,"column":1}},"line":17},"2":{"name":"(anonymous_2)","decl":{"start":{"line":30,"column":33},"end":{"line":30,"column":34}},"loc":{"start":{"line":30,"column":53},"end":{"line":45,"column":1}},"line":30},"3":{"name":"(anonymous_3)","decl":{"start":{"line":47,"column":34},"end":{"line":47,"column":35}},"loc":{"start":{"line":47,"column":54},"end":{"line":55,"column":1}},"line":47},"4":{"name":"(anonymous_4)","decl":{"start":{"line":57,"column":28},"end":{"line":57,"column":29}},"loc":{"start":{"line":57,"column":48},"end":{"line":66,"column":1}},"line":57},"5":{"name":"(anonymous_5)","decl":{"start":{"line":68,"column":36},"end":{"line":68,"column":37}},"loc":{"start":{"line":68,"column":56},"end":{"line":74,"column":1}},"line":68},"6":{"name":"(anonymous_6)","decl":{"start":{"line":76,"column":36},"end":{"line":76,"column":37}},"loc":{"start":{"line":76,"column":56},"end":{"line":79,"column":1}},"line":76},"7":{"name":"(anonymous_7)","decl":{"start":{"line":81,"column":35},"end":{"line":81,"column":36}},"loc":{"start":{"line":81,"column":55},"end":{"line":85,"column":1}},"line":81},"8":{"name":"(anonymous_8)","decl":{"start":{"line":87,"column":14},"end":{"line":87,"column":15}},"loc":{"start":{"line":87,"column":28},"end":{"line":93,"column":1}},"line":87}},"branchMap":{"0":{"loc":{"start":{"line":32,"column":2},"end":{"line":34,"column":3}},"type":"if","locations":[{"start":{"line":32,"column":2},"end":{"line":34,"column":3}},{"start":{},"end":{}}],"line":32},"1":{"loc":{"start":{"line":59,"column":2},"end":{"line":61,"column":3}},"type":"if","locations":[{"start":{"line":59,"column":2},"end":{"line":61,"column":3}},{"start":{},"end":{}}],"line":59}},"s":{"0":7,"1":7,"2":7,"3":1,"4":1,"5":7,"6":1,"7":1,"8":7,"9":0,"10":0,"11":0,"12":0,"13":0,"14":7,"15":0,"16":0,"17":0,"18":7,"19":0,"20":0,"21":0,"22":0,"23":7,"24":0,"25":0,"26":7,"27":0,"28":0,"29":7,"30":0,"31":0,"32":0,"33":7,"34":1,"35":7},"f":{"0":1,"1":1,"2":0,"3":0,"4":0,"5":0,"6":0,"7":0,"8":1},"b":{"0":[0,0],"1":[0,0]},"_coverageSchema":"1a1c01bbd47fc00a2c39e90264f33305004495a9","hash":"893ca29017a5b1834971a24a7648789d3e4e0524"}
,"/home/xkalp/Desktop/kalp's projects /learnDules/backend/src/controllers/googleAuth.controller.js": {"path":"/home/xkalp/Desktop/kalp's projects /learnDules/backend/src/controllers/googleAuth.controller.js","statementMap":{"0":{"start":{"line":6,"column":26},"end":{"line":6,"column":67}},"1":{"start":{"line":7,"column":15},"end":{"line":7,"column":39}},"2":{"start":{"line":16,"column":2},"end":{"line":33,"column":3}},"3":{"start":{"line":17,"column":25},"end":{"line":17,"column":34}},"4":{"start":{"line":18,"column":16},"end":{"line":18,"column":60}},"5":{"start":{"line":20,"column":4},"end":{"line":25,"column":7}},"6":{"start":{"line":27,"column":4},"end":{"line":27,"column":62}},"7":{"start":{"line":28,"column":4},"end":{"line":32,"column":7}},"8":{"start":{"line":43,"column":33},"end":{"line":43,"column":42}},"9":{"start":{"line":45,"column":2},"end":{"line":198,"column":3}},"10":{"start":{"line":47,"column":4},"end":{"line":51,"column":5}},"11":{"start":{"line":48,"column":6},"end":{"line":48,"column":50}},"12":{"start":{"line":49,"column":24},"end":{"line":49,"column":78}},"13":{"start":{"line":50,"column":6},"end":{"line":50,"column":85}},"14":{"start":{"line":54,"column":4},"end":{"line":57,"column":5}},"15":{"start":{"line":55,"column":24},"end":{"line":55,"column":78}},"16":{"start":{"line":56,"column":6},"end":{"line":56,"column":112}},"17":{"start":{"line":60,"column":48},"end":{"line":60,"column":98}},"18":{"start":{"line":64,"column":4},"end":{"line":129,"column":5}},"19":{"start":{"line":67,"column":6},"end":{"line":67,"column":151}},"20":{"start":{"line":71,"column":6},"end":{"line":123,"column":9}},"21":{"start":{"line":126,"column":24},"end":{"line":126,"column":78}},"22":{"start":{"line":127,"column":6},"end":{"line":127,"column":140}},"23":{"start":{"line":128,"column":6},"end":{"line":128,"column":44}},"24":{"start":{"line":132,"column":4},"end":{"line":132,"column":51}},"25":{"start":{"line":134,"column":22},"end":{"line":134,"column":76}},"26":{"start":{"line":135,"column":25},"end":{"line":135,"column":85}},"27":{"start":{"line":137,"column":4},"end":{"line":197,"column":7}},"28":{"start":{"line":208,"column":35},"end":{"line":208,"column":43}},"29":{"start":{"line":210,"column":2},"end":{"line":232,"column":3}},"30":{"start":{"line":211,"column":4},"end":{"line":216,"column":5}},"31":{"start":{"line":212,"column":6},"end":{"line":215,"column":9}},"32":{"start":{"line":219,"column":19},"end":{"line":219,"column":87}},"33":{"start":{"line":221,"column":4},"end":{"line":225,"column":7}},"34":{"start":{"line":227,"column":4},"end":{"line":227,"column":54}},"35":{"start":{"line":228,"column":4},"end":{"line":231,"column":7}},"36":{"start":{"line":235,"column":0},"end":{"line":239,"column":2}}},"fnMap":{"0":{"name":"getGoogleAuthUrl","decl":{"start":{"line":15,"column":15},"end":{"line":15,"column":31}},"loc":{"start":{"line":15,"column":42},"end":{"line":34,"column":1}},"line":15},"1":{"name":"handleGoogleCallback","decl":{"start":{"line":42,"column":15},"end":{"line":42,"column":35}},"loc":{"start":{"line":42,"column":46},"end":{"line":199,"column":1}},"line":42},"2":{"name":"handleGoogleMobileAuth","decl":{"start":{"line":207,"column":15},"end":{"line":207,"column":37}},"loc":{"start":{"line":207,"column":48},"end":{"line":233,"column":1}},"line":207}},"branchMap":{"0":{"loc":{"start":{"line":47,"column":4},"end":{"line":51,"column":5}},"type":"if","locations":[{"start":{"line":47,"column":4},"end":{"line":51,"column":5}},{"start":{},"end":{}}],"line":47},"1":{"loc":{"start":{"line":49,"column":24},"end":{"line":49,"column":78}},"type":"binary-expr","locations":[{"start":{"line":49,"column":24},"end":{"line":49,"column":51}},{"start":{"line":49,"column":55},"end":{"line":49,"column":78}}],"line":49},"2":{"loc":{"start":{"line":54,"column":4},"end":{"line":57,"column":5}},"type":"if","locations":[{"start":{"line":54,"column":4},"end":{"line":57,"column":5}},{"start":{},"end":{}}],"line":54},"3":{"loc":{"start":{"line":55,"column":24},"end":{"line":55,"column":78}},"type":"binary-expr","locations":[{"start":{"line":55,"column":24},"end":{"line":55,"column":51}},{"start":{"line":55,"column":55},"end":{"line":55,"column":78}}],"line":55},"4":{"loc":{"start":{"line":64,"column":4},"end":{"line":129,"column":5}},"type":"if","locations":[{"start":{"line":64,"column":4},"end":{"line":129,"column":5}},{"start":{"line":124,"column":11},"end":{"line":129,"column":5}}],"line":64},"5":{"loc":{"start":{"line":126,"column":24},"end":{"line":126,"column":78}},"type":"binary-expr","locations":[{"start":{"line":126,"column":24},"end":{"line":126,"column":51}},{"start":{"line":126,"column":55},"end":{"line":126,"column":78}}],"line":126},"6":{"loc":{"start":{"line":134,"column":22},"end":{"line":134,"column":76}},"type":"binary-expr","locations":[{"start":{"line":134,"column":22},"end":{"line":134,"column":49}},{"start":{"line":134,"column":53},"end":{"line":134,"column":76}}],"line":134},"7":{"loc":{"start":{"line":135,"column":44},"end":{"line":135,"column":84}},"type":"binary-expr","locations":[{"start":{"line":135,"column":44},"end":{"line":135,"column":57}},{"start":{"line":135,"column":61},"end":{"line":135,"column":84}}],"line":135},"8":{"loc":{"start":{"line":211,"column":4},"end":{"line":216,"column":5}},"type":"if","locations":[{"start":{"line":211,"column":4},"end":{"line":216,"column":5}},{"start":{},"end":{}}],"line":211},"9":{"loc":{"start":{"line":211,"column":8},"end":{"line":211,"column":32}},"type":"binary-expr","locations":[{"start":{"line":211,"column":8},"end":{"line":211,"column":20}},{"start":{"line":211,"column":24},"end":{"line":211,"column":32}}],"line":211},"10":{"loc":{"start":{"line":230,"column":15},"end":{"line":230,"column":62}},"type":"binary-expr","locations":[{"start":{"line":230,"column":15},"end":{"line":230,"column":28}},{"start":{"line":230,"column":32},"end":{"line":230,"column":62}}],"line":230}},"s":{"0":7,"1":7,"2":0,"3":0,"4":0,"5":0,"6":0,"7":0,"8":0,"9":0,"10":0,"11":0,"12":0,"13":0,"14":0,"15":0,"16":0,"17":0,"18":0,"19":0,"20":0,"21":0,"22":0,"23":0,"24":0,"25":0,"26":0,"27":0,"28":0,"29":0,"30":0,"31":0,"32":0,"33":0,"34":0,"35":0,"36":7},"f":{"0":0,"1":0,"2":0},"b":{"0":[0,0],"1":[0,0],"2":[0,0],"3":[0,0],"4":[0,0],"5":[0,0],"6":[0,0],"7":[0,0],"8":[0,0],"9":[0,0],"10":[0,0]},"_coverageSchema":"1a1c01bbd47fc00a2c39e90264f33305004495a9","hash":"cac48300b2a2eaeabdc219704d7fb4c2fdfef154"}
,"/home/xkalp/Desktop/kalp's projects /learnDules/backend/src/controllers/health.controller.js": {"path":"/home/xkalp/Desktop/kalp's projects /learnDules/backend/src/controllers/health.controller.js","statementMap":{"0":{"start":{"line":6,"column":15},"end":{"line":6,"column":39}},"1":{"start":{"line":13,"column":0},"end":{"line":21,"column":2}},"2":{"start":{"line":14,"column":4},"end":{"line":20,"column":7}}},"fnMap":{"0":{"name":"(anonymous_0)","decl":{"start":{"line":13,"column":20},"end":{"line":13,"column":21}},"loc":{"start":{"line":13,"column":34},"end":{"line":21,"column":1}},"line":13}},"branchMap":{"0":{"loc":{"start":{"line":19,"column":17},"end":{"line":19,"column":59}},"type":"binary-expr","locations":[{"start":{"line":19,"column":17},"end":{"line":19,"column":48}},{"start":{"line":19,"column":52},"end":{"line":19,"column":59}}],"line":19}},"s":{"0":8,"1":8,"2":2},"f":{"0":2},"b":{"0":[2,0]},"_coverageSchema":"1a1c01bbd47fc00a2c39e90264f33305004495a9","hash":"e271184ce4626e13cd0b1906b57fd036ae16e93b"}
,"/home/xkalp/Desktop/kalp's projects /learnDules/backend/src/controllers/saved.controller.js": {"path":"/home/xkalp/Desktop/kalp's projects /learnDules/backend/src/controllers/saved.controller.js","statementMap":{"0":{"start":{"line":1,"column":25},"end":{"line":1,"column":50}},"1":{"start":{"line":2,"column":15},"end":{"line":2,"column":33}},"2":{"start":{"line":4,"column":0},"end":{"line":42,"column":2}},"3":{"start":{"line":5,"column":4},"end":{"line":41,"column":5}},"4":{"start":{"line":6,"column":23},"end":{"line":6,"column":34}},"5":{"start":{"line":7,"column":31},"end":{"line":7,"column":39}},"6":{"start":{"line":9,"column":8},"end":{"line":11,"column":9}},"7":{"start":{"line":10,"column":12},"end":{"line":10,"column":80}},"8":{"start":{"line":13,"column":25},"end":{"line":20,"column":10}},"9":{"start":{"line":22,"column":8},"end":{"line":37,"column":9}},"10":{"start":{"line":24,"column":12},"end":{"line":26,"column":15}},"11":{"start":{"line":27,"column":12},"end":{"line":27,"column":100}},"12":{"start":{"line":30,"column":12},"end":{"line":35,"column":15}},"13":{"start":{"line":36,"column":12},"end":{"line":36,"column":95}},"14":{"start":{"line":39,"column":8},"end":{"line":39,"column":53}},"15":{"start":{"line":40,"column":8},"end":{"line":40,"column":67}},"16":{"start":{"line":44,"column":0},"end":{"line":96,"column":2}},"17":{"start":{"line":45,"column":4},"end":{"line":95,"column":5}},"18":{"start":{"line":46,"column":23},"end":{"line":46,"column":34}},"19":{"start":{"line":47,"column":21},"end":{"line":47,"column":50}},"20":{"start":{"line":48,"column":22},"end":{"line":48,"column":53}},"21":{"start":{"line":49,"column":21},"end":{"line":49,"column":39}},"22":{"start":{"line":51,"column":31},"end":{"line":77,"column":10}},"23":{"start":{"line":79,"column":8},"end":{"line":91,"column":11}},"24":{"start":{"line":80,"column":34},"end":{"line":84,"column":13}},"25":{"start":{"line":93,"column":8},"end":{"line":93,"column":64}},"26":{"start":{"line":94,"column":8},"end":{"line":94,"column":67}}},"fnMap":{"0":{"name":"(anonymous_0)","decl":{"start":{"line":4,"column":21},"end":{"line":4,"column":22}},"loc":{"start":{"line":4,"column":41},"end":{"line":42,"column":1}},"line":4},"1":{"name":"(anonymous_1)","decl":{"start":{"line":44,"column":28},"end":{"line":44,"column":29}},"loc":{"start":{"line":44,"column":48},"end":{"line":96,"column":1}},"line":44},"2":{"name":"(anonymous_2)","decl":{"start":{"line":80,"column":28},"end":{"line":80,"column":29}},"loc":{"start":{"line":80,"column":34},"end":{"line":84,"column":13}},"line":80}},"branchMap":{"0":{"loc":{"start":{"line":9,"column":8},"end":{"line":11,"column":9}},"type":"if","locations":[{"start":{"line":9,"column":8},"end":{"line":11,"column":9}},{"start":{},"end":{}}],"line":9},"1":{"loc":{"start":{"line":22,"column":8},"end":{"line":37,"column":9}},"type":"if","locations":[{"start":{"line":22,"column":8},"end":{"line":37,"column":9}},{"start":{"line":28,"column":15},"end":{"line":37,"column":9}}],"line":22},"2":{"loc":{"start":{"line":47,"column":21},"end":{"line":47,"column":50}},"type":"binary-expr","locations":[{"start":{"line":47,"column":21},"end":{"line":47,"column":45}},{"start":{"line":47,"column":49},"end":{"line":47,"column":50}}],"line":47},"3":{"loc":{"start":{"line":48,"column":22},"end":{"line":48,"column":53}},"type":"binary-expr","locations":[{"start":{"line":48,"column":22},"end":{"line":48,"column":47}},{"start":{"line":48,"column":51},"end":{"line":48,"column":53}}],"line":48}},"s":{"0":7,"1":7,"2":7,"3":0,"4":0,"5":0,"6":0,"7":0,"8":0,"9":0,"10":0,"11":0,"12":0,"13":0,"14":0,"15":0,"16":7,"17":0,"18":0,"19":0,"20":0,"21":0,"22":0,"23":0,"24":0,"25":0,"26":0},"f":{"0":0,"1":0,"2":0},"b":{"0":[0,0],"1":[0,0],"2":[0,0],"3":[0,0]},"_coverageSchema":"1a1c01bbd47fc00a2c39e90264f33305004495a9","hash":"7d765799d6fdd3a62a0f7d023391829b8d8db6b5"}
,"/home/xkalp/Desktop/kalp's projects /learnDules/backend/src/controllers/user.controller.js": {"path":"/home/xkalp/Desktop/kalp's projects /learnDules/backend/src/controllers/user.controller.js","statementMap":{"0":{"start":{"line":6,"column":20},"end":{"line":6,"column":55}},"1":{"start":{"line":7,"column":25},"end":{"line":7,"column":67}},"2":{"start":{"line":12,"column":20},"end":{"line":27,"column":2}},"3":{"start":{"line":13,"column":42},"end":{"line":13,"column":51}},"4":{"start":{"line":14,"column":17},"end":{"line":19,"column":4}},"5":{"start":{"line":21,"column":2},"end":{"line":26,"column":5}},"6":{"start":{"line":32,"column":19},"end":{"line":40,"column":2}},"7":{"start":{"line":33,"column":18},"end":{"line":33,"column":62}},"8":{"start":{"line":35,"column":2},"end":{"line":39,"column":5}},"9":{"start":{"line":45,"column":20},"end":{"line":53,"column":2}},"10":{"start":{"line":46,"column":18},"end":{"line":46,"column":77}},"11":{"start":{"line":48,"column":2},"end":{"line":52,"column":5}},"12":{"start":{"line":58,"column":22},"end":{"line":75,"column":2}},"13":{"start":{"line":59,"column":49},"end":{"line":59,"column":57}},"14":{"start":{"line":60,"column":21},"end":{"line":60,"column":29}},"15":{"start":{"line":62,"column":25},"end":{"line":68,"column":4}},"16":{"start":{"line":70,"column":2},"end":{"line":74,"column":5}},"17":{"start":{"line":80,"column":21},"end":{"line":95,"column":2}},"18":{"start":{"line":81,"column":2},"end":{"line":86,"column":3}},"19":{"start":{"line":82,"column":4},"end":{"line":85,"column":7}},"20":{"start":{"line":88,"column":20},"end":{"line":88,"column":72}},"21":{"start":{"line":90,"column":2},"end":{"line":94,"column":5}},"22":{"start":{"line":100,"column":21},"end":{"line":107,"column":2}},"23":{"start":{"line":101,"column":2},"end":{"line":101,"column":45}},"24":{"start":{"line":103,"column":2},"end":{"line":106,"column":5}},"25":{"start":{"line":112,"column":19},"end":{"line":124,"column":2}},"26":{"start":{"line":113,"column":17},"end":{"line":113,"column":27}},"27":{"start":{"line":114,"column":17},"end":{"line":114,"column":71}},"28":{"start":{"line":116,"column":2},"end":{"line":123,"column":5}},"29":{"start":{"line":129,"column":21},"end":{"line":137,"column":2}},"30":{"start":{"line":130,"column":17},"end":{"line":130,"column":27}},"31":{"start":{"line":131,"column":17},"end":{"line":131,"column":73}},"32":{"start":{"line":133,"column":2},"end":{"line":136,"column":5}},"33":{"start":{"line":142,"column":28},"end":{"line":150,"column":2}},"34":{"start":{"line":143,"column":17},"end":{"line":143,"column":27}},"35":{"start":{"line":144,"column":17},"end":{"line":144,"column":80}},"36":{"start":{"line":146,"column":2},"end":{"line":149,"column":5}},"37":{"start":{"line":155,"column":29},"end":{"line":163,"column":2}},"38":{"start":{"line":156,"column":17},"end":{"line":156,"column":27}},"39":{"start":{"line":157,"column":17},"end":{"line":157,"column":81}},"40":{"start":{"line":159,"column":2},"end":{"line":162,"column":5}},"41":{"start":{"line":168,"column":33},"end":{"line":181,"column":2}},"42":{"start":{"line":169,"column":26},"end":{"line":169,"column":35}},"43":{"start":{"line":170,"column":17},"end":{"line":173,"column":4}},"44":{"start":{"line":175,"column":2},"end":{"line":180,"column":5}},"45":{"start":{"line":186,"column":21},"end":{"line":197,"column":2}},"46":{"start":{"line":188,"column":13},"end":{"line":188,"column":40}},"47":{"start":{"line":189,"column":17},"end":{"line":189,"column":61}},"48":{"start":{"line":191,"column":2},"end":{"line":196,"column":5}},"49":{"start":{"line":202,"column":21},"end":{"line":213,"column":2}},"50":{"start":{"line":204,"column":13},"end":{"line":204,"column":40}},"51":{"start":{"line":205,"column":17},"end":{"line":205,"column":61}},"52":{"start":{"line":207,"column":2},"end":{"line":212,"column":5}},"53":{"start":{"line":218,"column":20},"end":{"line":227,"column":2}},"54":{"start":{"line":219,"column":20},"end":{"line":219,"column":29}},"55":{"start":{"line":220,"column":16},"end":{"line":220,"column":64}},"56":{"start":{"line":222,"column":2},"end":{"line":226,"column":5}},"57":{"start":{"line":229,"column":0},"end":{"line":244,"column":2}}},"fnMap":{"0":{"name":"(anonymous_0)","decl":{"start":{"line":12,"column":33},"end":{"line":12,"column":34}},"loc":{"start":{"line":12,"column":53},"end":{"line":27,"column":1}},"line":12},"1":{"name":"(anonymous_1)","decl":{"start":{"line":32,"column":32},"end":{"line":32,"column":33}},"loc":{"start":{"line":32,"column":52},"end":{"line":40,"column":1}},"line":32},"2":{"name":"(anonymous_2)","decl":{"start":{"line":45,"column":33},"end":{"line":45,"column":34}},"loc":{"start":{"line":45,"column":53},"end":{"line":53,"column":1}},"line":45},"3":{"name":"(anonymous_3)","decl":{"start":{"line":58,"column":35},"end":{"line":58,"column":36}},"loc":{"start":{"line":58,"column":55},"end":{"line":75,"column":1}},"line":58},"4":{"name":"(anonymous_4)","decl":{"start":{"line":80,"column":34},"end":{"line":80,"column":35}},"loc":{"start":{"line":80,"column":54},"end":{"line":95,"column":1}},"line":80},"5":{"name":"(anonymous_5)","decl":{"start":{"line":100,"column":34},"end":{"line":100,"column":35}},"loc":{"start":{"line":100,"column":54},"end":{"line":107,"column":1}},"line":100},"6":{"name":"(anonymous_6)","decl":{"start":{"line":112,"column":32},"end":{"line":112,"column":33}},"loc":{"start":{"line":112,"column":52},"end":{"line":124,"column":1}},"line":112},"7":{"name":"(anonymous_7)","decl":{"start":{"line":129,"column":34},"end":{"line":129,"column":35}},"loc":{"start":{"line":129,"column":54},"end":{"line":137,"column":1}},"line":129},"8":{"name":"(anonymous_8)","decl":{"start":{"line":142,"column":41},"end":{"line":142,"column":42}},"loc":{"start":{"line":142,"column":61},"end":{"line":150,"column":1}},"line":142},"9":{"name":"(anonymous_9)","decl":{"start":{"line":155,"column":42},"end":{"line":155,"column":43}},"loc":{"start":{"line":155,"column":62},"end":{"line":163,"column":1}},"line":155},"10":{"name":"(anonymous_10)","decl":{"start":{"line":168,"column":46},"end":{"line":168,"column":47}},"loc":{"start":{"line":168,"column":66},"end":{"line":181,"column":1}},"line":168},"11":{"name":"(anonymous_11)","decl":{"start":{"line":186,"column":34},"end":{"line":186,"column":35}},"loc":{"start":{"line":186,"column":54},"end":{"line":197,"column":1}},"line":186},"12":{"name":"(anonymous_12)","decl":{"start":{"line":202,"column":34},"end":{"line":202,"column":35}},"loc":{"start":{"line":202,"column":54},"end":{"line":213,"column":1}},"line":202},"13":{"name":"(anonymous_13)","decl":{"start":{"line":218,"column":33},"end":{"line":218,"column":34}},"loc":{"start":{"line":218,"column":53},"end":{"line":227,"column":1}},"line":218}},"branchMap":{"0":{"loc":{"start":{"line":15,"column":10},"end":{"line":15,"column":29}},"type":"binary-expr","locations":[{"start":{"line":15,"column":10},"end":{"line":15,"column":24}},{"start":{"line":15,"column":28},"end":{"line":15,"column":29}}],"line":15},"1":{"loc":{"start":{"line":16,"column":11},"end":{"line":16,"column":32}},"type":"binary-expr","locations":[{"start":{"line":16,"column":11},"end":{"line":16,"column":26}},{"start":{"line":16,"column":30},"end":{"line":16,"column":32}}],"line":16},"2":{"loc":{"start":{"line":81,"column":2},"end":{"line":86,"column":3}},"type":"if","locations":[{"start":{"line":81,"column":2},"end":{"line":86,"column":3}},{"start":{},"end":{}}],"line":81},"3":{"loc":{"start":{"line":118,"column":13},"end":{"line":118,"column":65}},"type":"binary-expr","locations":[{"start":{"line":118,"column":13},"end":{"line":118,"column":27}},{"start":{"line":118,"column":31},"end":{"line":118,"column":65}}],"line":118},"4":{"loc":{"start":{"line":135,"column":13},"end":{"line":135,"column":56}},"type":"binary-expr","locations":[{"start":{"line":135,"column":13},"end":{"line":135,"column":27}},{"start":{"line":135,"column":31},"end":{"line":135,"column":56}}],"line":135},"5":{"loc":{"start":{"line":148,"column":13},"end":{"line":148,"column":56}},"type":"binary-expr","locations":[{"start":{"line":148,"column":13},"end":{"line":148,"column":27}},{"start":{"line":148,"column":31},"end":{"line":148,"column":56}}],"line":148},"6":{"loc":{"start":{"line":161,"column":13},"end":{"line":161,"column":56}},"type":"binary-expr","locations":[{"start":{"line":161,"column":13},"end":{"line":161,"column":27}},{"start":{"line":161,"column":31},"end":{"line":161,"column":56}}],"line":161},"7":{"loc":{"start":{"line":171,"column":10},"end":{"line":171,"column":29}},"type":"binary-expr","locations":[{"start":{"line":171,"column":10},"end":{"line":171,"column":24}},{"start":{"line":171,"column":28},"end":{"line":171,"column":29}}],"line":171},"8":{"loc":{"start":{"line":172,"column":11},"end":{"line":172,"column":32}},"type":"binary-expr","locations":[{"start":{"line":172,"column":11},"end":{"line":172,"column":26}},{"start":{"line":172,"column":30},"end":{"line":172,"column":32}}],"line":172},"9":{"loc":{"start":{"line":188,"column":13},"end":{"line":188,"column":40}},"type":"binary-expr","locations":[{"start":{"line":188,"column":13},"end":{"line":188,"column":26}},{"start":{"line":188,"column":30},"end":{"line":188,"column":40}}],"line":188},"10":{"loc":{"start":{"line":195,"column":10},"end":{"line":195,"column":36}},"type":"binary-expr","locations":[{"start":{"line":195,"column":10},"end":{"line":195,"column":26}},{"start":{"line":195,"column":30},"end":{"line":195,"column":36}}],"line":195},"11":{"loc":{"start":{"line":204,"column":13},"end":{"line":204,"column":40}},"type":"binary-expr","locations":[{"start":{"line":204,"column":13},"end":{"line":204,"column":26}},{"start":{"line":204,"column":30},"end":{"line":204,"column":40}}],"line":204},"12":{"loc":{"start":{"line":211,"column":10},"end":{"line":211,"column":36}},"type":"binary-expr","locations":[{"start":{"line":211,"column":10},"end":{"line":211,"column":26}},{"start":{"line":211,"column":30},"end":{"line":211,"column":36}}],"line":211}},"s":{"0":7,"1":7,"2":7,"3":0,"4":0,"5":0,"6":7,"7":0,"8":0,"9":7,"10":0,"11":0,"12":7,"13":0,"14":0,"15":0,"16":0,"17":7,"18":0,"19":0,"20":0,"21":0,"22":7,"23":0,"24":0,"25":7,"26":0,"27":0,"28":0,"29":7,"30":0,"31":0,"32":0,"33":7,"34":0,"35":0,"36":0,"37":7,"38":0,"39":0,"40":0,"41":7,"42":0,"43":0,"44":0,"45":7,"46":0,"47":0,"48":0,"49":7,"50":0,"51":0,"52":0,"53":7,"54":0,"55":0,"56":0,"57":7},"f":{"0":0,"1":0,"2":0,"3":0,"4":0,"5":0,"6":0,"7":0,"8":0,"9":0,"10":0,"11":0,"12":0,"13":0},"b":{"0":[0,0],"1":[0,0],"2":[0,0],"3":[0,0],"4":[0,0],"5":[0,0],"6":[0,0],"7":[0,0],"8":[0,0],"9":[0,0],"10":[0,0],"11":[0,0],"12":[0,0]},"_coverageSchema":"1a1c01bbd47fc00a2c39e90264f33305004495a9","hash":"b36df241fe95fddc200becdd66d5412541647d58"}
,"/home/xkalp/Desktop/kalp's projects /learnDules/backend/src/middlewares/auth.middleware.js": {"path":"/home/xkalp/Desktop/kalp's projects /learnDules/backend/src/middlewares/auth.middleware.js","statementMap":{"0":{"start":{"line":6,"column":30},"end":{"line":6,"column":55}},"1":{"start":{"line":7,"column":19},"end":{"line":7,"column":42}},"2":{"start":{"line":8,"column":48},"end":{"line":8,"column":76}},"3":{"start":{"line":17,"column":2},"end":{"line":76,"column":3}},"4":{"start":{"line":19,"column":23},"end":{"line":19,"column":48}},"5":{"start":{"line":20,"column":18},"end":{"line":20,"column":56}},"6":{"start":{"line":22,"column":4},"end":{"line":24,"column":5}},"7":{"start":{"line":23,"column":6},"end":{"line":23,"column":64}},"8":{"start":{"line":27,"column":20},"end":{"line":27,"column":44}},"9":{"start":{"line":28,"column":4},"end":{"line":31,"column":5}},"10":{"start":{"line":29,"column":6},"end":{"line":29,"column":82}},"11":{"start":{"line":30,"column":6},"end":{"line":30,"column":74}},"12":{"start":{"line":34,"column":17},"end":{"line":58,"column":6}},"13":{"start":{"line":60,"column":4},"end":{"line":62,"column":5}},"14":{"start":{"line":61,"column":6},"end":{"line":61,"column":57}},"15":{"start":{"line":64,"column":4},"end":{"line":66,"column":5}},"16":{"start":{"line":65,"column":6},"end":{"line":65,"column":65}},"17":{"start":{"line":69,"column":4},"end":{"line":69,"column":20}},"18":{"start":{"line":70,"column":4},"end":{"line":70,"column":25}},"19":{"start":{"line":72,"column":4},"end":{"line":72,"column":11}},"20":{"start":{"line":74,"column":4},"end":{"line":74,"column":50}},"21":{"start":{"line":75,"column":4},"end":{"line":75,"column":60}},"22":{"start":{"line":87,"column":2},"end":{"line":121,"column":3}},"23":{"start":{"line":88,"column":23},"end":{"line":88,"column":48}},"24":{"start":{"line":89,"column":18},"end":{"line":89,"column":56}},"25":{"start":{"line":91,"column":4},"end":{"line":114,"column":5}},"26":{"start":{"line":92,"column":22},"end":{"line":92,"column":46}},"27":{"start":{"line":94,"column":6},"end":{"line":113,"column":7}},"28":{"start":{"line":95,"column":21},"end":{"line":107,"column":10}},"29":{"start":{"line":109,"column":8},"end":{"line":112,"column":9}},"30":{"start":{"line":110,"column":10},"end":{"line":110,"column":26}},"31":{"start":{"line":111,"column":10},"end":{"line":111,"column":31}},"32":{"start":{"line":116,"column":4},"end":{"line":116,"column":11}},"33":{"start":{"line":119,"column":4},"end":{"line":119,"column":59}},"34":{"start":{"line":120,"column":4},"end":{"line":120,"column":11}},"35":{"start":{"line":131,"column":2},"end":{"line":131,"column":42}},"36":{"start":{"line":140,"column":2},"end":{"line":157,"column":4}},"37":{"start":{"line":141,"column":4},"end":{"line":156,"column":5}},"38":{"start":{"line":142,"column":25},"end":{"line":142,"column":38}},"39":{"start":{"line":143,"column":21},"end":{"line":143,"column":31}},"40":{"start":{"line":145,"column":6},"end":{"line":147,"column":7}},"41":{"start":{"line":146,"column":8},"end":{"line":146,"column":63}},"42":{"start":{"line":152,"column":6},"end":{"line":152,"column":13}},"43":{"start":{"line":154,"column":6},"end":{"line":154,"column":53}},"44":{"start":{"line":155,"column":6},"end":{"line":155,"column":70}},"45":{"start":{"line":167,"column":19},"end":{"line":167,"column":28}},"46":{"start":{"line":169,"column":2},"end":{"line":202,"column":4}},"47":{"start":{"line":170,"column":21},"end":{"line":170,"column":59}},"48":{"start":{"line":171,"column":16},"end":{"line":171,"column":26}},"49":{"start":{"line":174,"column":4},"end":{"line":178,"column":5}},"50":{"start":{"line":175,"column":6},"end":{"line":177,"column":7}},"51":{"start":{"line":176,"column":8},"end":{"line":176,"column":28}},"52":{"start":{"line":181,"column":27},"end":{"line":181,"column":49}},"53":{"start":{"line":183,"column":4},"end":{"line":199,"column":5}},"54":{"start":{"line":184,"column":6},"end":{"line":191,"column":7}},"55":{"start":{"line":185,"column":25},"end":{"line":185,"column":89}},"56":{"start":{"line":186,"column":8},"end":{"line":190,"column":10}},"57":{"start":{"line":193,"column":6},"end":{"line":193,"column":29}},"58":{"start":{"line":195,"column":6},"end":{"line":198,"column":9}},"59":{"start":{"line":201,"column":4},"end":{"line":201,"column":11}},"60":{"start":{"line":213,"column":2},"end":{"line":228,"column":3}},"61":{"start":{"line":214,"column":23},"end":{"line":214,"column":48}},"62":{"start":{"line":215,"column":18},"end":{"line":215,"column":56}},"63":{"start":{"line":217,"column":4},"end":{"line":222,"column":5}},"64":{"start":{"line":218,"column":22},"end":{"line":218,"column":46}},"65":{"start":{"line":219,"column":6},"end":{"line":221,"column":7}},"66":{"start":{"line":220,"column":8},"end":{"line":220,"column":36}},"67":{"start":{"line":224,"column":4},"end":{"line":224,"column":11}},"68":{"start":{"line":227,"column":4},"end":{"line":227,"column":11}},"69":{"start":{"line":239,"column":2},"end":{"line":252,"column":3}},"70":{"start":{"line":240,"column":4},"end":{"line":242,"column":5}},"71":{"start":{"line":241,"column":6},"end":{"line":241,"column":66}},"72":{"start":{"line":244,"column":4},"end":{"line":246,"column":5}},"73":{"start":{"line":245,"column":6},"end":{"line":245,"column":62}},"74":{"start":{"line":248,"column":4},"end":{"line":248,"column":11}},"75":{"start":{"line":250,"column":4},"end":{"line":250,"column":47}},"76":{"start":{"line":251,"column":4},"end":{"line":251,"column":65}},"77":{"start":{"line":255,"column":0},"end":{"line":264,"column":2}}},"fnMap":{"0":{"name":"authenticateToken","decl":{"start":{"line":16,"column":15},"end":{"line":16,"column":32}},"loc":{"start":{"line":16,"column":49},"end":{"line":77,"column":1}},"line":16},"1":{"name":"optionalAuth","decl":{"start":{"line":86,"column":15},"end":{"line":86,"column":27}},"loc":{"start":{"line":86,"column":44},"end":{"line":122,"column":1}},"line":86},"2":{"name":"checkResourceOwnership","decl":{"start":{"line":130,"column":9},"end":{"line":130,"column":31}},"loc":{"start":{"line":130,"column":63},"end":{"line":132,"column":1}},"line":130},"3":{"name":"requireOwnership","decl":{"start":{"line":139,"column":9},"end":{"line":139,"column":25}},"loc":{"start":{"line":139,"column":54},"end":{"line":158,"column":1}},"line":139},"4":{"name":"(anonymous_4)","decl":{"start":{"line":140,"column":9},"end":{"line":140,"column":10}},"loc":{"start":{"line":140,"column":35},"end":{"line":157,"column":3}},"line":140},"5":{"name":"authRateLimit","decl":{"start":{"line":166,"column":9},"end":{"line":166,"column":22}},"loc":{"start":{"line":166,"column":67},"end":{"line":203,"column":1}},"line":166},"6":{"name":"(anonymous_6)","decl":{"start":{"line":169,"column":9},"end":{"line":169,"column":10}},"loc":{"start":{"line":169,"column":29},"end":{"line":202,"column":3}},"line":169},"7":{"name":"extractUserId","decl":{"start":{"line":212,"column":9},"end":{"line":212,"column":22}},"loc":{"start":{"line":212,"column":39},"end":{"line":229,"column":1}},"line":212},"8":{"name":"requireAdmin","decl":{"start":{"line":238,"column":15},"end":{"line":238,"column":27}},"loc":{"start":{"line":238,"column":44},"end":{"line":253,"column":1}},"line":238}},"branchMap":{"0":{"loc":{"start":{"line":20,"column":18},"end":{"line":20,"column":56}},"type":"binary-expr","locations":[{"start":{"line":20,"column":18},"end":{"line":20,"column":28}},{"start":{"line":20,"column":32},"end":{"line":20,"column":56}}],"line":20},"1":{"loc":{"start":{"line":22,"column":4},"end":{"line":24,"column":5}},"type":"if","locations":[{"start":{"line":22,"column":4},"end":{"line":24,"column":5}},{"start":{},"end":{}}],"line":22},"2":{"loc":{"start":{"line":28,"column":4},"end":{"line":31,"column":5}},"type":"if","locations":[{"start":{"line":28,"column":4},"end":{"line":31,"column":5}},{"start":{},"end":{}}],"line":28},"3":{"loc":{"start":{"line":60,"column":4},"end":{"line":62,"column":5}},"type":"if","locations":[{"start":{"line":60,"column":4},"end":{"line":62,"column":5}},{"start":{},"end":{}}],"line":60},"4":{"loc":{"start":{"line":64,"column":4},"end":{"line":66,"column":5}},"type":"if","locations":[{"start":{"line":64,"column":4},"end":{"line":66,"column":5}},{"start":{},"end":{}}],"line":64},"5":{"loc":{"start":{"line":89,"column":18},"end":{"line":89,"column":56}},"type":"binary-expr","locations":[{"start":{"line":89,"column":18},"end":{"line":89,"column":28}},{"start":{"line":89,"column":32},"end":{"line":89,"column":56}}],"line":89},"6":{"loc":{"start":{"line":91,"column":4},"end":{"line":114,"column":5}},"type":"if","locations":[{"start":{"line":91,"column":4},"end":{"line":114,"column":5}},{"start":{},"end":{}}],"line":91},"7":{"loc":{"start":{"line":94,"column":6},"end":{"line":113,"column":7}},"type":"if","locations":[{"start":{"line":94,"column":6},"end":{"line":113,"column":7}},{"start":{},"end":{}}],"line":94},"8":{"loc":{"start":{"line":109,"column":8},"end":{"line":112,"column":9}},"type":"if","locations":[{"start":{"line":109,"column":8},"end":{"line":112,"column":9}},{"start":{},"end":{}}],"line":109},"9":{"loc":{"start":{"line":139,"column":26},"end":{"line":139,"column":52}},"type":"default-arg","locations":[{"start":{"line":139,"column":42},"end":{"line":139,"column":52}}],"line":139},"10":{"loc":{"start":{"line":145,"column":6},"end":{"line":147,"column":7}},"type":"if","locations":[{"start":{"line":145,"column":6},"end":{"line":147,"column":7}},{"start":{},"end":{}}],"line":145},"11":{"loc":{"start":{"line":166,"column":23},"end":{"line":166,"column":38}},"type":"default-arg","locations":[{"start":{"line":166,"column":37},"end":{"line":166,"column":38}}],"line":166},"12":{"loc":{"start":{"line":166,"column":40},"end":{"line":166,"column":65}},"type":"default-arg","locations":[{"start":{"line":166,"column":51},"end":{"line":166,"column":65}}],"line":166},"13":{"loc":{"start":{"line":170,"column":21},"end":{"line":170,"column":59}},"type":"binary-expr","locations":[{"start":{"line":170,"column":21},"end":{"line":170,"column":27}},{"start":{"line":170,"column":31},"end":{"line":170,"column":59}}],"line":170},"14":{"loc":{"start":{"line":175,"column":6},"end":{"line":177,"column":7}},"type":"if","locations":[{"start":{"line":175,"column":6},"end":{"line":177,"column":7}},{"start":{},"end":{}}],"line":175},"15":{"loc":{"start":{"line":183,"column":4},"end":{"line":199,"column":5}},"type":"if","locations":[{"start":{"line":183,"column":4},"end":{"line":199,"column":5}},{"start":{"line":194,"column":11},"end":{"line":199,"column":5}}],"line":183},"16":{"loc":{"start":{"line":184,"column":6},"end":{"line":191,"column":7}},"type":"if","locations":[{"start":{"line":184,"column":6},"end":{"line":191,"column":7}},{"start":{},"end":{}}],"line":184},"17":{"loc":{"start":{"line":215,"column":18},"end":{"line":215,"column":56}},"type":"binary-expr","locations":[{"start":{"line":215,"column":18},"end":{"line":215,"column":28}},{"start":{"line":215,"column":32},"end":{"line":215,"column":56}}],"line":215},"18":{"loc":{"start":{"line":217,"column":4},"end":{"line":222,"column":5}},"type":"if","locations":[{"start":{"line":217,"column":4},"end":{"line":222,"column":5}},{"start":{},"end":{}}],"line":217},"19":{"loc":{"start":{"line":219,"column":6},"end":{"line":221,"column":7}},"type":"if","locations":[{"start":{"line":219,"column":6},"end":{"line":221,"column":7}},{"start":{},"end":{}}],"line":219},"20":{"loc":{"start":{"line":219,"column":10},"end":{"line":219,"column":35}},"type":"binary-expr","locations":[{"start":{"line":219,"column":10},"end":{"line":219,"column":17}},{"start":{"line":219,"column":21},"end":{"lin
[...]
e":805,"column":4},"end":{"line":805,"column":22}},{"start":{},"end":{}}],"line":805},"61":{"loc":{"start":{"line":815,"column":4},"end":{"line":827,"column":5}},"type":"if","locations":[{"start":{"line":815,"column":4},"end":{"line":827,"column":5}},{"start":{},"end":{}}],"line":815},"62":{"loc":{"start":{"line":854,"column":4},"end":{"line":856,"column":5}},"type":"if","locations":[{"start":{"line":854,"column":4},"end":{"line":856,"column":5}},{"start":{},"end":{}}],"line":854},"63":{"loc":{"start":{"line":865,"column":4},"end":{"line":875,"column":5}},"type":"if","locations":[{"start":{"line":865,"column":4},"end":{"line":875,"column":5}},{"start":{},"end":{}}],"line":865},"64":{"loc":{"start":{"line":867,"column":6},"end":{"line":874,"column":7}},"type":"if","locations":[{"start":{"line":867,"column":6},"end":{"line":874,"column":7}},{"start":{},"end":{}}],"line":867},"65":{"loc":{"start":{"line":905,"column":4},"end":{"line":910,"column":5}},"type":"if","locations":[{"start":{"line":905,"column":4},"end":{"line":910,"column":5}},{"start":{},"end":{}}],"line":905},"66":{"loc":{"start":{"line":907,"column":6},"end":{"line":909,"column":7}},"type":"if","locations":[{"start":{"line":907,"column":6},"end":{"line":909,"column":7}},{"start":{},"end":{}}],"line":907},"67":{"loc":{"start":{"line":930,"column":4},"end":{"line":930,"column":65}},"type":"if","locations":[{"start":{"line":930,"column":4},"end":{"line":930,"column":65}},{"start":{},"end":{}}],"line":930},"68":{"loc":{"start":{"line":931,"column":4},"end":{"line":931,"column":50}},"type":"if","locations":[{"start":{"line":931,"column":4},"end":{"line":931,"column":50}},{"start":{},"end":{}}],"line":931},"69":{"loc":{"start":{"line":932,"column":4},"end":{"line":944,"column":5}},"type":"if","locations":[{"start":{"line":932,"column":4},"end":{"line":944,"column":5}},{"start":{},"end":{}}],"line":932},"70":{"loc":{"start":{"line":940,"column":6},"end":{"line":942,"column":7}},"type":"if","locations":[{"start":{"line":940,"column":6},"end":{"line":942,"column":7}},{"start":{},"end":{}}],"line":940},"71":{"loc":{"start":{"line":947,"column":4},"end":{"line":953,"column":5}},"type":"if","locations":[{"start":{"line":947,"column":4},"end":{"line":953,"column":5}},{"start":{"line":950,"column":11},"end":{"line":953,"column":5}}],"line":947},"72":{"loc":{"start":{"line":950,"column":11},"end":{"line":953,"column":5}},"type":"if","locations":[{"start":{"line":950,"column":11},"end":{"line":953,"column":5}},{"start":{},"end":{}}],"line":950},"73":{"loc":{"start":{"line":974,"column":4},"end":{"line":974,"column":41}},"type":"if","locations":[{"start":{"line":974,"column":4},"end":{"line":974,"column":41}},{"start":{},"end":{}}],"line":974}},"s":{"0":7,"1":7,"2":7,"3":7,"4":0,"5":0,"6":0,"7":0,"8":0,"9":0,"10":0,"11":0,"12":0,"13":0,"14":0,"15":0,"16":0,"17":0,"18":0,"19":0,"20":0,"21":0,"22":0,"23":0,"24":0,"25":0,"26":0,"27":0,"28":0,"29":0,"30":0,"31":0,"32":0,"33":0,"34":0,"35":0,"36":0,"37":0,"38":0,"39":0,"40":0,"41":0,"42":0,"43":0,"44":0,"45":0,"46":0,"47":0,"48":0,"49":0,"50":0,"51":0,"52":0,"53":0,"54":0,"55":0,"56":0,"57":0,"58":0,"59":0,"60":0,"61":0,"62":0,"63":0,"64":0,"65":0,"66":0,"67":0,"68":0,"69":0,"70":0,"71":0,"72":0,"73":0,"74":0,"75":0,"76":0,"77":0,"78":0,"79":0,"80":0,"81":0,"82":0,"83":0,"84":0,"85":0,"86":0,"87":0,"88":0,"89":0,"90":0,"91":0,"92":0,"93":0,"94":0,"95":0,"96":0,"97":0,"98":0,"99":0,"100":0,"101":0,"102":0,"103":0,"104":0,"105":0,"106":0,"107":0,"108":0,"109":0,"110":0,"111":0,"112":0,"113":0,"114":0,"115":0,"116":0,"117":0,"118":0,"119":0,"120":0,"121":0,"122":0,"123":0,"124":0,"125":0,"126":0,"127":0,"128":0,"129":0,"130":0,"131":0,"132":0,"133":0,"134":0,"135":0,"136":0,"137":0,"138":0,"139":0,"140":0,"141":0,"142":0,"143":0,"144":0,"145":0,"146":0,"147":0,"148":0,"149":0,"150":0,"151":0,"152":0,"153":0,"154":0,"155":0,"156":0,"157":0,"158":0,"159":0,"160":0,"161":0,"162":0,"163":0,"164":0,"165":0,"166":0,"167":0,"168":0,"169":0,"170":0,"171":0,"172":0,"173":0,"174":0,"175":0,"176":0,"177":0,"178":0,"179":0,"180":0,"181":0,"182":0,"183":0,"184":0,"185":0,"186":0,"187":0,"188":0,"189":0,"190":0,"191":0,"192":0,"193":0,"194":0,"195":0,"196":0,"197":0,"198":0,"199":0,"200":0,"201":0,"202":0,"203":0,"204":0,"205":0,"206":0,"207":0,"208":0,"209":0,"210":0,"211":0,"212":0,"213":0,"214":0,"215":0,"216":0,"217":0,"218":0,"219":0,"220":0,"221":0,"222":0,"223":0,"224":0,"225":0,"226":0,"227":0,"228":0,"229":0,"230":0,"231":0,"232":0,"233":0,"234":0,"235":0,"236":0,"237":0,"238":0,"239":0,"240":0,"241":0,"242":0,"243":0,"244":0,"245":0,"246":0,"247":0,"248":0,"249":0,"250":0,"251":0,"252":0,"253":0,"254":0,"255":0,"256":0,"257":0,"258":0,"259":0,"260":0,"261":0,"262":0,"263":0,"264":0,"265":0,"266":0,"267":0,"268":0,"269":0,"270":0,"271":0,"272":0,"273":0,"274":7},"f":{"0":0,"1":0,"2":0,"3":0,"4":0,"5":0,"6":0,"7":0,"8":0,"9":0,"10":0,"11":0,"12":0,"13":0,"14":0,"15":0,"16":0,"17":0,"18":0,"19":0,"20":0,"21":0,"22":0},"b":{"0":[0],"1":[0],"2":[0],"3":[0],"4":[0,0],"5":[0,0],"6":[0,0],"7":[0,0],"8":[0,0],"9":[0,0],"10":[0],"11":[0,0],"12":[0,0],"13":[0,0],"14":[0,0],"15":[0,0],"16":[0,0],"17":[0,0],"18":[0,0],"19":[0,0],"20":[0,0],"21":[0,0],"22":[0,0],"23":[0,0],"24":[0,0],"25":[0,0],"26":[0,0],"27":[0,0],"28":[0,0],"29":[0,0],"30":[0,0],"31":[0,0],"32":[0,0],"33":[0,0],"34":[0,0],"35":[0,0],"36":[0,0],"37":[0,0],"38":[0,0],"39":[0,0],"40":[0,0],"41":[0,0],"42":[0,0],"43":[0],"44":[0],"45":[0],"46":[0,0],"47":[0,0],"48":[0,0],"49":[0,0],"50":[0,0],"51":[0],"52":[0],"53":[0],"54":[0],"55":[0],"56":[0],"57":[0],"58":[0],"59":[0],"60":[0,0],"61":[0,0],"62":[0,0],"63":[0,0],"64":[0,0],"65":[0,0],"66":[0,0],"67":[0,0],"68":[0,0],"69":[0,0],"70":[0,0],"71":[0,0],"72":[0,0],"73":[0,0]},"_coverageSchema":"1a1c01bbd47fc00a2c39e90264f33305004495a9","hash":"d666c1404091b1fe436476957b34b9208a908db1"}
,"/home/xkalp/Desktop/kalp's projects /learnDules/backend/src/utils/response.js": {"path":"/home/xkalp/Desktop/kalp's projects /learnDules/backend/src/utils/response.js","statementMap":{"0":{"start":{"line":15,"column":19},"end":{"line":20,"column":3}},"1":{"start":{"line":22,"column":2},"end":{"line":22,"column":47}},"2":{"start":{"line":34,"column":19},"end":{"line":38,"column":3}},"3":{"start":{"line":40,"column":2},"end":{"line":42,"column":3}},"4":{"start":{"line":41,"column":4},"end":{"line":41,"column":31}},"5":{"start":{"line":44,"column":2},"end":{"line":44,"column":47}},"6":{"start":{"line":56,"column":19},"end":{"line":62,"column":3}},"7":{"start":{"line":64,"column":2},"end":{"line":64,"column":40}},"8":{"start":{"line":74,"column":2},"end":{"line":74,"column":66}},"9":{"start":{"line":84,"column":2},"end":{"line":84,"column":58}},"10":{"start":{"line":94,"column":2},"end":{"line":94,"column":42}},"11":{"start":{"line":104,"column":2},"end":{"line":104,"column":42}},"12":{"start":{"line":115,"column":2},"end":{"line":115,"column":50}},"13":{"start":{"line":126,"column":2},"end":{"line":126,"column":50}},"14":{"start":{"line":136,"column":2},"end":{"line":136,"column":50}},"15":{"start":{"line":147,"column":21},"end":{"line":147,"column":50}},"16":{"start":{"line":148,"column":18},"end":{"line":148,"column":35}},"17":{"start":{"line":149,"column":18},"end":{"line":149,"column":26}},"18":{"start":{"line":151,"column":2},"end":{"line":160,"column":4}},"19":{"start":{"line":163,"column":0},"end":{"line":175,"column":2}}},"fnMap":{"0":{"name":"successResponse","decl":{"start":{"line":14,"column":9},"end":{"line":14,"column":24}},"loc":{"start":{"line":14,"column":75},"end":{"line":23,"column":1}},"line":14},"1":{"name":"errorResponse","decl":{"start":{"line":33,"column":9},"end":{"line":33,"column":22}},"loc":{"start":{"line":33,"column":71},"end":{"line":45,"column":1}},"line":33},"2":{"name":"paginatedResponse","decl":{"start":{"line":55,"column":9},"end":{"line":55,"column":26}},"loc":{"start":{"line":55,"column":71},"end":{"line":65,"column":1}},"line":55},"3":{"name":"validationErrorResponse","decl":{"start":{"line":73,"column":9},"end":{"line":73,"column":32}},"loc":{"start":{"line":73,"column":46},"end":{"line":75,"column":1}},"line":73},"4":{"name":"notFoundResponse","decl":{"start":{"line":83,"column":9},"end":{"line":83,"column":25}},"loc":{"start":{"line":83,"column":54},"end":{"line":85,"column":1}},"line":83},"5":{"name":"unauthorizedResponse","decl":{"start":{"line":93,"column":9},"end":{"line":93,"column":29}},"loc":{"start":{"line":93,"column":61},"end":{"line":95,"column":1}},"line":93},"6":{"name":"forbiddenResponse","decl":{"start":{"line":103,"column":9},"end":{"line":103,"column":26}},"loc":{"start":{"line":103,"column":55},"end":{"line":105,"column":1}},"line":103},"7":{"name":"createdResponse","decl":{"start":{"line":114,"column":9},"end":{"line":114,"column":24}},"loc":{"start":{"line":114,"column":70},"end":{"line":116,"column":1}},"line":114},"8":{"name":"updatedResponse","decl":{"start":{"line":125,"column":9},"end":{"line":125,"column":24}},"loc":{"start":{"line":125,"column":70},"end":{"line":127,"column":1}},"line":125},"9":{"name":"deletedResponse","decl":{"start":{"line":135,"column":9},"end":{"line":135,"column":24}},"loc":{"start":{"line":135,"column":64},"end":{"line":137,"column":1}},"line":135},"10":{"name":"calculatePagination","decl":{"start":{"line":146,"column":9},"end":{"line":146,"column":28}},"loc":{"start":{"line":146,"column":54},"end":{"line":161,"column":1}},"line":146}},"branchMap":{"0":{"loc":{"start":{"line":14,"column":36},"end":{"line":14,"column":55}},"type":"default-arg","locations":[{"start":{"line":14,"column":46},"end":{"line":14,"column":55}}],"line":14},"1":{"loc":{"start":{"line":14,"column":57},"end":{"line":14,"column":73}},"type":"default-arg","locations":[{"start":{"line":14,"column":70},"end":{"line":14,"column":73}}],"line":14},"2":{"loc":{"start":{"line":33,"column":37},"end":{"line":33,"column":53}},"type":"default-arg","locations":[{"start":{"line":33,"column":50},"end":{"line":33,"column":53}}],"line":33},"3":{"loc":{"start":{"line":33,"column":55},"end":{"line":33,"column":69}},"type":"default-arg","locations":[{"start":{"line":33,"column":65},"end":{"line":33,"column":69}}],"line":33},"4":{"loc":{"start":{"line":40,"column":2},"end":{"line":42,"column":3}},"type":"if","locations":[{"start":{"line":40,"column":2},"end":{"line":42,"column":3}},{"start":{},"end":{}}],"line":40},"5":{"loc":{"start":{"line":55,"column":50},"end":{"line":55,"column":69}},"type":"default-arg","locations":[{"start":{"line":55,"column":60},"end":{"line":55,"column":69}}],"line":55},"6":{"loc":{"start":{"line":83,"column":31},"end":{"line":83,"column":52}},"type":"default-arg","locations":[{"start":{"line":83,"column":42},"end":{"line":83,"column":52}}],"line":83},"7":{"loc":{"start":{"line":93,"column":35},"end":{"line":93,"column":59}},"type":"default-arg","locations":[{"start":{"line":93,"column":45},"end":{"line":93,"column":59}}],"line":93},"8":{"loc":{"start":{"line":103,"column":32},"end":{"line":103,"column":53}},"type":"default-arg","locations":[{"start":{"line":103,"column":42},"end":{"line":103,"column":53}}],"line":103},"9":{"loc":{"start":{"line":114,"column":36},"end":{"line":114,"column":68}},"type":"default-arg","locations":[{"start":{"line":114,"column":46},"end":{"line":114,"column":68}}],"line":114},"10":{"loc":{"start":{"line":125,"column":36},"end":{"line":125,"column":68}},"type":"default-arg","locations":[{"start":{"line":125,"column":46},"end":{"line":125,"column":68}}],"line":125},"11":{"loc":{"start":{"line":135,"column":30},"end":{"line":135,"column":62}},"type":"default-arg","locations":[{"start":{"line":135,"column":40},"end":{"line":135,"column":62}}],"line":135},"12":{"loc":{"start":{"line":158,"column":14},"end":{"line":158,"column":39}},"type":"cond-expr","locations":[{"start":{"line":158,"column":24},"end":{"line":158,"column":32}},{"start":{"line":158,"column":35},"end":{"line":158,"column":39}}],"line":158},"13":{"loc":{"start":{"line":159,"column":14},"end":{"line":159,"column":39}},"type":"cond-expr","locations":[{"start":{"line":159,"column":24},"end":{"line":159,"column":32}},{"start":{"line":159,"column":35},"end":{"line":159,"column":39}}],"line":159}},"s":{"0":0,"1":0,"2":3,"3":3,"4":0,"5":3,"6":0,"7":0,"8":0,"9":0,"10":1,"11":0,"12":0,"13":0,"14":0,"15":0,"16":0,"17":0,"18":0,"19":8},"f":{"0":0,"1":3,"2":0,"3":0,"4":0,"5":1,"6":0,"7":0,"8":0,"9":0,"10":0},"b":{"0":[0],"1":[0],"2":[0],"3":[3],"4":[0,3],"5":[0],"6":[0],"7":[0],"8":[0],"9":[0],"10":[0],"11":[0],"12":[0,0],"13":[0,0]},"_coverageSchema":"1a1c01bbd47fc00a2c39e90264f33305004495a9","hash":"ee75c993a49a2240c6ec09ec6f2856fa75f82d7a"}
,"/home/xkalp/Desktop/kalp's projects /learnDules/backend/src/utils/token.js": {"path":"/home/xkalp/Desktop/kalp's projects /learnDules/backend/src/utils/token.js","statementMap":{"0":{"start":{"line":6,"column":12},"end":{"line":6,"column":35}},"1":{"start":{"line":7,"column":15},"end":{"line":7,"column":32}},"2":{"start":{"line":8,"column":15},"end":{"line":8,"column":39}},"3":{"start":{"line":16,"column":2},"end":{"line":20,"column":5}},"4":{"start":{"line":30,"column":24},"end":{"line":33,"column":3}},"5":{"start":{"line":35,"column":2},"end":{"line":39,"column":5}},"6":{"start":{"line":48,"column":2},"end":{"line":56,"column":3}},"7":{"start":{"line":49,"column":4},"end":{"line":52,"column":7}},"8":{"start":{"line":54,"column":4},"end":{"line":54,"column":70}},"9":{"start":{"line":55,"column":4},"end":{"line":55,"column":16}},"10":{"start":{"line":65,"column":2},"end":{"line":73,"column":3}},"11":{"start":{"line":66,"column":4},"end":{"line":69,"column":7}},"12":{"start":{"line":71,"column":4},"end":{"line":71,"column":71}},"13":{"start":{"line":72,"column":4},"end":{"line":72,"column":16}},"14":{"start":{"line":82,"column":22},"end":{"line":82,"column":50}},"15":{"start":{"line":83,"column":23},"end":{"line":83,"column":52}},"16":{"start":{"line":85,"column":2},"end":{"line":90,"column":4}},"17":{"start":{"line":99,"column":2},"end":{"line":104,"column":3}},"18":{"start":{"line":100,"column":4},"end":{"line":100,"column":49}},"19":{"start":{"line":102,"column":4},"end":{"line":102,"column":57}},"20":{"start":{"line":103,"column":4},"end":{"line":103,"column":16}},"21":{"start":{"line":113,"column":2},"end":{"line":123,"column":3}},"22":{"start":{"line":114,"column":20},"end":{"line":114,"column":37}},"23":{"start":{"line":115,"column":4},"end":{"line":117,"column":5}},"24":{"start":{"line":116,"column":6},"end":{"line":116,"column":18}},"25":{"start":{"line":119,"column":24},"end":{"line":119,"column":53}},"26":{"start":{"line":120,"column":4},"end":{"line":120,"column":37}},"27":{"start":{"line":122,"column":4},"end":{"line":122,"column":16}},"28":{"start":{"line":126,"column":0},"end":{"line":134,"column":2}}},"fnMap":{"0":{"name":"generateAccessToken","decl":{"start":{"line":15,"column":9},"end":{"line":15,"column":28}},"loc":{"start":{"line":15,"column":38},"end":{"line":21,"column":1}},"line":15},"1":{"name":"generateRefreshToken","decl":{"start":{"line":28,"column":9},"end":{"line":28,"column":29}},"loc":{"start":{"line":28,"column":39},"end":{"line":40,"column":1}},"line":28},"2":{"name":"verifyAccessToken","decl":{"start":{"line":47,"column":9},"end":{"line":47,"column":26}},"loc":{"start":{"line":47,"column":34},"end":{"line":57,"column":1}},"line":47},"3":{"name":"verifyRefreshToken","decl":{"start":{"line":64,"column":9},"end":{"line":64,"column":27}},"loc":{"start":{"line":64,"column":35},"end":{"line":74,"column":1}},"line":64},"4":{"name":"generateTokenPair","decl":{"start":{"line":81,"column":9},"end":{"line":81,"column":26}},"loc":{"start":{"line":81,"column":36},"end":{"line":91,"column":1}},"line":81},"5":{"name":"decodeToken","decl":{"start":{"line":98,"column":9},"end":{"line":98,"column":20}},"loc":{"start":{"line":98,"column":28},"end":{"line":105,"column":1}},"line":98},"6":{"name":"isTokenExpired","decl":{"start":{"line":112,"column":9},"end":{"line":112,"column":23}},"loc":{"start":{"line":112,"column":31},"end":{"line":124,"column":1}},"line":112}},"branchMap":{"0":{"loc":{"start":{"line":115,"column":4},"end":{"line":117,"column":5}},"type":"if","locations":[{"start":{"line":115,"column":4},"end":{"line":117,"column":5}},{"start":{},"end":{}}],"line":115},"1":{"loc":{"start":{"line":115,"column":8},"end":{"line":115,"column":32}},"type":"binary-expr","locations":[{"start":{"line":115,"column":8},"end":{"line":115,"column":16}},{"start":{"line":115,"column":20},"end":{"line":115,"column":32}}],"line":115}},"s":{"0":9,"1":9,"2":9,"3":5,"4":5,"5":5,"6":3,"7":3,"8":1,"9":1,"10":3,"11":3,"12":1,"13":1,"14":3,"15":3,"16":3,"17":1,"18":1,"19":0,"20":0,"21":2,"22":2,"23":2,"24":1,"25":1,"26":1,"27":0,"28":9},"f":{"0":5,"1":5,"2":3,"3":3,"4":3,"5":1,"6":2},"b":{"0":[1,1],"1":[2,1]},"_coverageSchema":"1a1c01bbd47fc00a2c39e90264f33305004495a9","hash":"349c24ef34e2e8c27b12ff4b7fe9cf9fb03324a1"}
,"/home/xkalp/Desktop/kalp's projects /learnDules/backend/src/utils/validators.js": {"path":"/home/xkalp/Desktop/kalp's projects /learnDules/backend/src/utils/validators.js","statementMap":{"0":{"start":{"line":6,"column":49},"end":{"line":6,"column":77}},"1":{"start":{"line":14,"column":31},"end":{"line":24,"column":1}},"2":{"start":{"line":15,"column":17},"end":{"line":15,"column":38}},"3":{"start":{"line":16,"column":2},"end":{"line":22,"column":3}},"4":{"start":{"line":17,"column":4},"end":{"line":21,"column":7}},"5":{"start":{"line":23,"column":2},"end":{"line":23,"column":9}},"6":{"start":{"line":27,"column":23},"end":{"line":69,"column":1}},"7":{"start":{"line":72,"column":27},"end":{"line":130,"column":1}},"8":{"start":{"line":133,"column":24},"end":{"line":146,"column":1}},"9":{"start":{"line":149,"column":23},"end":{"line":172,"column":1}},"10":{"start":{"line":175,"column":28},"end":{"line":211,"column":1}},"11":{"start":{"line":214,"column":25},"end":{"line":232,"column":1}},"12":{"start":{"line":240,"column":2},"end":{"line":242,"column":3}},"13":{"start":{"line":241,"column":4},"end":{"line":241,"column":17}},"14":{"start":{"line":244,"column":2},"end":{"line":247,"column":20}},"15":{"start":{"line":256,"column":21},"end":{"line":256,"column":49}},"16":{"start":{"line":257,"column":2},"end":{"line":257,"column":32}},"17":{"start":{"line":266,"column":20},"end":{"line":266,"column":96}},"18":{"start":{"line":267,"column":2},"end":{"line":267,"column":30}},"19":{"start":{"line":270,"column":0},"end":{"line":281,"column":2}}},"fnMap":{"0":{"name":"(anonymous_0)","decl":{"start":{"line":14,"column":31},"end":{"line":14,"column":32}},"loc":{"start":{"line":14,"column":51},"end":{"line":24,"column":1}},"line":14},"1":{"name":"sanitizeInput","decl":{"start":{"line":239,"column":9},"end":{"line":239,"column":22}},"loc":{"start":{"line":239,"column":30},"end":{"line":248,"column":1}},"line":239},"2":{"name":"isValidEmail","decl":{"start":{"line":255,"column":9},"end":{"line":255,"column":21}},"loc":{"start":{"line":255,"column":29},"end":{"line":258,"column":1}},"line":255},"3":{"name":"isValidUUID","decl":{"start":{"line":265,"column":9},"end":{"line":265,"column":20}},"loc":{"start":{"line":265,"column":27},"end":{"line":268,"column":1}},"line":265}},"branchMap":{"0":{"loc":{"start":{"line":16,"column":2},"end":{"line":22,"column":3}},"type":"if","locations":[{"start":{"line":16,"column":2},"end":{"line":22,"column":3}},{"start":{},"end":{}}],"line":16},"1":{"loc":{"start":{"line":240,"column":2},"end":{"line":242,"column":3}},"type":"if","locations":[{"start":{"line":240,"column":2},"end":{"line":242,"column":3}},{"start":{},"end":{}}],"line":240}},"s":{"0":7,"1":7,"2":3,"3":3,"4":1,"5":2,"6":7,"7":7,"8":7,"9":7,"10":7,"11":7,"12":0,"13":0,"14":0,"15":0,"16":0,"17":0,"18":0,"19":7},"f":{"0":3,"1":0,"2":0,"3":0},"b":{"0":[1,2],"1":[0,0]},"_coverageSchema":"1a1c01bbd47fc00a2c39e90264f33305004495a9","hash":"be02fd1eb33b0575c8d0629fd32ad486415c9846"}
}
