TN:
SF:src/app.js
FN:43,createApp
FN:48,(anonymous_1)
FN:90,(anonymous_2)
FN:155,(anonymous_3)
FN:167,(anonymous_4)
FN:179,(anonymous_5)
FN:243,initializeApp
FNF:7
FNH:6
FNDA:7,createApp
FNDA:14,(anonymous_1)
FNDA:9,(anonymous_2)
FNDA:1,(anonymous_3)
FNDA:1,(anonymous_4)
FNDA:1,(anonymous_5)
FNDA:0,initializeApp
DA:6,7
DA:7,7
DA:8,7
DA:9,7
DA:10,7
DA:11,7
DA:13,7
DA:14,7
DA:15,7
DA:16,7
DA:17,7
DA:20,7
DA:21,7
DA:22,7
DA:23,7
DA:24,7
DA:25,7
DA:26,7
DA:27,7
DA:28,7
DA:29,7
DA:30,7
DA:31,7
DA:32,7
DA:33,7
DA:34,7
DA:35,7
DA:36,7
DA:37,7
DA:44,7
DA:46,7
DA:48,14
DA:50,7
DA:52,7
DA:56,7
DA:59,7
DA:70,7
DA:73,7
DA:76,7
DA:89,7
DA:92,9
DA:95,0
DA:96,0
DA:99,0
DA:100,0
DA:103,0
DA:111,7
DA:121,7
DA:124,7
DA:134,7
DA:137,7
DA:138,0
DA:140,7
DA:144,7
DA:145,7
DA:148,7
DA:149,7
DA:152,7
DA:155,7
DA:156,1
DA:167,7
DA:168,1
DA:169,1
DA:171,0
DA:172,0
DA:174,0
DA:175,0
DA:179,7
DA:180,1
DA:210,7
DA:211,7
DA:212,7
DA:213,7
DA:214,7
DA:215,7
DA:216,7
DA:217,7
DA:218,7
DA:219,7
DA:220,7
DA:221,7
DA:222,7
DA:223,7
DA:224,7
DA:225,7
DA:226,7
DA:227,7
DA:231,7
DA:234,7
DA:236,7
DA:244,0
DA:245,0
DA:248,0
DA:251,0
DA:254,0
DA:256,0
DA:257,0
DA:259,0
DA:260,0
DA:264,7
LF:100
LH:81
BRDA:46,0,0,7
BRDA:46,0,1,0
BRDA:52,1,0,7
BRDA:52,1,1,0
BRDA:92,2,0,9
BRDA:92,2,1,0
BRDA:95,3,0,0
BRDA:95,3,1,0
BRDA:99,4,0,0
BRDA:99,4,1,0
BRDA:137,5,0,0
BRDA:137,5,1,7
BRDA:159,6,0,1
BRDA:159,6,1,0
BRDA:168,7,0,1
BRDA:168,7,1,0
BRDA:172,8,0,0
BRDA:172,8,1,0
BRDA:175,9,0,0
BRDA:175,9,1,0
BRF:20
BRH:6
end_of_record
TN:
SF:src/config/cloudinary.js
FN:23,uploadImage
FN:24,(anonymous_1)
FN:36,(anonymous_2)
FN:54,deleteImage
FN:68,extractPublicId
FN:75,(anonymous_5)
FNF:6
FNH:0
FNDA:0,uploadImage
FNDA:0,(anonymous_1)
FNDA:0,(anonymous_2)
FNDA:0,deleteImage
FNDA:0,extractPublicId
FNDA:0,(anonymous_5)
DA:6,7
DA:7,7
DA:10,7
DA:24,0
DA:25,0
DA:37,0
DA:38,0
DA:40,0
DA:45,0
DA:55,0
DA:56,0
DA:58,0
DA:59,0
DA:69,0
DA:70,0
DA:73,0
DA:74,0
DA:75,0
DA:76,0
DA:79,0
DA:80,0
DA:83,0
DA:85,0
DA:86,0
DA:90,7
LF:25
LH:4
BRDA:23,0,0,0
BRDA:23,1,0,0
BRDA:37,2,0,0
BRDA:37,2,1,0
BRDA:69,3,0,0
BRDA:69,3,1,0
BRDA:69,4,0,0
BRDA:69,4,1,0
BRDA:76,5,0,0
BRDA:76,5,1,0
BRF:10
BRH:0
end_of_record
TN:
SF:src/config/db.js
FN:19,connectDatabase
FN:37,disconnectDatabase
FN:49,(anonymous_2)
FN:54,(anonymous_3)
FN:58,(anonymous_4)
FN:64,(anonymous_5)
FNF:6
FNH:0
FNDA:0,connectDatabase
FNDA:0,disconnectDatabase
FNDA:0,(anonymous_2)
FNDA:0,(anonymous_3)
FNDA:0,(anonymous_4)
FNDA:0,(anonymous_5)
DA:6,9
DA:7,9
DA:10,9
DA:20,0
DA:21,0
DA:22,0
DA:25,0
DA:26,0
DA:28,0
DA:29,0
DA:38,0
DA:39,0
DA:40,0
DA:42,0
DA:49,9
DA:50,0
DA:54,9
DA:55,0
DA:58,9
DA:59,0
DA:60,0
DA:61,0
DA:64,9
DA:65,0
DA:66,0
DA:67,0
DA:70,9
LF:27
LH:8
BRDA:11,0,0,0
BRDA:11,0,1,9
BRF:2
BRH:1
end_of_record
TN:
SF:src/config/env.js
FN:14,requireEnv
FN:23,optionalNumber
FNF:2
FNH:2
FNDA:36,requireEnv
FNDA:27,optionalNumber
DA:6,9
DA:11,9
DA:15,36
DA:16,36
DA:17,0
DA:19,36
DA:24,27
DA:25,27
DA:28,9
DA:89,9
DA:90,9
DA:91,9
DA:92,9
DA:93,9
DA:94,9
DA:97,9
LF:16
LH:15
BRDA:16,0,0,0
BRDA:16,0,1,36
BRDA:25,1,0,0
BRDA:25,1,1,27
BRDA:32,2,0,9
BRDA:32,2,1,0
BRDA:33,3,0,9
BRDA:33,3,1,0
BRDA:46,4,0,9
BRDA:46,4,1,0
BRDA:47,5,0,9
BRDA:47,5,1,0
BRDA:52,6,0,9
BRDA:52,6,1,0
BRDA:53,7,0,9
BRDA:53,7,1,0
BRDA:54,8,0,9
BRDA:54,8,1,9
BRDA:55,9,0,9
BRDA:55,9,1,0
BRDA:60,10,0,9
BRDA:60,10,1,0
BRDA:77,11,0,9
BRDA:77,11,1,0
BRDA:78,12,0,9
BRDA:78,12,1,0
BRDA:83,13,0,9
BRDA:83,13,1,9
BRDA:84,14,0,9
BRDA:84,14,1,9
BRDA:85,15,0,9
BRDA:85,15,1,9
BRDA:89,16,0,9
BRDA:89,16,1,0
BRDA:93,17,0,9
BRDA:93,17,1,0
BRDA:94,18,0,9
BRDA:94,18,1,0
BRF:38
BRH:23
end_of_record
TN:
SF:src/config/passport.js
FN:5,(anonymous_0)
FN:9,(anonymous_1)
FNF:2
FNH:0
FNDA:0,(anonymous_0)
FNDA:0,(anonymous_1)
DA:1,7
DA:2,7
DA:3,7
DA:5,7
DA:6,0
DA:9,7
DA:10,0
DA:11,0
DA:12,0
DA:14,0
DA:22,7
LF:11
LH:6
BRF:0
BRH:0
end_of_record
TN:
SF:src/config/redis.js
FN:16,connectRedis
FN:24,(anonymous_1)
FN:34,(anonymous_2)
FN:38,(anonymous_3)
FN:42,(anonymous_4)
FN:46,(anonymous_5)
FN:50,(anonymous_6)
FN:66,disconnectRedis
FN:81,getRedisClient
FN:92,setCache
FN:110,getCache
FN:128,deleteCache
FN:146,deleteCachePattern
FN:167,existsCache
FNF:14
FNH:0
FNDA:0,connectRedis
FNDA:0,(anonymous_1)
FNDA:0,(anonymous_2)
FNDA:0,(anonymous_3)
FNDA:0,(anonymous_4)
FNDA:0,(anonymous_5)
FNDA:0,(anonymous_6)
FNDA:0,disconnectRedis
FNDA:0,getRedisClient
FNDA:0,setCache
FNDA:0,getCache
FNDA:0,deleteCache
FNDA:0,deleteCachePattern
FNDA:0,existsCache
DA:6,7
DA:7,7
DA:10,7
DA:17,0
DA:18,0
DA:19,0
DA:25,0
DA:26,0
DA:31,0
DA:34,0
DA:35,0
DA:38,0
DA:39,0
DA:42,0
DA:43,0
DA:46,0
DA:47,0
DA:50,0
DA:51,0
DA:54,0
DA:57,0
DA:67,0
DA:68,0
DA:69,0
DA:70,0
DA:73,0
DA:82,0
DA:93,0
DA:94,0
DA:95,0
DA:96,0
DA:98,0
DA:100,0
DA:101,0
DA:111,0
DA:112,0
DA:113,0
DA:114,0
DA:116,0
DA:118,0
DA:119,0
DA:129,0
DA:130,0
DA:131,0
DA:132,0
DA:134,0
DA:136,0
DA:137,0
DA:147,0
DA:148,0
DA:149,0
DA:150,0
DA:151,0
DA:153,0
DA:155,0
DA:157,0
DA:158,0
DA:168,0
DA:169,0
DA:170,0
DA:171,0
DA:173,0
DA:175,0
DA:176,0
DA:180,7
LF:65
LH:4
BRDA:18,0,0,0
BRDA:18,0,1,0
BRDA:18,1,0,0
BRDA:18,1,1,0
BRDA:20,2,0,0
BRDA:20,2,1,0
BRDA:21,3,0,0
BRDA:21,3,1,0
BRDA:22,4,0,0
BRDA:22,4,1,0
BRDA:23,5,0,0
BRDA:23,5,1,0
BRDA:68,6,0,0
BRDA:68,6,1,0
BRDA:92,7,0,0
BRDA:94,8,0,0
BRDA:94,8,1,0
BRDA:94,9,0,0
BRDA:94,9,1,0
BRDA:112,10,0,0
BRDA:112,10,1,0
BRDA:112,11,0,0
BRDA:112,11,1,0
BRDA:114,12,0,0
BRDA:114,12,1,0
BRDA:130,13,0,0
BRDA:130,13,1,0
BRDA:130,14,0,0
BRDA:130,14,1,0
BRDA:148,15,0,0
BRDA:148,15,1,0
BRDA:148,16,0,0
BRDA:148,16,1,0
BRDA:150,17,0,0
BRDA:150,17,1,0
BRDA:169,18,0,0
BRDA:169,18,1,0
BRDA:169,19,0,0
BRDA:169,19,1,0
BRF:39
BRH:0
end_of_record
TN:
SF:src/controllers/auth.controller.js
FN:4,(anonymous_0)
FN:17,(anonymous_1)
FN:30,(anonymous_2)
FN:47,(anonymous_3)
FN:57,(anonymous_4)
FN:68,(anonymous_5)
FN:76,(anonymous_6)
FN:81,(anonymous_7)
FN:87,(anonymous_8)
FNF:9
FNH:3
FNDA:1,(anonymous_0)
FNDA:1,(anonymous_1)
FNDA:0,(anonymous_2)
FNDA:0,(anonymous_3)
FNDA:0,(anonymous_4)
FNDA:0,(anonymous_5)
FNDA:0,(anonymous_6)
FNDA:0,(anonymous_7)
FNDA:1,(anonymous_8)
DA:1,7
DA:2,7
DA:4,7
DA:5,1
DA:6,1
DA:17,7
DA:18,1
DA:19,1
DA:30,7
DA:31,0
DA:32,0
DA:33,0
DA:35,0
DA:36,0
DA:47,7
DA:48,0
DA:49,0
DA:50,0
DA:57,7
DA:58,0
DA:59,0
DA:60,0
DA:62,0
DA:68,7
DA:69,0
DA:70,0
DA:76,7
DA:77,0
DA:78,0
DA:81,7
DA:82,0
DA:83,0
DA:84,0
DA:87,7
DA:88,1
DA:95,7
LF:36
LH:17
BRDA:32,0,0,0
BRDA:32,0,1,0
BRDA:59,1,0,0
BRDA:59,1,1,0
BRF:4
BRH:0
end_of_record
TN:
SF:src/controllers/googleAuth.controller.js
FN:15,getGoogleAuthUrl
FN:42,handleGoogleCallback
FN:207,handleGoogleMobileAuth
FNF:3
FNH:0
FNDA:0,getGoogleAuthUrl
FNDA:0,handleGoogleCallback
FNDA:0,handleGoogleMobileAuth
DA:6,7
DA:7,7
DA:16,0
DA:17,0
DA:18,0
DA:20,0
DA:27,0
DA:28,0
DA:43,0
DA:45,0
DA:47,0
DA:48,0
DA:49,0
DA:50,0
DA:54,0
DA:55,0
DA:56,0
DA:60,0
DA:64,0
DA:67,0
DA:71,0
DA:126,0
DA:127,0
DA:128,0
DA:132,0
DA:134,0
DA:135,0
DA:137,0
DA:208,0
DA:210,0
DA:211,0
DA:212,0
DA:219,0
DA:221,0
DA:227,0
DA:228,0
DA:235,7
LF:37
LH:3
BRDA:47,0,0,0
BRDA:47,0,1,0
BRDA:49,1,0,0
BRDA:49,1,1,0
BRDA:54,2,0,0
BRDA:54,2,1,0
BRDA:55,3,0,0
BRDA:55,3,1,0
BRDA:64,4,0,0
BRDA:64,4,1,0
BRDA:126,5,0,0
BRDA:126,5,1,0
BRDA:134,6,0,0
BRDA:134,6,1,0
BRDA:135,7,0,0
BRDA:135,7,1,0
BRDA:211,8,0,0
BRDA:211,8,1,0
BRDA:211,9,0,0
BRDA:211,9,1,0
BRDA:230,10,0,0
BRDA:230,10,1,0
BRF:22
BRH:0
end_of_record
TN:
SF:src/controllers/health.controller.js
FN:13,(anonymous_0)
FNF:1
FNH:1
FNDA:2,(anonymous_0)
DA:6,8
DA:13,8
DA:14,2
LF:3
LH:3
BRDA:19,0,0,2
BRDA:19,0,1,0
BRF:2
BRH:1
end_of_record
TN:
SF:src/controllers/saved.controller.js
FN:4,(anonymous_0)
FN:44,(anonymous_1)
FN:80,(anonymous_2)
FNF:3
FNH:0
FNDA:0,(anonymous_0)
FNDA:0,(anonymous_1)
FNDA:0,(anonymous_2)
DA:1,7
DA:2,7
DA:4,7
DA:5,0
DA:6,0
DA:7,0
DA:9,0
DA:10,0
DA:13,0
DA:22,0
DA:24,0
DA:27,0
DA:30,0
DA:36,0
DA:39,0
DA:40,0
DA:44,7
DA:45,0
DA:46,0
DA:47,0
DA:48,0
DA:49,0
DA:51,0
DA:79,0
DA:80,0
DA:93,0
DA:94,0
LF:27
LH:4
BRDA:9,0,0,0
BRDA:9,0,1,0
BRDA:22,1,0,0
BRDA:22,1,1,0
BRDA:47,2,0,0
BRDA:47,2,1,0
BRDA:48,3,0,0
BRDA:48,3,1,0
BRF:8
BRH:0
end_of_record
TN:
SF:src/controllers/user.controller.js
FN:12,(anonymous_0)
FN:32,(anonymous_1)
FN:45,(anonymous_2)
FN:58,(anonymous_3)
FN:80,(anonymous_4)
FN:100,(anonymous_5)
FN:112,(anonymous_6)
FN:129,(anonymous_7)
FN:142,(anonymous_8)
FN:155,(anonymous_9)
FN:168,(anonymous_10)
FN:186,(anonymous_11)
FN:202,(anonymous_12)
FN:218,(anonymous_13)
FNF:14
FNH:0
FNDA:0,(anonymous_0)
FNDA:0,(anonymous_1)
FNDA:0,(anonymous_2)
FNDA:0,(anonymous_3)
FNDA:0,(anonymous_4)
FNDA:0,(anonymous_5)
FNDA:0,(anonymous_6)
FNDA:0,(anonymous_7)
FNDA:0,(anonymous_8)
FNDA:0,(anonymous_9)
FNDA:0,(anonymous_10)
FNDA:0,(anonymous_11)
FNDA:0,(anonymous_12)
FNDA:0,(anonymous_13)
DA:6,7
DA:7,7
DA:12,7
DA:13,0
DA:14,0
DA:21,0
DA:32,7
DA:33,0
DA:35,0
DA:45,7
DA:46,0
DA:48,0
DA:58,7
DA:59,0
DA:60,0
DA:62,0
DA:70,0
DA:80,7
DA:81,0
DA:82,0
DA:88,0
DA:90,0
DA:100,7
DA:101,0
DA:103,0
DA:112,7
DA:113,0
DA:114,0
DA:116,0
DA:129,7
DA:130,0
DA:131,0
DA:133,0
DA:142,7
DA:143,0
DA:144,0
DA:146,0
DA:155,7
DA:156,0
DA:157,0
DA:159,0
DA:168,7
DA:169,0
DA:170,0
DA:175,0
DA:186,7
DA:188,0
DA:189,0
DA:191,0
DA:202,7
DA:204,0
DA:205,0
DA:207,0
DA:218,7
DA:219,0
DA:220,0
DA:222,0
DA:229,7
LF:58
LH:17
BRDA:15,0,0,0
BRDA:15,0,1,0
BRDA:16,1,0,0
BRDA:16,1,1,0
BRDA:81,2,0,0
BRDA:81,2,1,0
BRDA:118,3,0,0
BRDA:118,3,1,0
BRDA:135,4,0,0
BRDA:135,4,1,0
BRDA:148,5,0,0
BRDA:148,5,1,0
BRDA:161,6,0,0
BRDA:161,6,1,0
BRDA:171,7,0,0
BRDA:171,7,1,0
BRDA:172,8,0,0
BRDA:172,8,1,0
BRDA:188,9,0,0
BRDA:188,9,1,0
BRDA:195,10,0,0
BRDA:195,10,1,0
BRDA:204,11,0,0
BRDA:204,11,1,0
BRDA:211,12,0,0
BRDA:211,12,1,0
BRF:26
BRH:0
end_of_record
TN:
SF:src/middlewares/auth.middleware.js
FN:16,authenticateToken
FN:86,optionalAuth
FN:130,checkResourceOwnership
FN:139,requireOwnership
FN:140,(anonymous_4)
FN:166,authRateLimit
FN:169,(anonymous_6)
FN:212,extractUserId
FN:238,requireAdmin
FNF:9
FNH:3
FNDA:2,authenticateToken
FNDA:0,optionalAuth
FNDA:0,checkResourceOwnership
FNDA:0,requireOwnership
FNDA:0,(anonymous_4)
FNDA:31,authRateLimit
FNDA:11,(anonymous_6)
FNDA:0,extractUserId
FNDA:0,requireAdmin
DA:6,8
DA:7,8
DA:8,8
DA:17,2
DA:19,2
DA:20,2
DA:22,2
DA:23,1
DA:27,1
DA:28,1
DA:29,0
DA:30,0
DA:34,1
DA:60,1
DA:61,0
DA:64,1
DA:65,0
DA:69,1
DA:70,1
DA:72,1
DA:74,0
DA:75,0
DA:87,0
DA:88,0
DA:89,0
DA:91,0
DA:92,0
DA:94,0
DA:95,0
DA:109,0
DA:110,0
DA:111,0
DA:116,0
DA:119,0
DA:120,0
DA:131,0
DA:140,0
DA:141,0
DA:142,0
DA:143,0
DA:145,0
DA:146,0
DA:152,0
DA:154,0
DA:155,0
DA:167,31
DA:169,31
DA:170,11
DA:171,11
DA:174,11
DA:175,5
DA:176,1
DA:181,11
DA:183,11
DA:184,3
DA:185,2
DA:186,2
DA:193,1
DA:195,8
DA:201,9
DA:213,0
DA:214,0
DA:215,0
DA:217,0
DA:218,0
DA:219,0
DA:220,0
DA:224,0
DA:227,0
DA:239,0
DA:240,0
DA:241,0
DA:244,0
DA:245,0
DA:248,0
DA:250,0
DA:251,0
DA:255,8
LF:78
LH:32
BRDA:20,0,0,2
BRDA:20,0,1,1
BRDA:22,1,0,1
BRDA:22,1,1,1
BRDA:28,2,0,0
BRDA:28,2,1,1
BRDA:60,3,0,0
BRDA:60,3,1,1
BRDA:64,4,0,0
BRDA:64,4,1,1
BRDA:89,5,0,0
BRDA:89,5,1,0
BRDA:91,6,0,0
BRDA:91,6,1,0
BRDA:94,7,0,0
BRDA:94,7,1,0
BRDA:109,8,0,0
BRDA:109,8,1,0
BRDA:139,9,0,0
BRDA:145,10,0,0
BRDA:145,10,1,0
BRDA:166,11,0,0
BRDA:166,12,0,0
BRDA:170,13,0,11
BRDA:170,13,1,0
BRDA:175,14,0,1
BRDA:175,14,1,4
BRDA:183,15,0,3
BRDA:183,15,1,8
BRDA:184,16,0,2
BRDA:184,16,1,1
BRDA:215,17,0,0
BRDA:215,17,1,0
BRDA:217,18,0,0
BRDA:217,18,1,0
BRDA:219,19,0,0
BRDA:219,19,1,0
BRDA:219,20,0,0
BRDA:219,20,1,0
BRDA:240,21,0,0
BRDA:240,21,1,0
BRDA:244,22,0,0
BRDA:244,22,1,0
BRF:43
BRH:14
end_of_record
TN:
SF:src/middlewares/error.middleware.js
FN:16,errorHandler
FN:79,handlePrismaError
FN:114,handleDuplicateKeyError
FN:135,notFoundHandler
FN:146,asyncHandler
FN:147,(anonymous_5)
FN:156,(anonymous_6)
FN:171,(anonymous_7)
FN:172,(anonymous_8)
FN:173,(anonymous_9)
FN:174,(anonymous_10)
FN:175,(anonymous_11)
FN:176,(anonymous_12)
FN:177,(anonymous_13)
FNF:14
FNH:2
FNDA:0,errorHandler
FNDA:0,handlePrismaError
FNDA:0,handleDuplicateKeyError
FNDA:0,notFoundHandler
FNDA:336,asyncHandler
FNDA:2,(anonymous_5)
FNDA:0,(anonymous_6)
FNDA:0,(anonymous_7)
FNDA:0,(anonymous_8)
FNDA:0,(anonymous_9)
FNDA:0,(anonymous_10)
FNDA:0,(anonymous_11)
FNDA:0,(anonymous_12)
FNDA:0,(anonymous_13)
DA:6,7
DA:7,7
DA:17,0
DA:28,0
DA:29,0
DA:33,0
DA:34,0
DA:37,0
DA:38,0
DA:42,0
DA:43,0
DA:47,0
DA:48,0
DA:52,0
DA:53,0
DA:57,0
DA:58,0
DA:62,0
DA:63,0
DA:66,0
DA:71,0
DA:80,0
DA:82,0
DA:84,0
DA:85,0
DA:88,0
DA:91,0
DA:94,0
DA:97,0
DA:98,0
DA:101,0
DA:104,0
DA:105,0
DA:116,0
DA:118,0
DA:119,0
DA:120,0
DA:121,0
DA:122,0
DA:123,0
DA:126,0
DA:136,0
DA:137,0
DA:147,336
DA:148,2
DA:157,0
DA:159,0
DA:160,0
DA:161,0
DA:163,0
DA:170,7
DA:171,0
DA:172,0
DA:173,0
DA:174,0
DA:175,0
DA:176,0
DA:177,0
DA:180,7
LF:59
LH:6
BRDA:28,0,0,0
BRDA:28,0,1,0
BRDA:28,1,0,0
BRDA:28,1,1,0
BRDA:33,2,0,0
BRDA:33,2,1,0
BRDA:37,3,0,0
BRDA:37,3,1,0
BRDA:42,4,0,0
BRDA:42,4,1,0
BRDA:47,5,0,0
BRDA:47,5,1,0
BRDA:52,6,0,0
BRDA:52,6,1,0
BRDA:52,7,0,0
BRDA:52,7,1,0
BRDA:57,8,0,0
BRDA:57,8,1,0
BRDA:62,9,0,0
BRDA:62,9,1,0
BRDA:62,9,2,0
BRDA:63,10,0,0
BRDA:63,10,1,0
BRDA:66,11,0,0
BRDA:66,11,1,0
BRDA:82,12,0,0
BRDA:82,12,1,0
BRDA:82,12,2,0
BRDA:82,12,3,0
BRDA:82,12,4,0
BRDA:82,12,5,0
BRDA:82,12,6,0
BRDA:84,13,0,0
BRDA:84,13,1,0
BRDA:118,14,0,0
BRDA:118,14,1,0
BRDA:120,15,0,0
BRDA:120,15,1,0
BRDA:122,16,0,0
BRDA:122,16,1,0
BRDA:156,17,0,0
BRDA:160,18,0,0
BRDA:160,18,1,0
BRDA:160,19,0,0
BRDA:160,19,1,0
BRDA:171,20,0,0
BRDA:172,21,0,0
BRDA:173,22,0,0
BRDA:174,23,0,0
BRDA:175,24,0,0
BRDA:176,25,0,0
BRDA:177,26,0,0
BRF:52
BRH:0
end_of_record
TN:
SF:src/middlewares/upload.middleware.js
FN:13,(anonymous_0)
FN:35,(anonymous_1)
FNF:2
FNH:0
FNDA:0,(anonymous_0)
FNDA:0,(anonymous_1)
DA:6,7
DA:7,7
DA:10,7
DA:13,7
DA:14,0
DA:15,0
DA:16,0
DA:18,0
DA:19,0
DA:21,0
DA:26,7
DA:35,7
DA:36,0
DA:37,0
DA:38,0
DA:43,0
DA:47,0
DA:48,0
DA:53,0
DA:56,7
LF:20
LH:7
BRDA:18,0,0,0
BRDA:18,0,1,0
BRDA:18,1,0,0
BRDA:18,1,1,0
BRDA:36,2,0,0
BRDA:36,2,1,0
BRDA:37,3,0,0
BRDA:37,3,1,0
BRDA:47,4,0,0
BRDA:47,4,1,0
BRDA:50,5,0,0
BRDA:50,5,1,0
BRF:12
BRH:0
end_of_record
TN:
SF:src/routes/admin.routes.js
FN:14,(anonymous_0)
FN:22,(anonymous_1)
FN:45,(anonymous_2)
FN:67,(anonymous_3)
FN:86,(anonymous_4)
FN:105,(anonymous_5)
FN:124,(anonymous_6)
FN:144,(anonymous_7)
FN:158,(anonymous_8)
FN:173,(anonymous_9)
FN:183,(anonymous_10)
FN:197,(anonymous_11)
FN:212,(anonymous_12)
FN:234,(anonymous_13)
FN:256,(anonymous_14)
FN:266,(anonymous_15)
FN:282,(anonymous_16)
FN:297,(anonymous_17)
FNF:18
FNH:0
FNDA:0,(anonymous_0)
FNDA:0,(anonymous_1)
FNDA:0,(anonymous_2)
FNDA:0,(anonymous_3)
FNDA:0,(anonymous_4)
FNDA:0,(anonymous_5)
FNDA:0,(anonymous_6)
FNDA:0,(anonymous_7)
FNDA:0,(anonymous_8)
FNDA:0,(anonymous_9)
FNDA:0,(anonymous_10)
FNDA:0,(anonymous_11)
FNDA:0,(anonymous_12)
FNDA:0,(anonymous_13)
FNDA:0,(anonymous_14)
FNDA:0,(anonymous_15)
FNDA:0,(anonymous_16)
FNDA:0,(anonymous_17)
DA:1,7
DA:2,7
DA:3,7
DA:4,7
DA:5,7
DA:6,7
DA:14,7
DA:15,0
DA:16,0
DA:18,0
DA:22,7
DA:23,0
DA:25,0
DA:26,0
DA:28,0
DA:29,0
DA:32,0
DA:33,0
DA:36,0
DA:45,7
DA:46,0
DA:47,0
DA:48,0
DA:52,0
DA:53,0
DA:54,0
DA:56,0
DA:58,0
DA:67,7
DA:68,0
DA:69,0
DA:70,0
DA:74,0
DA:75,0
DA:77,0
DA:86,7
DA:87,0
DA:88,0
DA:89,0
DA:93,0
DA:94,0
DA:96,0
DA:105,7
DA:106,0
DA:107,0
DA:108,0
DA:112,0
DA:113,0
DA:115,0
DA:124,7
DA:125,0
DA:126,0
DA:127,0
DA:130,0
DA:132,0
DA:133,0
DA:135,0
DA:144,7
DA:145,0
DA:146,0
DA:150,0
DA:151,0
DA:153,0
DA:158,7
DA:159,0
DA:160,0
DA:161,0
DA:166,0
DA:168,0
DA:173,7
DA:174,0
DA:175,0
DA:176,0
DA:178,0
DA:183,7
DA:184,0
DA:185,0
DA:186,0
DA:187,0
DA:189,0
DA:190,0
DA:192,0
DA:197,7
DA:198,0
DA:199,0
DA:200,0
DA:205,0
DA:207,0
DA:212,7
DA:213,0
DA:214,0
DA:215,0
DA:216,0
DA:221,0
DA:227,0
DA:229,0
DA:234,7
DA:235,0
DA:236,0
DA:237,0
DA:238,0
DA:243,0
DA:249,0
DA:251,0
DA:256,7
DA:257,0
DA:258,0
DA:259,0
DA:261,0
DA:266,7
DA:267,0
DA:268,0
DA:269,0
DA:275,0
DA:277,0
DA:282,7
DA:283,0
DA:284,0
DA:285,0
DA:290,0
DA:292,0
DA:297,7
DA:298,0
DA:299,0
DA:300,0
DA:301,0
DA:303,0
DA:304,0
DA:306,0
DA:310,7
LF:130
LH:25
BRDA:15,0,0,0
BRDA:15,0,1,0
BRDA:47,1,0,0
BRDA:47,1,1,0
BRDA:48,2,0,0
BRDA:48,2,1,0
BRDA:53,3,0,0
BRDA:53,3,1,0
BRDA:69,4,0,0
BRDA:69,4,1,0
BRDA:70,5,0,0
BRDA:70,5,1,0
BRDA:88,6,0,0
BRDA:88,6,1,0
BRDA:89,7,0,0
BRDA:89,7,1,0
BRDA:107,8,0,0
BRDA:107,8,1,0
BRDA:108,9,0,0
BRDA:108,9,1,0
BRDA:126,10,0,0
BRDA:126,10,1,0
BRDA:127,11,0,0
BRDA:127,11,1,0
BRDA:130,12,0,0
BRDA:130,12,1,0
BRDA:146,13,0,0
BRDA:146,13,1,0
BRDA:163,14,0,0
BRDA:163,14,1,0
BRDA:164,15,0,0
BRDA:164,15,1,0
BRDA:186,16,0,0
BRDA:186,16,1,0
BRDA:202,17,0,0
BRDA:202,17,1,0
BRDA:203,18,0,0
BRDA:203,18,1,0
BRDA:215,19,0,0
BRDA:215,19,1,0
BRDA:215,20,0,0
BRDA:215,20,1,0
BRDA:237,21,0,0
BRDA:237,21,1,0
BRDA:237,22,0,0
BRDA:237,22,1,0
BRDA:270,23,0,0
BRDA:270,23,1,0
BRDA:272,24,0,0
BRDA:272,24,1,0
BRDA:273,25,0,0
BRDA:273,25,1,0
BRDA:286,26,0,0
BRDA:286,26,1,0
BRDA:287,27,0,0
BRDA:287,27,1,0
BRDA:300,28,0,0
BRDA:300,28,1,0
BRF:58
BRH:0
end_of_record
TN:
SF:src/routes/attempts.routes.js
FN:11,(anonymous_0)
FN:27,(anonymous_1)
FN:37,(anonymous_2)
FN:47,(anonymous_3)
FN:61,(anonymous_4)
FN:80,(anonymous_5)
FN:104,(anonymous_6)
FN:114,(anonymous_7)
FNF:8
FNH:0
FNDA:0,(anonymous_0)
FNDA:0,(anonymous_1)
FNDA:0,(anonymous_2)
FNDA:0,(anonymous_3)
FNDA:0,(anonymous_4)
FNDA:0,(anonymous_5)
FNDA:0,(anonymous_6)
FNDA:0,(anonymous_7)
DA:1,7
DA:2,7
DA:3,7
DA:4,7
DA:11,7
DA:12,0
DA:13,0
DA:14,0
DA:20,0
DA:22,0
DA:27,7
DA:28,0
DA:29,0
DA:30,0
DA:32,0
DA:37,7
DA:38,0
DA:39,0
DA:40,0
DA:42,0
DA:47,7
DA:48,0
DA:49,0
DA:50,0
DA:51,0
DA:53,0
DA:54,0
DA:56,0
DA:61,7
DA:62,0
DA:63,0
DA:64,0
DA:65,0
DA:67,0
DA:73,0
DA:75,0
DA:80,7
DA:81,0
DA:82,0
DA:84,0
DA:85,0
DA:91,0
DA:97,0
DA:99,0
DA:104,7
DA:105,0
DA:106,0
DA:107,0
DA:109,0
DA:114,7
DA:115,0
DA:116,0
DA:117,0
DA:121,0
DA:123,0
DA:127,7
LF:56
LH:13
BRDA:15,0,0,0
BRDA:15,0,1,0
BRDA:17,1,0,0
BRDA:17,1,1,0
BRDA:18,2,0,0
BRDA:18,2,1,0
BRDA:50,3,0,0
BRDA:50,3,1,0
BRDA:64,4,0,0
BRDA:64,4,1,0
BRDA:70,5,0,0
BRDA:70,5,1,0
BRDA:71,6,0,0
BRDA:71,6,1,0
BRDA:84,7,0,0
BRDA:84,7,1,0
BRDA:84,8,0,0
BRDA:84,8,1,0
BRDA:94,9,0,0
BRDA:94,9,1,0
BRDA:116,10,0,0
BRF:21
BRH:0
end_of_record
TN:
SF:src/routes/auth.routes.js
FNF:0
FNH:0
DA:6,7
DA:7,7
DA:8,7
DA:9,7
DA:10,7
DA:12,7
DA:15,7
DA:24,7
DA:33,7
DA:42,7
DA:49,7
DA:52,7
DA:64,7
DA:76,7
DA:99,7
DA:110,7
DA:126,7
DA:129,7
DA:130,7
DA:132,7
LF:20
LH:20
BRF:0
BRH:0
end_of_record
TN:
SF:src/routes/challenges.routes.js
FN:11,(anonymous_0)
FN:27,(anonymous_1)
FN:37,(anonymous_2)
FN:47,(anonymous_3)
FN:57,(anonymous_4)
FN:67,(anonymous_5)
FN:77,(anonymous_6)
FNF:7
FNH:0
FNDA:0,(anonymous_0)
FNDA:0,(anonymous_1)
FNDA:0,(anonymous_2)
FNDA:0,(anonymous_3)
FNDA:0,(anonymous_4)
FNDA:0,(anonymous_5)
FNDA:0,(anonymous_6)
DA:1,7
DA:2,7
DA:3,7
DA:4,7
DA:11,7
DA:12,0
DA:13,0
DA:14,0
DA:20,0
DA:22,0
DA:27,7
DA:28,0
DA:29,0
DA:30,0
DA:32,0
DA:37,7
DA:38,0
DA:39,0
DA:40,0
DA:42,0
DA:47,7
DA:48,0
DA:49,0
DA:50,0
DA:52,0
DA:57,7
DA:58,0
DA:59,0
DA:60,0
DA:62,0
DA:67,7
DA:68,0
DA:69,0
DA:70,0
DA:72,0
DA:77,7
DA:78,0
DA:79,0
DA:84,0
DA:86,0
DA:90,7
LF:41
LH:12
BRDA:17,0,0,0
BRDA:17,0,1,0
BRDA:18,1,0,0
BRDA:18,1,1,0
BRF:4
BRH:0
end_of_record
TN:
SF:src/routes/chat.routes.js
FN:8,(anonymous_0)
FN:18,(anonymous_1)
FN:31,(anonymous_2)
FN:45,(anonymous_3)
FN:59,(anonymous_4)
FN:62,(anonymous_5)
FNF:6
FNH:0
FNDA:0,(anonymous_0)
FNDA:0,(anonymous_1)
FNDA:0,(anonymous_2)
FNDA:0,(anonymous_3)
FNDA:0,(anonymous_4)
FNDA:0,(anonymous_5)
DA:1,7
DA:2,7
DA:3,7
DA:4,7
DA:5,7
DA:8,7
DA:9,0
DA:10,0
DA:11,0
DA:13,0
DA:18,7
DA:19,0
DA:20,0
DA:21,0
DA:23,0
DA:24,0
DA:26,0
DA:31,7
DA:32,0
DA:33,0
DA:34,0
DA:38,0
DA:40,0
DA:45,7
DA:46,0
DA:47,0
DA:48,0
DA:50,0
DA:52,0
DA:54,0
DA:59,7
DA:60,0
DA:62,0
DA:63,0
DA:64,0
DA:67,0
DA:68,0
DA:75,0
DA:77,0
DA:88,7
LF:40
LH:11
BRDA:21,0,0,0
BRDA:21,0,1,0
BRDA:35,1,0,0
BRDA:35,1,1,0
BRDA:36,2,0,0
BRDA:36,2,1,0
BRDA:48,3,0,0
BRDA:48,3,1,0
BRDA:63,4,0,0
BRDA:63,4,1,0
BRDA:67,5,0,0
BRDA:67,5,1,0
BRF:12
BRH:0
end_of_record
TN:
SF:src/routes/duel.routes.js
FN:18,(anonymous_0)
FN:32,(anonymous_1)
FN:41,(anonymous_2)
FN:56,(anonymous_3)
FN:71,(anonymous_4)
FNF:5
FNH:0
FNDA:0,(anonymous_0)
FNDA:0,(anonymous_1)
FNDA:0,(anonymous_2)
FNDA:0,(anonymous_3)
FNDA:0,(anonymous_4)
DA:6,7
DA:7,7
DA:8,7
DA:9,7
DA:10,7
DA:12,7
DA:15,7
DA:17,7
DA:19,0
DA:20,0
DA:25,0
DA:33,0
DA:34,0
DA:42,0
DA:43,0
DA:48,0
DA:57,0
DA:64,0
DA:72,0
DA:73,0
DA:74,0
DA:83,7
DA:96,7
DA:123,7
DA:138,7
DA:151,7
DA:169,7
LF:27
LH:14
BRDA:42,0,0,0
BRDA:42,1,0,0
BRDA:62,2,0,0
BRDA:62,2,1,0
BRF:4
BRH:0
end_of_record
TN:
SF:src/routes/feed.routes.js
FN:14,(anonymous_0)
FNF:1
FNH:0
FNDA:0,(anonymous_0)
DA:6,7
DA:7,7
DA:8,7
DA:9,7
DA:11,7
DA:14,7
DA:15,0
DA:16,0
DA:21,0
DA:29,7
LF:10
LH:7
BRDA:15,0,0,0
BRDA:15,1,0,0
BRF:2
BRH:0
end_of_record
TN:
SF:src/routes/gdpr.routes.js
FN:12,(anonymous_0)
FN:30,(anonymous_1)
FN:51,(anonymous_2)
FN:66,(anonymous_3)
FNF:4
FNH:0
FNDA:0,(anonymous_0)
FNDA:0,(anonymous_1)
FNDA:0,(anonymous_2)
FNDA:0,(anonymous_3)
DA:1,7
DA:2,7
DA:3,7
DA:4,7
DA:5,7
DA:12,7
DA:13,0
DA:14,0
DA:16,0
DA:17,0
DA:18,0
DA:20,0
DA:21,0
DA:30,7
DA:31,0
DA:32,0
DA:34,0
DA:35,0
DA:38,0
DA:39,0
DA:41,0
DA:42,0
DA:51,7
DA:52,0
DA:53,0
DA:54,0
DA:56,0
DA:57,0
DA:66,7
DA:67,0
DA:68,0
DA:69,0
DA:71,0
DA:72,0
DA:76,7
LF:35
LH:10
BRDA:34,0,0,0
BRDA:34,0,1,0
BRF:2
BRH:0
end_of_record
TN:
SF:src/routes/googleAuth.routes.js
FNF:0
FNH:0
DA:6,7
DA:7,7
DA:8,7
DA:11,7
DA:14,7
DA:17,7
DA:19,7
LF:7
LH:7
BRF:0
BRH:0
end_of_record
TN:
SF:src/routes/health.routes.js
FNF:0
FNH:0
DA:1,7
DA:2,7
DA:3,7
DA:6,7
DA:8,7
LF:5
LH:5
BRF:0
BRH:0
end_of_record
TN:
SF:src/routes/leaderboard.routes.js
FN:19,(anonymous_0)
FN:41,(anonymous_1)
FN:63,(anonymous_2)
FN:73,(anonymous_3)
FN:83,(anonymous_4)
FN:152,(anonymous_5)
FNF:6
FNH:0
FNDA:0,(anonymous_0)
FNDA:0,(anonymous_1)
FNDA:0,(anonymous_2)
FNDA:0,(anonymous_3)
FNDA:0,(anonymous_4)
FNDA:0,(anonymous_5)
DA:6,7
DA:7,7
DA:8,7
DA:9,7
DA:10,7
DA:12,7
DA:15,7
DA:18,7
DA:20,0
DA:22,0
DA:23,0
DA:28,0
DA:29,0
DA:42,0
DA:44,0
DA:45,0
DA:50,0
DA:51,0
DA:64,0
DA:65,0
DA:66,0
DA:74,0
DA:75,0
DA:76,0
DA:84,0
DA:85,0
DA:90,0
DA:91,0
DA:106,7
DA:126,7
DA:142,7
DA:153,0
DA:154,0
DA:155,0
DA:156,0
DA:165,7
DA:179,7
DA:193,7
DA:210,7
LF:39
LH:15
BRDA:24,0,0,0
BRDA:24,0,1,0
BRDA:25,1,0,0
BRDA:25,1,1,0
BRDA:46,2,0,0
BRDA:46,2,1,0
BRDA:47,3,0,0
BRDA:47,3,1,0
BRDA:86,4,0,0
BRDA:86,4,1,0
BRDA:155,5,0,0
BRDA:155,5,1,0
BRF:12
BRH:0
end_of_record
TN:
SF:src/routes/notification.routes.js
FN:20,(anonymous_0)
FN:38,(anonymous_1)
FN:52,(anonymous_2)
FN:60,(anonymous_3)
FN:69,(anonymous_4)
FNF:5
FNH:0
FNDA:0,(anonymous_0)
FNDA:0,(anonymous_1)
FNDA:0,(anonymous_2)
FNDA:0,(anonymous_3)
FNDA:0,(anonymous_4)
DA:6,7
DA:7,7
DA:8,7
DA:9,7
DA:10,7
DA:12,7
DA:15,7
DA:16,7
DA:18,7
DA:21,0
DA:22,0
DA:23,0
DA:26,0
DA:32,0
DA:39,0
DA:40,0
DA:44,0
DA:53,0
DA:54,0
DA:61,0
DA:62,0
DA:70,0
DA:71,0
DA:79,7
DA:88,7
DA:95,7
DA:108,7
DA:121,7
DA:127,7
LF:29
LH:15
BRDA:22,0,0,0
BRDA:22,0,1,0
BRDA:29,1,0,0
BRDA:29,1,1,0
BRDA:39,2,0,0
BRDA:39,3,0,0
BRF:6
BRH:0
end_of_record
TN:
SF:src/routes/question.routes.js
FN:19,(anonymous_0)
FN:28,(anonymous_1)
FN:42,(anonymous_2)
FN:70,(anonymous_3)
FN:79,(anonymous_4)
FN:87,(anonymous_5)
FNF:6
FNH:0
FNDA:0,(anonymous_0)
FNDA:0,(anonymous_1)
FNDA:0,(anonymous_2)
FNDA:0,(anonymous_3)
FNDA:0,(anonymous_4)
FNDA:0,(anonymous_5)
DA:6,7
DA:7,7
DA:8,7
DA:9,7
DA:10,7
DA:12,7
DA:15,7
DA:18,7
DA:20,0
DA:21,0
DA:29,0
DA:30,0
DA:35,0
DA:43,0
DA:45,0
DA:53,0
DA:61,0
DA:62,0
DA:71,0
DA:72,0
DA:80,0
DA:81,0
DA:88,0
DA:90,0
DA:91,0
DA:96,0
DA:97,0
DA:107,7
DA:116,7
DA:147,7
DA:171,7
DA:184,7
DA:198,7
DA:210,7
LF:34
LH:15
BRDA:54,0,0,0
BRDA:54,0,1,0
BRDA:55,1,0,0
BRDA:55,1,1,0
BRDA:56,2,0,0
BRDA:56,2,1,0
BRDA:57,3,0,0
BRDA:57,3,1,0
BRDA:92,4,0,0
BRDA:92,4,1,0
BRDA:93,5,0,0
BRDA:93,5,1,0
BRF:12
BRH:0
end_of_record
TN:
SF:src/routes/questionSets.routes.js
FN:11,(anonymous_0)
FN:28,(anonymous_1)
FN:39,(anonymous_2)
FN:52,(anonymous_3)
FN:65,(anonymous_4)
FN:79,(anonymous_5)
FN:89,(anonymous_6)
FN:104,(anonymous_7)
FN:119,(anonymous_8)
FN:146,(anonymous_9)
FNF:10
FNH:0
FNDA:0,(anonymous_0)
FNDA:0,(anonymous_1)
FNDA:0,(anonymous_2)
FNDA:0,(anonymous_3)
FNDA:0,(anonymous_4)
FNDA:0,(anonymous_5)
FNDA:0,(anonymous_6)
FNDA:0,(anonymous_7)
FNDA:0,(anonymous_8)
FNDA:0,(anonymous_9)
DA:1,7
DA:2,7
DA:3,7
DA:4,7
DA:11,7
DA:12,0
DA:13,0
DA:14,0
DA:21,0
DA:23,0
DA:28,7
DA:29,0
DA:30,0
DA:31,0
DA:32,0
DA:34,0
DA:39,7
DA:40,0
DA:41,0
DA:45,0
DA:47,0
DA:52,7
DA:53,0
DA:54,0
DA:58,0
DA:60,0
DA:65,7
DA:66,0
DA:67,0
DA:72,0
DA:74,0
DA:79,7
DA:80,0
DA:81,0
DA:82,0
DA:84,0
DA:89,7
DA:90,0
DA:91,0
DA:92,0
DA:97,0
DA:99,0
DA:104,7
DA:105,0
DA:106,0
DA:111,0
DA:113,0
DA:119,7
DA:120,0
DA:121,0
DA:123,0
DA:124,0
DA:130,0
DA:135,0
DA:141,0
DA:146,7
DA:147,0
DA:148,0
DA:149,0
DA:154,0
DA:156,0
DA:160,7
LF:62
LH:15
BRDA:18,0,0,0
BRDA:18,0,1,0
BRDA:19,1,0,0
BRDA:19,1,1,0
BRDA:30,2,0,0
BRDA:123,3,0,0
BRDA:123,3,1,0
BRF:7
BRH:0
end_of_record
TN:
SF:src/routes/recommendation.routes.js
FN:12,(anonymous_0)
FN:32,(anonymous_1)
FN:52,(anonymous_2)
FNF:3
FNH:0
FNDA:0,(anonymous_0)
FNDA:0,(anonymous_1)
FNDA:0,(anonymous_2)
DA:1,7
DA:2,7
DA:3,7
DA:4,7
DA:5,7
DA:12,7
DA:13,0
DA:14,0
DA:15,0
DA:20,0
DA:22,0
DA:23,0
DA:32,7
DA:33,0
DA:34,0
DA:35,0
DA:40,0
DA:42,0
DA:43,0
DA:52,7
DA:53,0
DA:54,0
DA:55,0
DA:60,0
DA:62,0
DA:63,0
DA:67,7
LF:27
LH:9
BRDA:14,0,0,0
BRDA:14,0,1,0
BRDA:34,1,0,0
BRDA:34,1,1,0
BRDA:54,2,0,0
BRDA:54,2,1,0
BRF:6
BRH:0
end_of_record
TN:
SF:src/routes/report.routes.js
FN:20,(anonymous_0)
FN:39,(anonymous_1)
FN:66,(anonymous_2)
FNF:3
FNH:0
FNDA:0,(anonymous_0)
FNDA:0,(anonymous_1)
FNDA:0,(anonymous_2)
DA:1,7
DA:2,7
DA:3,7
DA:4,7
DA:5,7
DA:6,7
DA:8,7
DA:11,7
DA:21,0
DA:27,0
DA:36,7
DA:41,0
DA:42,0
DA:45,0
DA:46,0
DA:51,0
DA:59,7
DA:67,0
DA:68,0
DA:71,0
DA:72,0
DA:80,7
LF:22
LH:11
BRDA:41,0,0,0
BRDA:41,0,1,0
BRDA:47,1,0,0
BRDA:47,1,1,0
BRDA:48,2,0,0
BRDA:48,2,1,0
BRDA:67,3,0,0
BRDA:67,3,1,0
BRF:8
BRH:0
end_of_record
TN:
SF:src/routes/saved.routes.js
FNF:0
FNH:0
DA:1,7
DA:2,7
DA:3,7
DA:4,7
DA:6,7
DA:8,7
DA:9,7
DA:11,7
LF:8
LH:8
BRF:0
BRH:0
end_of_record
TN:
SF:src/routes/spectator.routes.js
FN:12,(anonymous_0)
FN:28,(anonymous_1)
FN:48,(anonymous_2)
FNF:3
FNH:0
FNDA:0,(anonymous_0)
FNDA:0,(anonymous_1)
FNDA:0,(anonymous_2)
DA:1,7
DA:2,7
DA:3,7
DA:4,7
DA:5,7
DA:12,7
DA:13,0
DA:14,0
DA:15,0
DA:16,0
DA:18,0
DA:19,0
DA:28,7
DA:29,0
DA:30,0
DA:31,0
DA:36,0
DA:38,0
DA:39,0
DA:48,7
DA:49,0
DA:50,0
DA:51,0
DA:52,0
DA:54,0
DA:55,0
DA:59,7
LF:27
LH:9
BRDA:14,0,0,0
BRDA:14,0,1,0
BRDA:34,1,0,0
BRDA:34,1,1,0
BRF:4
BRH:0
end_of_record
TN:
SF:src/routes/topics.routes.js
FN:11,(anonymous_0)
FN:22,(anonymous_1)
FN:33,(anonymous_2)
FN:47,(anonymous_3)
FN:57,(anonymous_4)
FN:67,(anonymous_5)
FN:77,(anonymous_6)
FN:90,(anonymous_7)
FN:103,(anonymous_8)
FNF:9
FNH:0
FNDA:0,(anonymous_0)
FNDA:0,(anonymous_1)
FNDA:0,(anonymous_2)
FNDA:0,(anonymous_3)
FNDA:0,(anonymous_4)
FNDA:0,(anonymous_5)
FNDA:0,(anonymous_6)
FNDA:0,(anonymous_7)
FNDA:0,(anonymous_8)
DA:1,7
DA:2,7
DA:3,7
DA:4,7
DA:11,7
DA:12,0
DA:13,0
DA:14,0
DA:15,0
DA:17,0
DA:22,7
DA:23,0
DA:24,0
DA:25,0
DA:26,0
DA:28,0
DA:33,7
DA:34,0
DA:35,0
DA:36,0
DA:37,0
DA:39,0
DA:40,0
DA:42,0
DA:47,7
DA:48,0
DA:49,0
DA:50,0
DA:52,0
DA:57,7
DA:58,0
DA:59,0
DA:60,0
DA:62,0
DA:67,7
DA:68,0
DA:69,0
DA:70,0
DA:72,0
DA:77,7
DA:78,0
DA:79,0
DA:80,0
DA:82,0
DA:83,0
DA:85,0
DA:90,7
DA:91,0
DA:92,0
DA:93,0
DA:95,0
DA:96,0
DA:98,0
DA:103,7
DA:104,0
DA:105,0
DA:106,0
DA:108,0
DA:109,0
DA:111,0
DA:115,7
LF:61
LH:14
BRDA:24,0,0,0
BRDA:36,1,0,0
BRDA:36,1,1,0
BRDA:79,2,0,0
BRDA:79,2,1,0
BRDA:92,3,0,0
BRDA:92,3,1,0
BRDA:105,4,0,0
BRDA:105,4,1,0
BRF:9
BRH:0
end_of_record
TN:
SF:src/routes/user.routes.js
FNF:0
FNH:0
DA:6,7
DA:7,7
DA:8,7
DA:9,7
DA:10,7
DA:11,7
DA:13,7
DA:16,7
DA:28,7
DA:31,7
DA:40,7
DA:49,7
DA:58,7
DA:74,7
DA:83,7
DA:96,7
DA:105,7
DA:114,7
DA:121,7
DA:134,7
DA:147,7
DA:160,7
DA:173,7
DA:187,7
DA:200,7
LF:25
LH:25
BRF:0
BRH:0
end_of_record
TN:
SF:src/services/admin.service.js
FN:13,(anonymous_0)
FN:55,(anonymous_1)
FN:103,(anonymous_2)
FN:139,(anonymous_3)
FN:188,(anonymous_4)
FN:240,(anonymous_5)
FN:315,(anonymous_6)
FN:367,(anonymous_7)
FN:411,(anonymous_8)
FN:458,(anonymous_9)
FN:497,(anonymous_10)
FNF:11
FNH:0
FNDA:0,(anonymous_0)
FNDA:0,(anonymous_1)
FNDA:0,(anonymous_2)
FNDA:0,(anonymous_3)
FNDA:0,(anonymous_4)
FNDA:0,(anonymous_5)
FNDA:0,(anonymous_6)
FNDA:0,(anonymous_7)
FNDA:0,(anonymous_8)
FNDA:0,(anonymous_9)
FNDA:0,(anonymous_10)
DA:1,7
DA:2,7
DA:14,0
DA:16,0
DA:20,0
DA:41,0
DA:56,0
DA:61,0
DA:62,0
DA:65,0
DA:66,0
DA:70,0
DA:80,0
DA:88,0
DA:97,0
DA:104,0
DA:108,0
DA:109,0
DA:113,0
DA:124,0
DA:133,0
DA:140,0
DA:142,0
DA:144,0
DA:174,0
DA:189,0
DA:193,0
DA:194,0
DA:198,0
DA:206,0
DA:207,0
DA:210,0
DA:234,0
DA:241,0
DA:246,0
DA:247,0
DA:250,0
DA:251,0
DA:255,0
DA:266,0
DA:267,0
DA:268,0
DA:273,0
DA:279,0
DA:280,0
DA:290,0
DA:300,0
DA:309,0
DA:316,0
DA:320,0
DA:321,0
DA:324,0
DA:325,0
DA:328,0
DA:329,0
DA:331,0
DA:341,0
DA:351,0
DA:361,0
DA:368,0
DA:372,0
DA:373,0
DA:376,0
DA:386,0
DA:395,0
DA:404,0
DA:412,0
DA:413,0
DA:415,0
DA:416,0
DA:417,0
DA:424,0
DA:444,0
DA:467,0
DA:483,0
DA:498,0
DA:500,0
DA:505,0
DA:531,0
DA:543,7
LF:80
LH:3
BRDA:13,0,0,0
BRDA:14,1,0,0
BRDA:14,2,0,0
BRDA:14,3,0,0
BRDA:61,4,0,0
BRDA:61,4,1,0
BRDA:65,5,0,0
BRDA:65,5,1,0
BRDA:108,6,0,0
BRDA:108,6,1,0
BRDA:139,7,0,0
BRDA:140,8,0,0
BRDA:140,9,0,0
BRDA:140,10,0,0
BRDA:193,11,0,0
BRDA:193,11,1,0
BRDA:206,12,0,0
BRDA:206,12,1,0
BRDA:246,13,0,0
BRDA:246,13,1,0
BRDA:250,14,0,0
BRDA:250,14,1,0
BRDA:266,15,0,0
BRDA:266,15,1,0
BRDA:267,16,0,0
BRDA:267,16,1,0
BRDA:279,17,0,0
BRDA:279,17,1,0
BRDA:320,18,0,0
BRDA:320,18,1,0
BRDA:324,19,0,0
BRDA:324,19,1,0
BRDA:372,20,0,0
BRDA:372,20,1,0
BRDA:411,21,0,0
BRDA:412,22,0,0
BRDA:412,23,0,0
BRDA:416,24,0,0
BRDA:416,24,1,0
BRDA:497,25,0,0
BRDA:498,26,0,0
BRDA:498,27,0,0
BRDA:501,28,0,0
BRDA:501,28,1,0
BRDA:502,29,0,0
BRDA:502,29,1,0
BRF:46
BRH:0
end_of_record
TN:
SF:src/services/analytics.service.js
FN:20,(anonymous_0)
FN:41,(anonymous_1)
FN:61,(anonymous_2)
FN:73,(anonymous_3)
FN:74,(anonymous_4)
FN:75,(anonymous_5)
FN:76,(anonymous_6)
FN:94,(anonymous_7)
FN:108,(anonymous_8)
FN:124,(anonymous_9)
FN:171,(anonymous_10)
FN:199,(anonymous_11)
FN:210,(anonymous_12)
FN:244,(anonymous_13)
FN:292,initAnalytics
FNF:15
FNH:0
FNDA:0,(anonymous_0)
FNDA:0,(anonymous_1)
FNDA:0,(anonymous_2)
FNDA:0,(anonymous_3)
FNDA:0,(anonymous_4)
FNDA:0,(anonymous_5)
FNDA:0,(anonymous_6)
FNDA:0,(anonymous_7)
FNDA:0,(anonymous_8)
FNDA:0,(anonymous_9)
FNDA:0,(anonymous_10)
FNDA:0,(anonymous_11)
FNDA:0,(anonymous_12)
FNDA:0,(anonymous_13)
FNDA:0,initAnalytics
DA:1,7
DA:21,0
DA:22,0
DA:25,0
DA:42,0
DA:52,0
DA:62,0
DA:73,0
DA:74,0
DA:75,0
DA:76,0
DA:78,0
DA:95,0
DA:107,0
DA:108,0
DA:110,0
DA:130,0
DA:155,0
DA:172,0
DA:191,0
DA:200,0
DA:210,0
DA:211,0
DA:213,0
DA:215,0
DA:216,0
DA:218,0
DA:233,0
DA:245,0
DA:246,0
DA:247,0
DA:248,0
DA:259,0
DA:274,0
DA:293,0
DA:294,0
DA:305,0
DA:308,0
DA:311,0
DA:313,0
DA:318,7
DA:319,0
DA:322,7
LF:43
LH:3
BRDA:74,0,0,0
BRDA:74,0,1,0
BRDA:75,1,0,0
BRDA:75,1,1,0
BRDA:76,2,0,0
BRDA:76,2,1,0
BRDA:83,3,0,0
BRDA:83,3,1,0
BRDA:84,4,0,0
BRDA:84,4,1,0
BRDA:114,5,0,0
BRDA:114,5,1,0
BRDA:159,6,0,0
BRDA:159,6,1,0
BRDA:160,7,0,0
BRDA:160,7,1,0
BRDA:171,8,0,0
BRDA:213,9,0,0
BRDA:213,9,1,0
BRDA:318,10,0,0
BRDA:318,10,1,7
BRF:21
BRH:1
end_of_record
TN:
SF:src/services/attempt.service.js
FN:13,(anonymous_0)
FN:59,(anonymous_1)
FN:83,(anonymous_2)
FN:114,(anonymous_3)
FN:128,(anonymous_4)
FN:143,(anonymous_5)
FN:235,(anonymous_6)
FN:250,(anonymous_7)
FN:257,(anonymous_8)
FN:292,(anonymous_9)
FN:327,(anonymous_10)
FN:337,(anonymous_11)
FN:342,(anonymous_12)
FN:345,(anonymous_13)
FN:364,(anonymous_14)
FNF:15
FNH:0
FNDA:0,(anonymous_0)
FNDA:0,(anonymous_1)
FNDA:0,(anonymous_2)
FNDA:0,(anonymous_3)
FNDA:0,(anonymous_4)
FNDA:0,(anonymous_5)
FNDA:0,(anonymous_6)
FNDA:0,(anonymous_7)
FNDA:0,(anonymous_8)
FNDA:0,(anonymous_9)
FNDA:0,(anonymous_10)
FNDA:0,(anonymous_11)
FNDA:0,(anonymous_12)
FNDA:0,(anonymous_13)
FNDA:0,(anonymous_14)
DA:1,7
DA:2,7
DA:15,0
DA:19,0
DA:20,0
DA:24,0
DA:25,0
DA:29,0
DA:53,0
DA:60,0
DA:63,0
DA:82,0
DA:83,0
DA:84,0
DA:86,0
DA:106,0
DA:109,0
DA:110,0
DA:114,0
DA:115,0
DA:117,0
DA:126,0
DA:128,0
DA:144,0
DA:147,0
DA:151,0
DA:152,0
DA:155,0
DA:156,0
DA:160,0
DA:164,0
DA:165,0
DA:171,0
DA:173,0
DA:174,0
DA:175,0
DA:176,0
DA:177,0
DA:179,0
DA:180,0
DA:183,0
DA:188,0
DA:189,0
DA:192,0
DA:193,0
DA:196,0
DA:197,0
DA:202,0
DA:204,0
DA:218,0
DA:225,0
DA:236,0
DA:240,0
DA:241,0
DA:244,0
DA:245,0
DA:249,0
DA:250,0
DA:251,0
DA:254,0
DA:257,0
DA:260,0
DA:269,0
DA:270,0
DA:271,0
DA:272,0
DA:274,0
DA:286,0
DA:293,0
DA:294,0
DA:296,0
DA:313,0
DA:328,0
DA:336,0
DA:337,0
DA:339,0
DA:340,0
DA:342,0
DA:343,0
DA:344,0
DA:345,0
DA:348,0
DA:352,0
DA:365,0
DA:381,0
DA:382,0
DA:385,0
DA:386,0
DA:389,0
DA:393,7
LF:90
LH:3
BRDA:19,0,0,0
BRDA:19,0,1,0
BRDA:24,1,0,0
BRDA:24,1,1,0
BRDA:24,2,0,0
BRDA:24,2,1,0
BRDA:59,3,0,0
BRDA:70,4,0,0
BRDA:70,4,1,0
BRDA:82,5,0,0
BRDA:82,5,1,0
BRDA:109,6,0,0
BRDA:109,6,1,0
BRDA:151,7,0,0
BRDA:151,7,1,0
BRDA:155,8,0,0
BRDA:155,8,1,0
BRDA:164,9,0,0
BRDA:164,9,1,0
BRDA:173,10,0,0
BRDA:173,10,1,0
BRDA:173,11,0,0
BRDA:173,11,1,0
BRDA:175,12,0,0
BRDA:175,12,1,0
BRDA:175,13,0,0
BRDA:175,13,1,0
BRDA:176,14,0,0
BRDA:176,14,1,0
BRDA:188,15,0,0
BRDA:188,15,1,0
BRDA:188,16,0,0
BRDA:188,16,1,0
BRDA:192,17,0,0
BRDA:192,17,1,0
BRDA:196,18,0,0
BRDA:196,18,1,0
BRDA:202,19,0,0
BRDA:202,19,1,0
BRDA:240,20,0,0
BRDA:240,20,1,0
BRDA:244,21,0,0
BRDA:244,21,1,0
BRDA:249,22,0,0
BRDA:249,22,1,0
BRDA:257,23,0,0
BRDA:257,23,1,0
BRDA:270,24,0,0
BRDA:270,24,1,0
BRDA:292,25,0,0
BRDA:293,26,0,0
BRDA:293,27,0,0
BRDA:343,28,0,0
BRDA:343,28,1,0
BRDA:348,29,0,0
BRDA:348,29,1,0
BRDA:381,30,0,0
BRDA:381,30,1,0
BRDA:385,31,0,0
BRDA:385,31,1,0
BRF:60
BRH:0
end_of_record
TN:
SF:src/services/auth.service.js
FN:18,register
FN:93,login
FN:158,refreshTokens
FN:202,logout
FN:221,createSession
FN:234,changePassword
FN:275,forgotPassword
FN:316,resetPassword
FN:363,loginWithGoogle
FNF:9
FNH:2
FNDA:1,register
FNDA:1,login
FNDA:0,refreshTokens
FNDA:0,logout
FNDA:0,createSession
FNDA:0,changePassword
FNDA:0,forgotPassword
FNDA:0,resetPassword
FNDA:0,loginWithGoogle
DA:6,7
DA:7,7
DA:8,7
DA:9,7
DA:10,7
DA:11,7
DA:12,7
DA:13,7
DA:19,1
DA:21,1
DA:22,1
DA:31,1
DA:32,0
DA:33,0
DA:35,0
DA:36,0
DA:40,1
DA:42,1
DA:64,1
DA:73,1
DA:81,1
DA:83,0
DA:84,0
DA:85,0
DA:86,0
DA:94,1
DA:96,1
DA:97,1
DA:119,1
DA:120,0
DA:123,1
DA:124,1
DA:125,0
DA:128,1
DA:137,1
DA:145,1
DA:147,1
DA:149,0
DA:150,0
DA:151,0
DA:159,0
DA:160,0
DA:165,0
DA:166,0
DA:169,0
DA:170,0
DA:171,0
DA:174,0
DA:183,0
DA:184,0
DA:192,0
DA:194,0
DA:195,0
DA:203,0
DA:204,0
DA:205,0
DA:209,0
DA:211,0
DA:213,0
DA:214,0
DA:222,0
DA:223,0
DA:227,0
DA:236,0
DA:237,0
DA:239,0
DA:240,0
DA:244,0
DA:245,0
DA:248,0
DA:249,0
DA:250,0
DA:253,0
DA:255,0
DA:261,0
DA:265,0
DA:267,0
DA:268,0
DA:276,0
DA:277,0
DA:281,0
DA:283,0
DA:287,0
DA:288,0
DA:293,0
DA:295,0
DA:304,0
DA:306,0
DA:308,0
DA:309,0
DA:317,0
DA:318,0
DA:323,0
DA:332,0
DA:333,0
DA:336,0
DA:338,0
DA:348,0
DA:352,0
DA:354,0
DA:355,0
DA:356,0
DA:364,0
DA:365,0
DA:366,0
DA:368,0
DA:378,0
DA:386,0
DA:388,0
DA:389,0
DA:390,0
DA:394,7
LF:112
LH:28
BRDA:31,0,0,0
BRDA:31,0,1,1
BRDA:32,1,0,0
BRDA:32,1,1,0
BRDA:35,2,0,0
BRDA:35,2,1,0
BRDA:85,3,0,0
BRDA:85,3,1,0
BRDA:119,4,0,0
BRDA:119,4,1,1
BRDA:124,5,0,0
BRDA:124,5,1,1
BRDA:150,6,0,0
BRDA:150,6,1,0
BRDA:165,7,0,0
BRDA:165,7,1,0
BRDA:169,8,0,0
BRDA:169,8,1,0
BRDA:194,9,0,0
BRDA:194,9,1,0
BRDA:204,10,0,0
BRDA:204,10,1,0
BRDA:213,11,0,0
BRDA:213,11,1,0
BRDA:236,12,0,0
BRDA:236,12,1,0
BRDA:244,13,0,0
BRDA:244,13,1,0
BRDA:249,14,0,0
BRDA:249,14,1,0
BRDA:267,15,0,0
BRDA:267,15,1,0
BRDA:281,16,0,0
BRDA:281,16,1,0
BRDA:332,17,0,0
BRDA:332,17,1,0
BRDA:354,18,0,0
BRDA:354,18,1,0
BRDA:389,19,0,0
BRDA:389,19,1,0
BRF:40
BRH:3
end_of_record
TN:
SF:src/services/challenge.service.js
FN:16,(anonymous_0)
FN:27,(anonymous_1)
FN:36,(anonymous_2)
FN:78,(anonymous_3)
FN:99,(anonymous_4)
FN:134,(anonymous_5)
FN:179,(anonymous_6)
FN:194,(anonymous_7)
FN:207,(anonymous_8)
FN:249,(anonymous_9)
FN:276,(anonymous_10)
FN:298,(anonymous_11)
FN:310,(anonymous_12)
FN:341,(anonymous_13)
FN:355,(anonymous_14)
FN:357,(anonymous_15)
FN:384,(anonymous_16)
FN:391,(anonymous_17)
FN:404,(anonymous_18)
FN:435,(anonymous_19)
FN:501,(anonymous_20)
FN:504,(anonymous_21)
FN:518,(anonymous_22)
FN:569,(anonymous_23)
FN:587,(anonymous_24)
FNF:25
FNH:0
FNDA:0,(anonymous_0)
FNDA:0,(anonymous_1)
FNDA:0,(anonymous_2)
FNDA:0,(anonymous_3)
FNDA:0,(anonymous_4)
FNDA:0,(anonymous_5)
FNDA:0,(anonymous_6)
FNDA:0,(anonymous_7)
FNDA:0,(anonymous_8)
FNDA:0,(anonymous_9)
FNDA:0,(anonymous_10)
FNDA:0,(anonymous_11)
FNDA:0,(anonymous_12)
FNDA:0,(anonymous_13)
FNDA:0,(anonymous_14)
FNDA:0,(anonymous_15)
FNDA:0,(anonymous_16)
FNDA:0,(anonymous_17)
FNDA:0,(anonymous_18)
FNDA:0,(anonymous_19)
FNDA:0,(anonymous_20)
FNDA:0,(anonymous_21)
FNDA:0,(anonymous_22)
FNDA:0,(anonymous_23)
FNDA:0,(anonymous_24)
DA:1,7
DA:2,7
DA:9,7
DA:22,0
DA:25,0
DA:26,0
DA:27,0
DA:28,0
DA:29,0
DA:32,0
DA:34,0
DA:35,0
DA:36,0
DA:39,0
DA:40,0
DA:44,0
DA:45,0
DA:46,0
DA:50,0
DA:51,0
DA:56,0
DA:65,0
DA:78,0
DA:98,0
DA:100,0
DA:110,0
DA:111,0
DA:112,0
DA:113,0
DA:116,0
DA:123,0
DA:128,0
DA:135,0
DA:172,0
DA:173,0
DA:178,0
DA:179,0
DA:181,0
DA:182,0
DA:185,0
DA:195,0
DA:202,0
DA:203,0
DA:207,0
DA:208,0
DA:209,0
DA:213,0
DA:219,0
DA:227,0
DA:237,0
DA:239,0
DA:240,0
DA:243,0
DA:244,0
DA:245,0
DA:249,0
DA:251,0
DA:252,0
DA:254,0
DA:260,0
DA:265,0
DA:275,0
DA:277,0
DA:286,0
DA:288,0
DA:292,0
DA:299,0
DA:306,0
DA:307,0
DA:310,0
DA:311,0
DA:312,0
DA:315,0
DA:321,0
DA:326,0
DA:335,0
DA:342,0
DA:349,0
DA:350,0
DA:354,0
DA:355,0
DA:356,0
DA:357,0
DA:358,0
DA:362,0
DA:363,0
DA:366,0
DA:369,0
DA:380,0
DA:384,0
DA:387,0
DA:388,0
DA:390,0
DA:391,0
DA:392,0
DA:393,0
DA:396,0
DA:397,0
DA:400,0
DA:403,0
DA:405,0
DA:420,0
DA:429,0
DA:436,0
DA:438,0
DA:455,0
DA:470,0
DA:500,0
DA:501,0
DA:504,0
DA:519,0
DA:550,0
DA:551,0
DA:552,0
DA:554,0
DA:570,0
DA:571,0
DA:573,0
DA:574,0
DA:576,0
DA:581,0
DA:584,0
DA:585,0
DA:587,0
DA:589,0
DA:590,0
DA:592,0
DA:597,0
DA:599,0
DA:600,0
DA:602,0
DA:603,0
DA:604,0
DA:605,0
DA:610,0
DA:611,0
DA:613,0
DA:623,0
DA:624,0
DA:632,0
DA:633,0
DA:642,0
DA:654,0
DA:661,7
LF:144
LH:4
BRDA:18,0,0,0
BRDA:20,1,0,0
BRDA:21,2,0,0
BRDA:34,3,0,0
BRDA:34,3,1,0
BRDA:39,4,0,0
BRDA:39,4,1,0
BRDA:45,5,0,0
BRDA:45,5,1,0
BRDA:50,6,0,0
BRDA:50,6,1,0
BRDA:57,7,0,0
BRDA:57,7,1,0
BRDA:57,7,2,0
BRDA:58,8,0,0
BRDA:58,8,1,0
BRDA:58,8,2,0
BRDA:59,9,0,0
BRDA:59,9,1,0
BRDA:60,10,0,0
BRDA:60,10,1,0
BRDA:61,11,0,0
BRDA:61,11,1,0
BRDA:62,12,0,0
BRDA:62,12,1,0
BRDA:103,13,0,0
BRDA:103,13,1,0
BRDA:172,14,0,0
BRDA:172,14,1,0
BRDA:178,15,0,0
BRDA:178,15,1,0
BRDA:181,16,0,0
BRDA:181,16,1,0
BRDA:181,17,0,0
BRDA:181,17,1,0
BRDA:202,18,0,0
BRDA:202,18,1,0
BRDA:208,19,0,0
BRDA:208,19,1,0
BRDA:239,20,0,0
BRDA:239,20,1,0
BRDA:244,21,0,0
BRDA:244,21,1,0
BRDA:249,22,0,0
BRDA:249,22,1,0
BRDA:251,23,0,0
BRDA:251,23,1,0
BRDA:252,24,0,0
BRDA:252,24,1,0
BRDA:252,25,0,0
BRDA:252,25,1,0
BRDA:257,26,0,0
BRDA:257,26,1,0
BRDA:260,27,0,0
BRDA:260,27,1,0
BRDA:292,28,0,0
BRDA:292,28,1,0
BRDA:306,29,0,0
BRDA:306,29,1,0
BRDA:311,30,0,0
BRDA:311,30,1,0
BRDA:349,31,0,0
BRDA:349,31,1,0
BRDA:356,32,0,0
BRDA:356,32,1,0
BRDA:362,33,0,0
BRDA:362,33,1,0
BRDA:390,34,0,0
BRDA:390,34,1,0
BRDA:392,35,0,0
BRDA:392,35,1,0
BRDA:409,36,0,0
BRDA:409,36,1,0
BRDA:425,37,0,0
BRDA:425,37,1,0
BRDA:435,38,0,0
BRDA:436,39,0,0
BRDA:436,40,0,0
BRDA:450,41,0,0
BRDA:450,41,1,0
BRDA:451,42,0,0
BRDA:451,42,1,0
BRDA:456,43,0,0
BRDA:456,43,1,0
BRDA:457,44,0,0
BRDA:457,44,1,0
BRDA:504,45,0,0
BRDA:504,45,1,0
BRDA:552,46,0,0
BRDA:552,46,1,0
BRDA:574,47,0,0
BRDA:574,47,1,0
BRDA:581,48,0,0
BRDA:581,48,1,0
BRDA:590,49,0,0
BRDA:590,49,1,0
BRDA:597,50,0,0
BRDA:597,50,1,0
BRDA:602,51,0,0
BRDA:602,51,1,0
BRDA:604,52,0,0
BRDA:604,52,1,0
BRDA:617,53,0,0
BRDA:617,53,1,0
BRDA:632,54,0,0
BRDA:632,54,1,0
BRDA:637,55,0,0
BRDA:637,55,1,0
BRDA:648,56,0,0
BRDA:648,56,1,0
BRF:110
BRH:0
end_of_record
TN:
SF:src/services/chat.service.js
FN:7,getOrCreateDirectConversation
FN:26,(anonymous_1)
FN:27,(anonymous_2)
FN:75,sendMessage
FN:83,(anonymous_4)
FN:111,getUserConversations
FN:136,getConversationMessages
FN:144,(anonymous_7)
FNF:8
FNH:0
FNDA:0,getOrCreateDirectConversation
FNDA:0,(anonymous_1)
FNDA:0,(anonymous_2)
FNDA:0,sendMessage
FNDA:0,(anonymous_4)
FNDA:0,getUserConversations
FNDA:0,getConversationMessages
FNDA:0,(anonymous_7)
DA:1,7
DA:2,7
DA:14,0
DA:26,0
DA:27,0
DA:30,0
DA:31,0
DA:50,0
DA:76,0
DA:81,0
DA:83,0
DA:84,0
DA:86,0
DA:100,0
DA:105,0
DA:112,0
DA:137,0
DA:142,0
DA:144,0
DA:145,0
DA:147,0
DA:149,0
DA:161,0
DA:164,7
LF:24
LH:3
BRDA:30,0,0,0
BRDA:30,0,1,0
BRDA:81,1,0,0
BRDA:81,1,1,0
BRDA:84,2,0,0
BRDA:84,2,1,0
BRDA:136,3,0,0
BRDA:136,4,0,0
BRDA:142,5,0,0
BRDA:142,5,1,0
BRDA:145,6,0,0
BRDA:145,6,1,0
BRF:12
BRH:0
end_of_record
TN:
SF:src/services/duel.service.js
FN:20,transformQuestion
FN:36,createDuel
FN:104,(anonymous_2)
FN:156,getDuelById
FN:199,(anonymous_4)
FN:200,(anonymous_5)
FN:216,getDuelByChallengeId
FN:253,(anonymous_7)
FN:254,(anonymous_8)
FN:270,getUserDuels
FN:327,submitAnswer
FN:377,checkDuelCompletion
FN:389,(anonymous_12)
FN:392,(anonymous_13)
FN:398,(anonymous_14)
FN:401,(anonymous_15)
FN:447,updateLeaderboard
FN:472,getDuelQuestions
FN:505,(anonymous_18)
FN:515,updateDuelRoomCode
FN:530,findMatch
FNF:21
FNH:0
FNDA:0,transformQuestion
FNDA:0,createDuel
FNDA:0,(anonymous_2)
FNDA:0,getDuelById
FNDA:0,(anonymous_4)
FNDA:0,(anonymous_5)
FNDA:0,getDuelByChallengeId
FNDA:0,(anonymous_7)
FNDA:0,(anonymous_8)
FNDA:0,getUserDuels
FNDA:0,submitAnswer
FNDA:0,checkDuelCompletion
FNDA:0,(anonymous_12)
FNDA:0,(anonymous_13)
FNDA:0,(anonymous_14)
FNDA:0,(anonymous_15)
FNDA:0,updateLeaderboard
FNDA:0,getDuelQuestions
FNDA:0,(anonymous_18)
FNDA:0,updateDuelRoomCode
FNDA:0,findMatch
DA:6,7
DA:7,7
DA:8,7
DA:9,7
DA:10,7
DA:11,7
DA:12,7
DA:21,0
DA:23,0
DA:30,0
DA:37,0
DA:38,0
DA:41,0
DA:57,0
DA:87,0
DA:94,0
DA:96,0
DA:97,0
DA:103,0
DA:105,0
DA:116,0
DA:117,0
DA:126,0
DA:127,0
DA:128,0
DA:131,0
DA:140,0
DA:143,0
DA:148,0
DA:149,0
DA:157,0
DA:158,0
DA:193,0
DA:194,0
DA:198,0
DA:199,0
DA:200,0
DA:202,0
DA:203,0
DA:208,0
DA:209,0
DA:217,0
DA:218,0
DA:219,0
DA:244,0
DA:245,0
DA:246,0
DA:249,0
DA:252,0
DA:253,0
DA:254,0
DA:256,0
DA:257,0
DA:262,0
DA:263,0
DA:271,0
DA:272,0
DA:274,0
DA:275,0
DA:282,0
DA:284,0
DA:310,0
DA:320,0
DA:328,0
DA:330,0
DA:333,0
DA:337,0
DA:338,0
DA:342,0
DA:343,0
DA:345,0
DA:346,0
DA:349,0
DA:361,0
DA:363,0
DA:369,0
DA:370,0
DA:378,0
DA:379,0
DA:387,0
DA:388,0
DA:389,0
DA:391,0
DA:392,0
DA:396,0
DA:397,0
DA:398,0
DA:400,0
DA:401,0
DA:405,0
DA:411,0
DA:421,0
DA:422,0
DA:423,0
DA:426,0
DA:427,0
DA:428,0
DA:434,0
DA:440,0
DA:448,0
DA:450,0
DA:453,0
DA:463,0
DA:465,0
DA:473,0
DA:474,0
DA:478,0
DA:479,0
DA:483,0
DA:484,0
DA:487,0
DA:505,0
DA:507,0
DA:508,0
DA:516,0
DA:517,0
DA:522,0
DA:523,0
DA:531,0
DA:533,0
DA:540,0
DA:541,0
DA:544,0
DA:545,0
DA:555,0
DA:556,0
DA:559,0
DA:563,0
DA:570,0
DA:571,0
DA:576,7
LF:131
LH:8
BRDA:21,0,0,0
BRDA:21,0,1,0
BRDA:21,1,0,0
BRDA:21,1,1,0
BRDA:21,1,2,0
BRDA:36,2,0,0
BRDA:38,3,0,0
BRDA:45,4,0,0
BRDA:45,4,1,0
BRDA:94,5,0,0
BRDA:94,5,1,0
BRDA:94,6,0,0
BRDA:94,6,1,0
BRDA:120,7,0,0
BRDA:120,7,1,0
BRDA:193,8,0,0
BRDA:193,8,1,0
BRDA:208,9,0,0
BRDA:208,9,1,0
BRDA:244,10,0,0
BRDA:244,10,1,0
BRDA:270,11,0,0
BRDA:271,12,0,0
BRDA:271,13,0,0
BRDA:282,14,0,0
BRDA:282,14,1,0
BRDA:327,15,0,0
BRDA:330,16,0,0
BRDA:330,16,1,0
BRDA:337,17,0,0
BRDA:337,17,1,0
BRDA:342,18,0,0
BRDA:342,18,1,0
BRDA:343,19,0,0
BRDA:343,19,1,0
BRDA:346,20,0,0
BRDA:346,20,1,0
BRDA:354,21,0,0
BRDA:354,21,1,0
BRDA:369,22,0,0
BRDA:369,22,1,0
BRDA:396,23,0,0
BRDA:396,23,1,0
BRDA:396,24,0,0
BRDA:396,24,1,0
BRDA:398,25,0,0
BRDA:398,25,1,0
BRDA:401,26,0,0
BRDA:401,26,1,0
BRDA:405,27,0,0
BRDA:405,27,1,0
BRDA:407,28,0,0
BRDA:407,28,1,0
BRDA:421,29,0,0
BRDA:421,29,1,0
BRDA:422,30,0,0
BRDA:422,30,1,0
BRDA:427,31,0,0
BRDA:427,31,1,0
BRDA:478,32,0,0
BRDA:478,32,1,0
BRDA:483,33,0,0
BRDA:483,33,1,0
BRDA:483,34,0,0
BRDA:483,34,1,0
BRDA:507,35,0,0
BRDA:507,35,1,0
BRDA:540,36,0,0
BRDA:540,36,1,0
BRDA:555,37,0,0
BRDA:555,37,1,0
BRF:71
BRH:0
end_of_record
TN:
SF:src/services/email.service.js
FN:10,(anonymous_0)
FN:15,(anonymous_1)
FN:38,(anonymous_2)
FN:70,(anonymous_3)
FNF:4
FNH:2
FNDA:7,(anonymous_0)
FNDA:7,(anonymous_1)
FNDA:0,(anonymous_2)
FNDA:0,(anonymous_3)
DA:1,7
DA:2,7
DA:11,7
DA:12,7
DA:16,7
DA:17,0
DA:26,0
DA:28,7
DA:39,0
DA:40,0
DA:41,0
DA:47,0
DA:48,0
DA:50,0
DA:51,0
DA:55,0
DA:56,0
DA:57,0
DA:58,0
DA:59,0
DA:60,0
DA:61,0
DA:71,0
DA:73,0
DA:84,0
DA:88,7
LF:26
LH:7
BRDA:16,0,0,0
BRDA:16,0,1,7
BRDA:16,1,0,7
BRDA:16,1,1,0
BRDA:16,1,2,0
BRDA:19,2,0,0
BRDA:19,2,1,0
BRDA:39,3,0,0
BRDA:39,3,1,0
BRDA:42,4,0,0
BRDA:42,4,1,0
BRDA:71,5,0,0
BRDA:71,5,1,0
BRF:13
BRH:2
end_of_record
TN:
SF:src/services/feed.service.js
FN:15,createActivity
FN:33,getFeed
FN:44,(anonymous_2)
FNF:3
FNH:0
FNDA:0,createActivity
FNDA:0,getFeed
FNDA:0,(anonymous_2)
DA:6,7
DA:7,7
DA:16,0
DA:17,0
DA:25,0
DA:34,0
DA:35,0
DA:37,0
DA:39,0
DA:44,0
DA:48,0
DA:50,0
DA:51,0
DA:63,0
DA:89,0
DA:99,0
DA:100,0
DA:104,7
LF:18
LH:3
BRDA:15,0,0,0
BRDA:33,1,0,0
BRDA:34,2,0,0
BRDA:34,3,0,0
BRDA:50,4,0,0
BRDA:50,4,1,0
BRF:6
BRH:0
end_of_record
TN:
SF:src/services/gdpr.service.js
FN:19,(anonymous_0)
FN:158,(anonymous_1)
FN:171,(anonymous_2)
FN:175,(anonymous_3)
FN:181,(anonymous_4)
FN:188,(anonymous_5)
FN:193,(anonymous_6)
FN:197,(anonymous_7)
FN:205,(anonymous_8)
FN:212,(anonymous_9)
FN:214,(anonymous_10)
FN:228,(anonymous_11)
FN:246,(anonymous_12)
FN:283,(anonymous_13)
FN:321,(anonymous_14)
FNF:15
FNH:0
FNDA:0,(anonymous_0)
FNDA:0,(anonymous_1)
FNDA:0,(anonymous_2)
FNDA:0,(anonymous_3)
FNDA:0,(anonymous_4)
FNDA:0,(anonymous_5)
FNDA:0,(anonymous_6)
FNDA:0,(anonymous_7)
FNDA:0,(anonymous_8)
FNDA:0,(anonymous_9)
FNDA:0,(anonymous_10)
FNDA:0,(anonymous_11)
FNDA:0,(anonymous_12)
FNDA:0,(anonymous_13)
FNDA:0,(anonymous_14)
DA:1,7
DA:34,0
DA:138,0
DA:158,0
DA:171,0
DA:175,0
DA:181,0
DA:188,0
DA:193,0
DA:197,0
DA:205,0
DA:212,0
DA:214,0
DA:230,0
DA:235,0
DA:236,0
DA:239,0
DA:240,0
DA:241,0
DA:242,0
DA:246,0
DA:248,0
DA:254,0
DA:260,0
DA:271,0
DA:284,0
DA:288,0
DA:289,0
DA:293,0
DA:306,0
DA:307,0
DA:309,0
DA:322,0
DA:356,7
LF:34
LH:2
BRDA:213,0,0,0
BRDA:213,0,1,0
BRDA:235,1,0,0
BRDA:235,1,1,0
BRDA:241,2,0,0
BRDA:241,2,1,0
BRDA:288,3,0,0
BRDA:288,3,1,0
BRF:8
BRH:0
end_of_record
TN:
SF:src/services/googleAuth.service.js
FN:18,getGoogleAuthUrl
FN:48,getGoogleTokens
FN:79,getGoogleUserInfo
FN:102,findOrCreateGoogleUser
FN:176,generateJWT
FN:194,generateRefreshToken
FN:210,handleGoogleCallback
FN:259,handleGoogleMobileAuth
FNF:8
FNH:0
FNDA:0,getGoogleAuthUrl
FNDA:0,getGoogleTokens
FNDA:0,getGoogleUserInfo
FNDA:0,findOrCreateGoogleUser
FNDA:0,generateJWT
FNDA:0,generateRefreshToken
FNDA:0,handleGoogleCallback
FNDA:0,handleGoogleMobileAuth
DA:6,7
DA:7,7
DA:8,7
DA:9,7
DA:11,7
DA:19,0
DA:21,0
DA:33,0
DA:34,0
DA:37,0
DA:38,0
DA:39,0
DA:40,0
DA:49,0
DA:50,0
DA:52,0
DA:60,0
DA:66,0
DA:68,0
DA:69,0
DA:80,0
DA:81,0
DA:90,0
DA:92,0
DA:93,0
DA:103,0
DA:105,0
DA:106,0
DA:109,0
DA:111,0
DA:115,0
DA:117,0
DA:118,0
DA:119,0
DA:121,0
DA:122,0
DA:128,0
DA:132,0
DA:136,0
DA:138,0
DA:147,0
DA:151,0
DA:164,0
DA:166,0
DA:167,0
DA:177,0
DA:184,0
DA:195,0
DA:200,0
DA:211,0
DA:213,0
DA:214,0
DA:217,0
DA:220,0
DA:223,0
DA:224,0
DA:227,0
DA:235,0
DA:248,0
DA:249,0
DA:260,0
DA:262,0
DA:265,0
DA:268,0
DA:269,0
DA:272,0
DA:280,0
DA:294,0
DA:295,0
DA:299,7
LF:70
LH:6
BRDA:33,0,0,0
BRDA:33,0,1,0
BRDA:68,1,0,0
BRDA:68,1,1,0
BRDA:92,2,0,0
BRDA:92,2,1,0
BRDA:105,3,0,0
BRDA:105,3,1,0
BRDA:115,4,0,0
BRDA:115,4,1,0
BRDA:118,5,0,0
BRDA:118,5,1,0
BRDA:119,6,0,0
BRDA:119,6,1,0
BRDA:121,7,0,0
BRDA:121,7,1,0
BRDA:136,8,0,0
BRDA:136,8,1,0
BRDA:142,9,0,0
BRDA:142,9,1,0
BRF:20
BRH:0
end_of_record
TN:
SF:src/services/leaderboard.service.js
FN:13,getGlobalLeaderboard
FN:52,(anonymous_1)
FN:88,(anonymous_2)
FN:129,(anonymous_3)
FN:175,updateLeaderboardStats
FN:249,isSameDay
FN:255,isSameMonth
FN:260,isSameWeek
FN:274,getUserRank
FN:348,getTopPerformers
FN:390,getUserRanking
FN:429,getUserStats
FN:460,(anonymous_12)
FN:463,(anonymous_13)
FN:523,getLeaderboardAroundUser
FN:561,(anonymous_15)
FNF:16
FNH:0
FNDA:0,getGlobalLeaderboard
FNDA:0,(anonymous_1)
FNDA:0,(anonymous_2)
FNDA:0,(anonymous_3)
FNDA:0,updateLeaderboardStats
FNDA:0,isSameDay
FNDA:0,isSameMonth
FNDA:0,isSameWeek
FNDA:0,getUserRank
FNDA:0,getTopPerformers
FNDA:0,getUserRanking
FNDA:0,getUserStats
FNDA:0,(anonymous_12)
FNDA:0,(anonymous_13)
FNDA:0,getLeaderboardAroundUser
FNDA:0,(anonymous_15)
DA:6,7
DA:7,7
DA:8,7
DA:14,0
DA:15,0
DA:16,0
DA:19,0
DA:20,0
DA:21,0
DA:22,0
DA:25,0
DA:26,0
DA:27,0
DA:29,0
DA:31,0
DA:52,0
DA:63,0
DA:64,0
DA:67,0
DA:88,0
DA:99,0
DA:102,0
DA:107,0
DA:129,0
DA:147,0
DA:150,0
DA:163,0
DA:165,0
DA:167,0
DA:168,0
DA:176,0
DA:177,0
DA:179,0
DA:180,0
DA:181,0
DA:189,0
DA:190,0
DA:191,0
DA:192,0
DA:193,0
DA:194,0
DA:195,0
DA:196,0
DA:200,0
DA:201,0
DA:203,0
DA:205,0
DA:216,0
DA:218,0
DA:230,0
DA:241,0
DA:246,0
DA:250,0
DA:256,0
DA:262,0
DA:263,0
DA:265,0
DA:266,0
DA:268,0
DA:276,0
DA:277,0
DA:278,0
DA:279,0
DA:282,0
DA:284,0
DA:302,0
DA:304,0
DA:309,0
DA:320,0
DA:330,0
DA:336,0
DA:338,0
DA:340,0
DA:341,0
DA:350,0
DA:351,0
DA:352,0
DA:353,0
DA:356,0
DA:357,0
DA:379,0
DA:381,0
DA:383,0
DA:391,0
DA:392,0
DA:402,0
DA:403,0
DA:407,0
DA:415,0
DA:421,0
DA:422,0
DA:430,0
DA:432,0
DA:446,0
DA:452,0
DA:457,0
DA:458,0
DA:460,0
DA:461,0
DA:462,0
DA:463,0
DA:467,0
DA:468,0
DA:485,0
DA:486,0
DA:491,0
DA:499,0
DA:515,0
DA:516,0
DA:524,0
DA:526,0
DA:528,0
DA:533,0
DA:534,0
DA:539,0
DA:561,0
DA:573,0
DA:581,0
DA:593,0
DA:594,0
DA:598,7
LF:121
LH:4
BRDA:13,0,0,0
BRDA:13,1,0,0
BRDA:14,2,0,0
BRDA:14,3,0,0
BRDA:15,4,0,0
BRDA:19,5,0,0
BRDA:19,5,1,0
BRDA:21,6,0,0
BRDA:21,6,1,0
BRDA:29,7,0,0
BRDA:29,7,1,0
BRDA:29,8,0,0
BRDA:29,8,1,0
BRDA:54,9,0,0
BRDA:54,9,1,0
BRDA:54,9,2,0
BRDA:58,10,0,0
BRDA:58,10,1,0
BRDA:64,11,0,0
BRDA:64,11,1,0
BRDA:64,12,0,0
BRDA:64,12,1,0
BRDA:90,13,0,0
BRDA:90,13,1,0
BRDA:90,13,2,0
BRDA:94,14,0,0
BRDA:94,14,1,0
BRDA:104,15,0,0
BRDA:104,15,1,0
BRDA:131,16,0,0
BRDA:131,16,1,0
BRDA:190,17,0,0
BRDA:190,17,1,0
BRDA:191,18,0,0
BRDA:191,18,1,0
BRDA:193,19,0,0
BRDA:193,19,1,0
BRDA:195,20,0,0
BRDA:195,20,1,0
BRDA:203,21,0,0
BRDA:203,21,1,0
BRDA:213,22,0,0
BRDA:213,22,1,0
BRDA:216,23,0,0
BRDA:216,23,1,0
BRDA:224,24,0,0
BRDA:224,24,1,0
BRDA:236,25,0,0
BRDA:236,25,1,0
BRDA:250,26,0,0
BRDA:250,26,1,0
BRDA:250,26,2,0
BRDA:256,27,0,0
BRDA:256,27,1,0
BRDA:268,28,0,0
BRDA:268,28,1,0
BRDA:278,29,0,0
BRDA:278,29,1,0
BRDA:302,30,0,0
BRDA:302,30,1,0
BRDA:314,31,0,0
BRDA:314,31,1,0
BRDA:348,32,0,0
BRDA:352,33,0,0
BRDA:352,33,1,0
BRDA:390,34,0,0
BRDA:402,35,0,0
BRDA:402,35,1,0
BRDA:421,36,0,0
BRDA:421,36,1,0
BRDA:429,37,0,0
BRDA:436,38,0,0
BRDA:436,38,1,0
BRDA:461,39,0,0
BRDA:461,39,1,0
BRDA:467,40,0,0
BRDA:467,40,1,0
BRDA:469,41,0,0
BRDA:469,41,1,0
BRDA:475,42,0,0
BRDA:475,42,1,0
BRDA:486,43,0,0
BRDA:486,43,1,0
BRDA:494,44,0,0
BRDA:494,44,1,0
BRDA:500,45,0,0
BRDA:500,45,1,0
BRDA:523,46,0,0
BRDA:524,47,0,0
BRDA:524,48,0,0
BRDA:533,49,0,0
BRDA:533,49,1,0
BRDA:566,50,0,0
BRDA:566,50,1,0
BRDA:593,51,0,0
BRDA:593,51,1,0
BRF:96
BRH:0
end_of_record
TN:
SF:src/services/notification.service.js
FN:13,createNotification
FN:33,(anonymous_1)
FN:51,getUserNotifications
FN:91,markAsRead
FN:119,markAllAsRead
FN:138,deleteNotification
FNF:6
FNH:0
FNDA:0,createNotification
FNDA:0,(anonymous_1)
FNDA:0,getUserNotifications
FNDA:0,markAsRead
FNDA:0,markAllAsRead
FNDA:0,deleteNotification
DA:6,7
DA:7,7
DA:8,7
DA:14,0
DA:15,0
DA:25,0
DA:26,0
DA:33,0
DA:37,0
DA:41,0
DA:43,0
DA:44,0
DA:52,0
DA:53,0
DA:55,0
DA:56,0
DA:60,0
DA:61,0
DA:64,0
DA:74,0
DA:84,0
DA:92,0
DA:93,0
DA:100,0
DA:101,0
DA:104,0
DA:109,0
DA:111,0
DA:112,0
DA:120,0
DA:121,0
DA:129,0
DA:131,0
DA:139,0
DA:140,0
DA:147,0
DA:148,0
DA:151,0
DA:155,0
DA:157,0
DA:158,0
DA:162,7
LF:42
LH:4
BRDA:13,0,0,0
BRDA:13,1,0,0
BRDA:20,2,0,0
BRDA:20,2,1,0
BRDA:33,3,0,0
BRDA:33,3,1,0
BRDA:51,4,0,0
BRDA:52,5,0,0
BRDA:52,6,0,0
BRDA:52,7,0,0
BRDA:60,8,0,0
BRDA:60,8,1,0
BRDA:100,9,0,0
BRDA:100,9,1,0
BRDA:111,10,0,0
BRDA:111,10,1,0
BRDA:147,11,0,0
BRDA:147,11,1,0
BRDA:157,12,0,0
BRDA:157,12,1,0
BRF:20
BRH:0
end_of_record
TN:
SF:src/services/push-notification.service.js
FN:12,(anonymous_0)
FN:20,(anonymous_1)
FN:44,(anonymous_2)
FN:60,(anonymous_3)
FN:71,(anonymous_4)
FN:86,(anonymous_5)
FN:97,(anonymous_6)
FN:114,(anonymous_7)
FN:122,(anonymous_8)
FN:143,(anonymous_9)
FN:162,(anonymous_10)
FN:180,(anonymous_11)
FN:197,(anonymous_12)
FN:214,(anonymous_13)
FN:235,(anonymous_14)
FN:250,(anonymous_15)
FN:252,(anonymous_16)
FN:257,(anonymous_17)
FN:258,(anonymous_18)
FN:267,(anonymous_19)
FN:295,(anonymous_20)
FN:307,initPushNotifications
FNF:22
FNH:2
FNDA:7,(anonymous_0)
FNDA:7,(anonymous_1)
FNDA:0,(anonymous_2)
FNDA:0,(anonymous_3)
FNDA:0,(anonymous_4)
FNDA:0,(anonymous_5)
FNDA:0,(anonymous_6)
FNDA:0,(anonymous_7)
FNDA:0,(anonymous_8)
FNDA:0,(anonymous_9)
FNDA:0,(anonymous_10)
FNDA:0,(anonymous_11)
FNDA:0,(anonymous_12)
FNDA:0,(anonymous_13)
FNDA:0,(anonymous_14)
FNDA:0,(anonymous_15)
FNDA:0,(anonymous_16)
FNDA:0,(anonymous_17)
FNDA:0,(anonymous_18)
FNDA:0,(anonymous_19)
FNDA:0,(anonymous_20)
FNDA:0,initPushNotifications
DA:1,7
DA:2,7
DA:13,7
DA:14,7
DA:21,7
DA:23,7
DA:24,0
DA:25,0
DA:28,0
DA:29,0
DA:31,7
DA:34,0
DA:45,0
DA:61,0
DA:72,0
DA:77,0
DA:87,0
DA:88,0
DA:89,0
DA:92,0
DA:93,0
DA:94,0
DA:97,0
DA:99,0
DA:109,0
DA:110,0
DA:113,0
DA:114,0
DA:115,0
DA:116,0
DA:120,0
DA:121,0
DA:122,0
DA:126,0
DA:132,0
DA:133,0
DA:144,0
DA:163,0
DA:181,0
DA:198,0
DA:215,0
DA:219,0
DA:236,0
DA:251,0
DA:252,0
DA:255,0
DA:257,0
DA:258,0
DA:268,0
DA:269,0
DA:272,0
DA:281,0
DA:282,0
DA:283,0
DA:285,0
DA:286,0
DA:296,0
DA:298,0
DA:299,0
DA:301,0
DA:308,0
DA:309,0
DA:319,0
DA:322,0
DA:324,0
DA:328,7
DA:329,0
DA:332,7
LF:68
LH:9
BRDA:23,0,0,0
BRDA:23,0,1,7
BRDA:44,1,0,0
BRDA:87,2,0,0
BRDA:87,2,1,0
BRDA:93,3,0,0
BRDA:93,3,1,0
BRDA:105,4,0,0
BRDA:105,4,1,0
BRDA:115,5,0,0
BRDA:115,5,1,0
BRDA:120,6,0,0
BRDA:120,6,1,0
BRDA:214,7,0,0
BRDA:215,8,0,0
BRDA:215,8,1,0
BRDA:225,9,0,0
BRDA:225,9,1,0
BRDA:268,10,0,0
BRDA:268,10,1,0
BRDA:277,11,0,0
BRDA:277,11,1,0
BRDA:296,12,0,0
BRDA:296,12,1,0
BRDA:328,13,0,0
BRDA:328,13,1,7
BRF:26
BRH:2
end_of_record
TN:
SF:src/services/question.service.js
FN:13,createQuestion
FN:33,(anonymous_1)
FN:46,(anonymous_2)
FN:80,getQuestions
FN:163,getQuestionById
FN:214,updateQuestion
FN:258,deleteQuestion
FN:292,getRandomQuestions
FN:301,(anonymous_8)
FN:306,(anonymous_9)
FN:319,(anonymous_10)
FN:331,(anonymous_11)
FN:353,(anonymous_12)
FN:360,(anonymous_13)
FN:367,(anonymous_14)
FN:375,(anonymous_15)
FN:383,(anonymous_16)
FN:390,(anonymous_17)
FN:397,(anonymous_18)
FN:412,searchQuestions
FNF:20
FNH:0
FNDA:0,createQuestion
FNDA:0,(anonymous_1)
FNDA:0,(anonymous_2)
FNDA:0,getQuestions
FNDA:0,getQuestionById
FNDA:0,updateQuestion
FNDA:0,deleteQuestion
FNDA:0,getRandomQuestions
FNDA:0,(anonymous_8)
FNDA:0,(anonymous_9)
FNDA:0,(anonymous_10)
FNDA:0,(anonymous_11)
FNDA:0,(anonymous_12)
FNDA:0,(anonymous_13)
FNDA:0,(anonymous_14)
FNDA:0,(anonymous_15)
FNDA:0,(anonymous_16)
FNDA:0,(anonymous_17)
FNDA:0,(anonymous_18)
FNDA:0,searchQuestions
DA:6,7
DA:7,7
DA:8,7
DA:14,0
DA:25,0
DA:29,0
DA:30,0
DA:33,0
DA:35,0
DA:46,0
DA:68,0
DA:70,0
DA:72,0
DA:73,0
DA:81,0
DA:82,0
DA:83,0
DA:86,0
DA:87,0
DA:88,0
DA:89,0
DA:90,0
DA:94,0
DA:95,0
DA:99,0
DA:100,0
DA:107,0
DA:108,0
DA:112,0
DA:113,0
DA:116,0
DA:140,0
DA:151,0
DA:153,0
DA:155,0
DA:156,0
DA:164,0
DA:165,0
DA:166,0
DA:167,0
DA:170,0
DA:171,0
DA:192,0
DA:193,0
DA:197,0
DA:198,0
DA:199,0
DA:202,0
DA:204,0
DA:206,0
DA:207,0
DA:215,0
DA:217,0
DA:221,0
DA:222,0
DA:225,0
DA:226,0
DA:229,0
DA:230,0
DA:232,0
DA:236,0
DA:245,0
DA:246,0
DA:248,0
DA:250,0
DA:251,0
DA:259,0
DA:260,0
DA:264,0
DA:265,0
DA:268,0
DA:269,0
DA:273,0
DA:279,0
DA:280,0
DA:282,0
DA:284,0
DA:285,0
DA:293,0
DA:294,0
DA:297,0
DA:298,0
DA:299,0
DA:301,0
DA:306,0
DA:309,0
DA:314,0
DA:315,0
DA:319,0
DA:320,0
DA:321,0
DA:322,0
DA:323,0
DA:325,0
DA:327,0
DA:328,0
DA:331,0
DA:332,0
DA:333,0
DA:334,0
DA:335,0
DA:336,0
DA:348,0
DA:349,0
DA:350,0
DA:352,0
DA:353,0
DA:354,0
DA:355,0
DA:359,0
DA:360,0
DA:361,0
DA:366,0
DA:367,0
DA:368,0
DA:369,0
DA:373,0
DA:374,0
DA:375,0
DA:376,0
DA:380,0
DA:382,0
DA:383,0
DA:384,0
DA:385,0
DA:389,0
DA:390,0
DA:391,0
DA:396,0
DA:397,0
DA:398,0
DA:399,0
DA:402,0
DA:404,0
DA:405,0
DA:413,0
DA:414,0
DA:415,0
DA:417,0
DA:418,0
DA:420,0
DA:421,0
DA:427,0
DA:428,0
DA:435,0
DA:437,0
DA:450,0
DA:460,0
DA:464,7
LF:149
LH:4
BRDA:23,0,0,0
BRDA:24,1,0,0
BRDA:29,2,0,0
BRDA:29,2,1,0
BRDA:30,3,0,0
BRDA:30,3,1,0
BRDA:80,4,0,0
BRDA:80,5,0,0
BRDA:82,6,0,0
BRDA:82,7,0,0
BRDA:86,8,0,0
BRDA:86,8,1,0
BRDA:86,9,0,0
BRDA:86,9,1,0
BRDA:86,10,0,0
BRDA:86,10,1,0
BRDA:87,11,0,0
BRDA:87,11,1,0
BRDA:89,12,0,0
BRDA:89,12,1,0
BRDA:99,13,0,0
BRDA:99,13,1,0
BRDA:107,14,0,0
BRDA:107,14,1,0
BRDA:112,15,0,0
BRDA:112,15,1,0
BRDA:163,16,0,0
BRDA:163,17,0,0
BRDA:166,18,0,0
BRDA:166,18,1,0
BRDA:192,19,0,0
BRDA:192,19,1,0
BRDA:197,20,0,0
BRDA:197,20,1,0
BRDA:206,21,0,0
BRDA:206,21,1,0
BRDA:221,22,0,0
BRDA:221,22,1,0
BRDA:225,23,0,0
BRDA:225,23,1,0
BRDA:232,24,0,0
BRDA:232,24,1,0
BRDA:250,25,0,0
BRDA:250,25,1,0
BRDA:264,26,0,0
BRDA:264,26,1,0
BRDA:268,27,0,0
BRDA:268,27,1,0
BRDA:284,28,0,0
BRDA:284,28,1,0
BRDA:292,29,0,0
BRDA:292,30,0,0
BRDA:292,31,0,0
BRDA:298,32,0,0
BRDA:298,32,1,0
BRDA:298,33,0,0
BRDA:298,33,1,0
BRDA:314,34,0,0
BRDA:314,34,1,0
BRDA:321,35,0,0
BRDA:321,35,1,0
BRDA:321,36,0,0
BRDA:321,36,1,0
BRDA:322,37,0,0
BRDA:322,37,1,0
BRDA:333,38,0,0
BRDA:333,38,1,0
BRDA:348,39,0,0
BRDA:348,39,1,0
BRDA:350,40,0,0
BRDA:350,40,1,0
BRDA:359,41,0,0
BRDA:359,41,1,0
BRDA:373,42,0,0
BRDA:373,42,1,0
BRDA:380,43,0,0
BRDA:380,43,1,0
BRDA:389,44,0,0
BRDA:389,44,1,0
BRDA:412,45,0,0
BRDA:412,46,0,0
BRDA:414,47,0,0
BRDA:414,48,0,0
BRDA:420,49,0,0
BRDA:420,49,1,0
BRDA:427,50,0,0
BRDA:427,50,1,0
BRDA:435,51,0,0
BRDA:435,51,1,0
BRF:89
BRH:0
end_of_record
TN:
SF:src/services/questionSet.service.js
FN:14,(anonymous_0)
FN:35,(anonymous_1)
FN:71,(anonymous_2)
FN:123,(anonymous_3)
FN:164,(anonymous_4)
FN:180,(anonymous_5)
FN:234,(anonymous_6)
FN:260,(anonymous_7)
FN:300,(anonymous_8)
FN:316,(anonymous_9)
FN:326,(anonymous_10)
FN:355,(anonymous_11)
FN:373,(anonymous_12)
FN:383,(anonymous_13)
FN:428,(anonymous_14)
FN:430,(anonymous_15)
FNF:16
FNH:0
FNDA:0,(anonymous_0)
FNDA:0,(anonymous_1)
FNDA:0,(anonymous_2)
FNDA:0,(anonymous_3)
FNDA:0,(anonymous_4)
FNDA:0,(anonymous_5)
FNDA:0,(anonymous_6)
FNDA:0,(anonymous_7)
FNDA:0,(anonymous_8)
FNDA:0,(anonymous_9)
FNDA:0,(anonymous_10)
FNDA:0,(anonymous_11)
FNDA:0,(anonymous_12)
FNDA:0,(anonymous_13)
FNDA:0,(anonymous_14)
FNDA:0,(anonymous_15)
DA:1,7
DA:2,7
DA:3,7
DA:15,0
DA:18,0
DA:25,0
DA:26,0
DA:29,0
DA:35,0
DA:53,0
DA:54,0
DA:55,0
DA:61,0
DA:65,0
DA:72,0
DA:89,0
DA:90,0
DA:94,0
DA:95,0
DA:99,0
DA:113,0
DA:124,0
DA:126,0
DA:129,0
DA:130,0
DA:133,0
DA:140,0
DA:141,0
DA:144,0
DA:163,0
DA:164,0
DA:181,0
DA:185,0
DA:186,0
DA:190,0
DA:191,0
DA:194,0
DA:197,0
DA:198,0
DA:205,0
DA:206,0
DA:210,0
DA:228,0
DA:235,0
DA:239,0
DA:240,0
DA:244,0
DA:245,0
DA:249,0
DA:254,0
DA:261,0
DA:265,0
DA:266,0
DA:269,0
DA:270,0
DA:274,0
DA:278,0
DA:279,0
DA:283,0
DA:284,0
DA:291,0
DA:294,0
DA:301,0
DA:305,0
DA:306,0
DA:309,0
DA:310,0
DA:313,0
DA:316,0
DA:320,0
DA:327,0
DA:331,0
DA:332,0
DA:336,0
DA:337,0
DA:340,0
DA:349,0
DA:357,0
DA:373,0
DA:384,0
DA:387,0
DA:388,0
DA:392,0
DA:397,0
DA:398,0
DA:402,0
DA:409,0
DA:411,0
DA:412,0
DA:415,0
DA:416,0
DA:422,0
DA:428,0
DA:429,0
DA:430,0
DA:433,0
DA:440,0
DA:443,0
DA:452,0
DA:456,7
LF:100
LH:4
BRDA:15,0,0,0
BRDA:25,1,0,0
BRDA:25,1,1,0
BRDA:53,2,0,0
BRDA:53,2,1,0
BRDA:89,3,0,0
BRDA:89,3,1,0
BRDA:94,4,0,0
BRDA:94,4,1,0
BRDA:94,5,0,0
BRDA:94,5,1,0
BRDA:123,6,0,0
BRDA:124,7,0,0
BRDA:124,8,0,0
BRDA:129,9,0,0
BRDA:129,9,1,0
BRDA:140,10,0,0
BRDA:140,10,1,0
BRDA:185,11,0,0
BRDA:185,11,1,0
BRDA:190,12,0,0
BRDA:190,12,1,0
BRDA:197,13,0,0
BRDA:197,13,1,0
BRDA:205,14,0,0
BRDA:205,14,1,0
BRDA:213,15,0,0
BRDA:213,15,1,0
BRDA:214,16,0,0
BRDA:214,16,1,0
BRDA:215,17,0,0
BRDA:215,17,1,0
BRDA:239,18,0,0
BRDA:239,18,1,0
BRDA:244,19,0,0
BRDA:244,19,1,0
BRDA:265,20,0,0
BRDA:265,20,1,0
BRDA:269,21,0,0
BRDA:269,21,1,0
BRDA:278,22,0,0
BRDA:278,22,1,0
BRDA:278,23,0,0
BRDA:278,23,1,0
BRDA:283,24,0,0
BRDA:283,24,1,0
BRDA:305,25,0,0
BRDA:305,25,1,0
BRDA:309,26,0,0
BRDA:309,26,1,0
BRDA:331,27,0,0
BRDA:331,27,1,0
BRDA:336,28,0,0
BRDA:336,28,1,0
BRDA:336,29,0,0
BRDA:336,29,1,0
BRDA:342,30,0,0
BRDA:342,30,1,0
BRDA:355,31,0,0
BRDA:384,32,0,0
BRDA:387,33,0,0
BRDA:387,33,1,0
BRDA:397,34,0,0
BRDA:397,34,1,0
BRDA:411,35,0,0
BRDA:411,35,1,0
BRDA:415,36,0,0
BRDA:415,36,1,0
BRDA:440,37,0,0
BRDA:440,37,1,0
BRDA:441,38,0,0
BRDA:441,38,1,0
BRDA:441,39,0,0
BRDA:441,39,1,0
BRF:74
BRH:0
end_of_record
TN:
SF:src/services/recommendation.service.js
FN:26,(anonymous_0)
FN:43,(anonymous_1)
FN:64,(anonymous_2)
FN:69,(anonymous_3)
FN:70,(anonymous_4)
FN:77,(anonymous_5)
FN:78,(anonymous_6)
FN:79,(anonymous_7)
FN:132,(anonymous_8)
FN:133,(anonymous_9)
FN:145,(anonymous_10)
FN:166,(anonymous_11)
FN:167,(anonymous_12)
FN:168,(anonymous_13)
FN:176,(anonymous_14)
FN:198,(anonymous_15)
FN:199,(anonymous_16)
FN:200,(anonymous_17)
FN:212,(anonymous_18)
FN:214,(anonymous_19)
FN:225,(anonymous_20)
FN:236,(anonymous_21)
FN:236,(anonymous_22)
FN:257,(anonymous_23)
FN:261,(anonymous_24)
FN:277,(anonymous_25)
FNF:26
FNH:0
FNDA:0,(anonymous_0)
FNDA:0,(anonymous_1)
FNDA:0,(anonymous_2)
FNDA:0,(anonymous_3)
FNDA:0,(anonymous_4)
FNDA:0,(anonymous_5)
FNDA:0,(anonymous_6)
FNDA:0,(anonymous_7)
FNDA:0,(anonymous_8)
FNDA:0,(anonymous_9)
FNDA:0,(anonymous_10)
FNDA:0,(anonymous_11)
FNDA:0,(anonymous_12)
FNDA:0,(anonymous_13)
FNDA:0,(anonymous_14)
FNDA:0,(anonymous_15)
FNDA:0,(anonymous_16)
FNDA:0,(anonymous_17)
FNDA:0,(anonymous_18)
FNDA:0,(anonymous_19)
FNDA:0,(anonymous_20)
FNDA:0,(anonymous_21)
FNDA:0,(anonymous_22)
FNDA:0,(anonymous_23)
FNDA:0,(anonymous_24)
FNDA:0,(anonymous_25)
DA:1,7
DA:28,0
DA:39,0
DA:40,0
DA:43,0
DA:44,0
DA:47,0
DA:64,0
DA:65,0
DA:66,0
DA:69,0
DA:70,0
DA:71,0
DA:72,0
DA:73,0
DA:77,0
DA:78,0
DA:79,0
DA:80,0
DA:81,0
DA:82,0
DA:86,0
DA:87,0
DA:88,0
DA:89,0
DA:90,0
DA:94,0
DA:95,0
DA:96,0
DA:97,0
DA:98,0
DA:102,0
DA:103,0
DA:104,0
DA:108,0
DA:109,0
DA:110,0
DA:113,0
DA:131,0
DA:132,0
DA:133,0
DA:136,0
DA:147,0
DA:165,0
DA:166,0
DA:167,0
DA:168,0
DA:169,0
DA:175,0
DA:176,0
DA:179,0
DA:197,0
DA:198,0
DA:199,0
DA:200,0
DA:201,0
DA:202,0
DA:203,0
DA:204,0
DA:211,0
DA:212,0
DA:214,0
DA:216,0
DA:226,0
DA:232,0
DA:236,0
DA:239,0
DA:257,0
DA:258,0
DA:261,0
DA:262,0
DA:263,0
DA:266,0
DA:267,0
DA:268,0
DA:271,0
DA:273,0
DA:276,0
DA:277,0
DA:282,7
LF:80
LH:2
BRDA:26,0,0,0
BRDA:39,1,0,0
BRDA:39,1,1,0
BRDA:71,2,0,0
BRDA:71,2,1,0
BRDA:73,3,0,0
BRDA:73,3,1,0
BRDA:80,4,0,0
BRDA:80,4,1,0
BRDA:82,5,0,0
BRDA:82,5,1,0
BRDA:88,6,0,0
BRDA:88,6,1,0
BRDA:95,7,0,0
BRDA:95,7,1,0
BRDA:96,8,0,0
BRDA:96,8,1,0
BRDA:102,9,0,0
BRDA:102,9,1,0
BRDA:108,10,0,0
BRDA:108,10,1,0
BRDA:145,11,0,0
BRDA:201,12,0,0
BRDA:201,12,1,0
BRDA:202,13,0,0
BRDA:202,13,1,0
BRDA:225,14,0,0
BRDA:262,15,0,0
BRDA:262,15,1,0
BRDA:266,16,0,0
BRDA:266,16,1,0
BRDA:266,17,0,0
BRDA:266,17,1,0
BRF:33
BRH:0
end_of_record
TN:
SF:src/services/report.service.js
FN:12,createReport
FN:43,getAllReports
FN:86,updateReportStatus
FN:102,getUserReports
FNF:4
FNH:0
FNDA:0,createReport
FNDA:0,getAllReports
FNDA:0,updateReportStatus
FNDA:0,getUserReports
DA:6,7
DA:7,7
DA:13,0
DA:14,0
DA:16,0
DA:34,0
DA:36,0
DA:44,0
DA:45,0
DA:47,0
DA:48,0
DA:49,0
DA:51,0
DA:69,0
DA:79,0
DA:87,0
DA:88,0
DA:93,0
DA:95,0
DA:103,0
DA:104,0
DA:106,0
DA:107,0
DA:119,0
DA:129,0
DA:133,7
LF:26
LH:3
BRDA:21,0,0,0
BRDA:21,0,1,0
BRDA:43,1,0,0
BRDA:44,2,0,0
BRDA:44,3,0,0
BRDA:49,4,0,0
BRDA:49,4,1,0
BRDA:102,5,0,0
BRDA:103,6,0,0
BRDA:103,7,0,0
BRF:10
BRH:0
end_of_record
TN:
SF:src/services/spectator.service.js
FN:15,(anonymous_0)
FN:27,(anonymous_1)
FN:92,(anonymous_2)
FN:93,(anonymous_3)
FN:109,(anonymous_4)
FN:122,(anonymous_5)
FN:149,(anonymous_6)
FN:177,(anonymous_7)
FN:190,(anonymous_8)
FN:204,(anonymous_9)
FN:226,(anonymous_10)
FNF:11
FNH:1
FNDA:7,(anonymous_0)
FNDA:0,(anonymous_1)
FNDA:0,(anonymous_2)
FNDA:0,(anonymous_3)
FNDA:0,(anonymous_4)
FNDA:0,(anonymous_5)
FNDA:0,(anonymous_6)
FNDA:0,(anonymous_7)
FNDA:0,(anonymous_8)
FNDA:0,(anonymous_9)
FNDA:0,(anonymous_10)
DA:1,7
DA:16,7
DA:17,7
DA:29,0
DA:59,0
DA:60,0
DA:63,0
DA:64,0
DA:68,0
DA:69,0
DA:73,0
DA:74,0
DA:85,0
DA:86,0
DA:89,0
DA:92,0
DA:93,0
DA:95,0
DA:109,0
DA:123,0
DA:124,0
DA:126,0
DA:127,0
DA:129,0
DA:130,0
DA:133,0
DA:134,0
DA:138,0
DA:150,0
DA:151,0
DA:154,0
DA:155,0
DA:159,0
DA:161,0
DA:178,0
DA:190,0
DA:205,0
DA:206,0
DA:208,0
DA:209,0
DA:219,0
DA:227,0
DA:230,0
DA:231,0
DA:232,0
DA:238,7
LF:46
LH:4
BRDA:59,0,0,0
BRDA:59,0,1,0
BRDA:63,1,0,0
BRDA:63,1,1,0
BRDA:63,2,0,0
BRDA:63,2,1,0
BRDA:68,3,0,0
BRDA:68,3,1,0
BRDA:68,4,0,0
BRDA:68,4,1,0
BRDA:73,5,0,0
BRDA:73,5,1,0
BRDA:92,6,0,0
BRDA:92,6,1,0
BRDA:93,7,0,0
BRDA:93,7,1,0
BRDA:124,8,0,0
BRDA:124,8,1,0
BRDA:129,9,0,0
BRDA:129,9,1,0
BRDA:133,10,0,0
BRDA:133,10,1,0
BRDA:151,11,0,0
BRDA:151,11,1,0
BRDA:154,12,0,0
BRDA:154,12,1,0
BRDA:155,13,0,0
BRDA:155,13,1,0
BRDA:177,14,0,0
BRDA:195,15,0,0
BRDA:195,15,1,0
BRDA:206,16,0,0
BRDA:206,16,1,0
BRDA:231,17,0,0
BRDA:231,17,1,0
BRF:35
BRH:0
end_of_record
TN:
SF:src/services/topic.service.js
FN:13,(anonymous_0)
FN:44,(anonymous_1)
FN:65,(anonymous_2)
FN:89,(anonymous_3)
FN:120,(anonymous_4)
FN:155,(anonymous_5)
FN:177,(anonymous_6)
FN:203,(anonymous_7)
FN:226,(anonymous_8)
FN:247,(anonymous_9)
FN:251,(anonymous_10)
FN:252,(anonymous_11)
FNF:12
FNH:0
FNDA:0,(anonymous_0)
FNDA:0,(anonymous_1)
FNDA:0,(anonymous_2)
FNDA:0,(anonymous_3)
FNDA:0,(anonymous_4)
FNDA:0,(anonymous_5)
FNDA:0,(anonymous_6)
FNDA:0,(anonymous_7)
FNDA:0,(anonymous_8)
FNDA:0,(anonymous_9)
FNDA:0,(anonymous_10)
FNDA:0,(anonymous_11)
DA:1,7
DA:2,7
DA:14,0
DA:17,0
DA:18,0
DA:19,0
DA:20,0
DA:24,0
DA:29,0
DA:38,0
DA:45,0
DA:47,0
DA:55,0
DA:56,0
DA:59,0
DA:66,0
DA:79,0
DA:80,0
DA:83,0
DA:90,0
DA:93,0
DA:94,0
DA:98,0
DA:99,0
DA:100,0
DA:101,0
DA:105,0
DA:114,0
DA:122,0
DA:131,0
DA:132,0
DA:135,0
DA:136,0
DA:140,0
DA:145,0
DA:149,0
DA:156,0
DA:157,0
DA:159,0
DA:160,0
DA:165,0
DA:167,0
DA:168,0
DA:171,0
DA:178,0
DA:193,0
DA:194,0
DA:197,0
DA:204,0
DA:220,0
DA:227,0
DA:241,0
DA:248,0
DA:250,0
DA:251,0
DA:253,0
DA:257,0
DA:260,0
DA:264,7
LF:59
LH:3
BRDA:17,0,0,0
BRDA:17,0,1,0
BRDA:19,1,0,0
BRDA:19,1,1,0
BRDA:44,2,0,0
BRDA:45,3,0,0
BRDA:55,4,0,0
BRDA:55,4,1,0
BRDA:79,5,0,0
BRDA:79,5,1,0
BRDA:93,6,0,0
BRDA:93,6,1,0
BRDA:98,7,0,0
BRDA:98,7,1,0
BRDA:100,8,0,0
BRDA:100,8,1,0
BRDA:131,9,0,0
BRDA:131,9,1,0
BRDA:135,10,0,0
BRDA:135,10,1,0
BRDA:165,11,0,0
BRDA:165,11,1,0
BRDA:193,12,0,0
BRDA:193,12,1,0
BRDA:226,13,0,0
BRDA:247,14,0,0
BRF:26
BRH:0
end_of_record
TN:
SF:src/services/user.service.js
FN:14,getAllUsers
FN:65,(anonymous_1)
FN:105,getUserProfile
FN:172,updateStreak
FN:230,updateProfile
FN:263,followUser
FN:338,sendFollowRequestNotification
FN:379,acceptFollowRequest
FN:477,declineFollowRequest
FN:521,getPendingFollowRequests
FN:558,(anonymous_10)
FN:561,(anonymous_11)
FN:578,unfollowUser
FN:601,getFollowStatus
FN:632,getFollowers
FN:666,(anonymous_15)
FN:682,getFollowing
FN:716,(anonymous_17)
FN:732,searchUsers
FN:798,addXp
FN:843,uploadAvatar
FN:898,deleteAvatar
FN:925,updateUserProfile
FNF:23
FNH:0
FNDA:0,getAllUsers
FNDA:0,(anonymous_1)
FNDA:0,getUserProfile
FNDA:0,updateStreak
FNDA:0,updateProfile
FNDA:0,followUser
FNDA:0,sendFollowRequestNotification
FNDA:0,acceptFollowRequest
FNDA:0,declineFollowRequest
FNDA:0,getPendingFollowRequests
FNDA:0,(anonymous_10)
FNDA:0,(anonymous_11)
FNDA:0,unfollowUser
FNDA:0,getFollowStatus
FNDA:0,getFollowers
FNDA:0,(anonymous_15)
FNDA:0,getFollowing
FNDA:0,(anonymous_17)
FNDA:0,searchUsers
FNDA:0,addXp
FNDA:0,uploadAvatar
FNDA:0,deleteAvatar
FNDA:0,updateUserProfile
DA:6,7
DA:7,7
DA:8,7
DA:9,7
DA:15,0
DA:17,0
DA:18,0
DA:19,0
DA:21,0
DA:22,0
DA:29,0
DA:30,0
DA:33,0
DA:34,0
DA:35,0
DA:36,0
DA:37,0
DA:40,0
DA:65,0
DA:66,0
DA:78,0
DA:87,0
DA:97,0
DA:98,0
DA:106,0
DA:108,0
DA:110,0
DA:137,0
DA:138,0
DA:141,0
DA:142,0
DA:143,0
DA:144,0
DA:152,0
DA:153,0
DA:154,0
DA:158,0
DA:164,0
DA:165,0
DA:173,0
DA:174,0
DA:179,0
DA:181,0
DA:182,0
DA:184,0
DA:185,0
DA:187,0
DA:189,0
DA:190,0
DA:194,0
DA:195,0
DA:197,0
DA:198,0
DA:200,0
DA:202,0
DA:203,0
DA:204,0
DA:206,0
DA:208,0
DA:213,0
DA:222,0
DA:231,0
DA:232,0
DA:234,0
DA:235,0
DA:236,0
DA:237,0
DA:239,0
DA:253,0
DA:255,0
DA:256,0
DA:264,0
DA:265,0
DA:267,0
DA:268,0
DA:272,0
DA:277,0
DA:278,0
DA:281,0
DA:288,0
DA:289,0
DA:290,0
DA:291,0
DA:292,0
DA:293,0
DA:294,0
DA:296,0
DA:301,0
DA:303,0
DA:304,0
DA:309,0
DA:317,0
DA:325,0
DA:327,0
DA:329,0
DA:330,0
DA:331,0
DA:339,0
DA:340,0
DA:346,0
DA:360,0
DA:361,0
DA:362,0
DA:363,0
DA:369,0
DA:372,0
DA:380,0
DA:381,0
DA:389,0
DA:390,0
DA:394,0
DA:400,0
DA:402,0
DA:411,0
DA:413,0
DA:414,0
DA:418,0
DA:422,0
DA:429,0
DA:432,0
DA:436,0
DA:439,0
DA:444,0
DA:454,0
DA:455,0
DA:456,0
DA:457,0
DA:463,0
DA:466,0
DA:468,0
DA:469,0
DA:470,0
DA:478,0
DA:479,0
DA:487,0
DA:488,0
DA:492,0
DA:498,0
DA:499,0
DA:500,0
DA:501,0
DA:507,0
DA:510,0
DA:512,0
DA:513,0
DA:514,0
DA:522,0
DA:523,0
DA:525,0
DA:526,0
DA:528,0
DA:557,0
DA:558,0
DA:560,0
DA:561,0
DA:570,0
DA:571,0
DA:579,0
DA:580,0
DA:587,0
DA:588,0
DA:591,0
DA:593,0
DA:594,0
DA:602,0
DA:603,0
DA:610,0
DA:611,0
DA:614,0
DA:615,0
DA:618,0
DA:619,0
DA:622,0
DA:624,0
DA:625,0
DA:633,0
DA:634,0
DA:636,0
DA:637,0
DA:665,0
DA:666,0
DA:675,0
DA:683,0
DA:684,0
DA:686,0
DA:687,0
DA:715,0
DA:716,0
DA:725,0
DA:733,0
DA:734,0
DA:736,0
DA:737,0
DA:754,0
DA:781,0
DA:791,0
DA:799,0
DA:800,0
DA:805,0
DA:807,0
DA:809,0
DA:811,0
DA:815,0
DA:816,0
DA:819,0
DA:820,0
DA:825,0
DA:829,0
DA:834,0
DA:836,0
DA:844,0
DA:845,0
DA:846,0
DA:854,0
DA:855,0
DA:859,0
DA:865,0
DA:866,0
DA:867,0
DA:868,0
DA:869,0
DA:870,0
DA:872,0
DA:878,0
DA:879,0
DA:880,0
DA:883,0
DA:888,0
DA:890,0
DA:891,0
DA:899,0
DA:900,0
DA:905,0
DA:906,0
DA:907,0
DA:908,0
DA:912,0
DA:917,0
DA:918,0
DA:926,0
DA:927,0
DA:928,0
DA:930,0
DA:931,0
DA:932,0
DA:934,0
DA:940,0
DA:941,0
DA:943,0
DA:947,0
DA:948,0
DA:949,0
DA:950,0
DA:952,0
DA:955,0
DA:972,0
DA:974,0
DA:975,0
DA:976,0
DA:980,7
LF:260
LH:5
BRDA:14,0,0,0
BRDA:14,1,0,0
BRDA:14,2,0,0
BRDA:14,3,0,0
BRDA:17,4,0,0
BRDA:17,4,1,0
BRDA:21,5,0,0
BRDA:21,5,1,0
BRDA:29,6,0,0
BRDA:29,6,1,0
BRDA:34,7,0,0
BRDA:34,7,1,0
BRDA:36,8,0,0
BRDA:36,8,1,0
BRDA:81,9,0,0
BRDA:81,9,1,0
BRDA:105,10,0,0
BRDA:137,11,0,0
BRDA:137,11,1,0
BRDA:143,12,0,0
BRDA:143,12,1,0
BRDA:143,13,0,0
BRDA:143,13,1,0
BRDA:152,14,0,0
BRDA:152,14,1,0
BRDA:164,15,0,0
BRDA:164,15,1,0
BRDA:179,16,0,0
BRDA:179,16,1,0
BRDA:182,17,0,0
BRDA:182,17,1,0
BRDA:187,18,0,0
BRDA:187,18,1,0
BRDA:200,19,0,0
BRDA:200,19,1,0
BRDA:203,20,0,0
BRDA:203,20,1,0
BRDA:206,21,0,0
BRDA:206,21,1,0
BRDA:235,22,0,0
BRDA:235,22,1,0
BRDA:236,23,0,0
BRDA:236,23,1,0
BRDA:237,24,0,0
BRDA:237,24,1,0
BRDA:255,25,0,0
BRDA:255,25,1,0
BRDA:267,26,0,0
BRDA:267,26,1,0
BRDA:277,27,0,0
BRDA:277,27,1,0
BRDA:288,28,0,0
BRDA:288,28,1,0
BRDA:290,29,0,0
BRDA:290,29,1,0
BRDA:292,30,0,0
BRDA:292,30,1,0
BRDA:294,31,0,0
BRDA:294,31,1,0
BRDA:329,32,0,0
BRDA:329,32,1,0
BRDA:350,33,0,0
BRDA:350,33,1,0
BRDA:365,34,0,0
BRDA:365,34,1,0
BRDA:389,35,0,0
BRDA:389,35,1,0
BRDA:411,36,0,0
BRDA:411,36,1,0
BRDA:413,37,0,0
BRDA:413,37,1,0
BRDA:448,38,0,0
BRDA:448,38,1,0
BRDA:459,39,0,0
BRDA:459,39,1,0
BRDA:468,40,0,0
BRDA:468,40,1,0
BRDA:487,41,0,0
BRDA:487,41,1,0
BRDA:512,42,0,0
BRDA:512,42,1,0
BRDA:521,43,0,0
BRDA:522,44,0,0
BRDA:522,45,0,0
BRDA:587,46,0,0
BRDA:587,46,1,0
BRDA:593,47,0,0
BRDA:593,47,1,0
BRDA:610,48,0,0
BRDA:610,48,1,0
BRDA:614,49,0,0
BRDA:614,49,1,0
BRDA:618,50,0,0
BRDA:618,50,1,0
BRDA:632,51,0,0
BRDA:633,52,0,0
BRDA:633,53,0,0
BRDA:682,54,0,0
BRDA:683,55,0,0
BRDA:683,56,0,0
BRDA:732,57,0,0
BRDA:733,58,0,0
BRDA:733,59,0,0
BRDA:805,60,0,0
BRDA:805,60,1,0
BRDA:815,61,0,0
BRDA:815,61,1,0
BRDA:854,62,0,0
BRDA:854,62,1,0
BRDA:865,63,0,0
BRDA:865,63,1,0
BRDA:867,64,0,0
BRDA:867,64,1,0
BRDA:905,65,0,0
BRDA:905,65,1,0
BRDA:907,66,0,0
BRDA:907,66,1,0
BRDA:930,67,0,0
BRDA:930,67,1,0
BRDA:931,68,0,0
BRDA:931,68,1,0
BRDA:932,69,0,0
BRDA:932,69,1,0
BRDA:940,70,0,0
BRDA:940,70,1,0
BRDA:947,71,0,0
BRDA:947,71,1,0
BRDA:950,72,0,0
BRDA:950,72,1,0
BRDA:974,73,0,0
BRDA:974,73,1,0
BRF:131
BRH:0
end_of_record
TN:
SF:src/utils/response.js
FN:14,successResponse
FN:33,errorResponse
FN:55,paginatedResponse
FN:73,validationErrorResponse
FN:83,notFoundResponse
FN:93,unauthorizedResponse
FN:103,forbiddenResponse
FN:114,createdResponse
FN:125,updatedResponse
FN:135,deletedResponse
FN:146,calculatePagination
FNF:11
FNH:2
FNDA:0,successResponse
FNDA:3,errorResponse
FNDA:0,paginatedResponse
FNDA:0,validationErrorResponse
FNDA:0,notFoundResponse
FNDA:1,unauthorizedResponse
FNDA:0,forbiddenResponse
FNDA:0,createdResponse
FNDA:0,updatedResponse
FNDA:0,deletedResponse
FNDA:0,calculatePagination
DA:15,0
DA:22,0
DA:34,3
DA:40,3
DA:41,0
DA:44,3
DA:56,0
DA:64,0
DA:74,0
DA:84,0
DA:94,1
DA:104,0
DA:115,0
DA:126,0
DA:136,0
DA:147,0
DA:148,0
DA:149,0
DA:151,0
DA:163,8
LF:20
LH:5
BRDA:14,0,0,0
BRDA:14,1,0,0
BRDA:33,2,0,0
BRDA:33,3,0,3
BRDA:40,4,0,0
BRDA:40,4,1,3
BRDA:55,5,0,0
BRDA:83,6,0,0
BRDA:93,7,0,0
BRDA:103,8,0,0
BRDA:114,9,0,0
BRDA:125,10,0,0
BRDA:135,11,0,0
BRDA:158,12,0,0
BRDA:158,12,1,0
BRDA:159,13,0,0
BRDA:159,13,1,0
BRF:17
BRH:2
end_of_record
TN:
SF:src/utils/token.js
FN:15,generateAccessToken
FN:28,generateRefreshToken
FN:47,verifyAccessToken
FN:64,verifyRefreshToken
FN:81,generateTokenPair
FN:98,decodeToken
FN:112,isTokenExpired
FNF:7
FNH:7
FNDA:5,generateAccessToken
FNDA:5,generateRefreshToken
FNDA:3,verifyAccessToken
FNDA:3,verifyRefreshToken
FNDA:3,generateTokenPair
FNDA:1,decodeToken
FNDA:2,isTokenExpired
DA:6,9
DA:7,9
DA:8,9
DA:16,5
DA:30,5
DA:35,5
DA:48,3
DA:49,3
DA:54,1
DA:55,1
DA:65,3
DA:66,3
DA:71,1
DA:72,1
DA:82,3
DA:83,3
DA:85,3
DA:99,1
DA:100,1
DA:102,0
DA:103,0
DA:113,2
DA:114,2
DA:115,2
DA:116,1
DA:119,1
DA:120,1
DA:122,0
DA:126,9
LF:29
LH:26
BRDA:115,0,0,1
BRDA:115,0,1,1
BRDA:115,1,0,2
BRDA:115,1,1,1
BRF:4
BRH:4
end_of_record
TN:
SF:src/utils/validators.js
FN:14,(anonymous_0)
FN:239,sanitizeInput
FN:255,isValidEmail
FN:265,isValidUUID
FNF:4
FNH:1
FNDA:3,(anonymous_0)
FNDA:0,sanitizeInput
FNDA:0,isValidEmail
FNDA:0,isValidUUID
DA:6,7
DA:14,7
DA:15,3
DA:16,3
DA:17,1
DA:23,2
DA:27,7
DA:72,7
DA:133,7
DA:149,7
DA:175,7
DA:214,7
DA:240,0
DA:241,0
DA:244,0
DA:256,0
DA:257,0
DA:266,0
DA:267,0
DA:270,7
LF:20
LH:13
BRDA:16,0,0,1
BRDA:16,0,1,2
BRDA:240,1,0,0
BRDA:240,1,1,0
BRF:4
BRH:2
end_of_record
